---
layout: post
title: 查询转换的HINT（中）
date: 2015-06-29
categories: oracle优化
tags: [oracle优化]
description: 优化基础。
---

此篇博文为查询转换HINT系列的中篇，主要介绍一下NO_EXPAND和USE_CONCAT，这两个HINT虽然从名字来看不如上篇介绍的“MERGE”和“NO_MERGE”那样一眼就能看出是相反作用的HINT，但是其实他俩也是是互为相反作用的HINT。


## NO_EXPAND


NO_EXPAND通知优化器不要将在where子句中的or语句或者in列表进行OR的展开。通常下，优化器如果认为成本更低的时候会考虑用OR展开的方式，简单说就是将or和in展开成多个语句进行查询后将结果联结起来。例如：

```sql

SQL> SELECT /*+ NO_EXPAND */ *
  2    FROM employees e, departments d
  3    WHERE e.manager_id = 108
  4       OR d.department_id = 110;
 
Execution Plan
----------------------------------------------------------
Plan hash value: 2968905875
 
----------------------------------------------------------------------------------
| Id  | Operation          | Name        | Rows  | Bytes | Cost (%CPU)| Time     |
----------------------------------------------------------------------------------
|   0 | SELECT STATEMENT   |             |   237 | 22041 |    41   (0)| 00:00:01 |
|   1 |  NESTED LOOPS      |             |   237 | 22041 |    41   (0)| 00:00:01 |
|   2 |   TABLE ACCESS FULL| DEPARTMENTS |    27 |   567 |     3   (0)| 00:00:01 |
|*  3 |   TABLE ACCESS FULL| EMPLOYEES   |     9 |   648 |     1   (0)| 00:00:01 |
----------------------------------------------------------------------------------
 
Predicate Information (identified by operation id):
---------------------------------------------------
 
   3 - filter("E"."MANAGER_ID"=108 OR "D"."DEPARTMENT_ID"=110)
   
```
   
如上，oracle没有进行or展开，而选择了将两个表进行关联然后在关联过程中进行过滤的方式。下面展示一下去掉hint的执行计划的样子：

```sql

SQL> conn hr/hr
Connected.
SQL> set lines 300 pages 2000
SQL> set autot trace exp
SQL> SELECT  *
  2      FROM employees e, departments d
  3      WHERE e.manager_id = 108
  4         OR d.department_id = 110;
 
Execution Plan
----------------------------------------------------------
Plan hash value: 3123135571
 
------------------------------------------------------------------------------------------------
| Id  | Operation                     | Name           | Rows  | Bytes | Cost (%CPU)| Time     |
------------------------------------------------------------------------------------------------
|   0 | SELECT STATEMENT              |                |   237 | 22041 |    15   (0)| 00:00:01 |
|   1 |  CONCATENATION                |                |       |       |            |          |
|   2 |   NESTED LOOPS                |                |   107 |  9951 |     4   (0)| 00:00:01 |
|   3 |    TABLE ACCESS BY INDEX ROWID| DEPARTMENTS    |     1 |    21 |     1   (0)| 00:00:01 |
|*  4 |     INDEX UNIQUE SCAN         | DEPT_ID_PK     |     1 |       |     0   (0)| 00:00:01 |
|   5 |    TABLE ACCESS FULL          | EMPLOYEES      |   107 |  7704 |     3   (0)| 00:00:01 |
|   6 |   MERGE JOIN CARTESIAN        |                |   130 | 12090 |    11   (0)| 00:00:01 |
|   7 |    TABLE ACCESS BY INDEX ROWID| EMPLOYEES      |     5 |   360 |     2   (0)| 00:00:01 |
|*  8 |     INDEX RANGE SCAN          | EMP_MANAGER_IX |     5 |       |     1   (0)| 00:00:01 |
|   9 |    BUFFER SORT                |                |    26 |   546 |     9   (0)| 00:00:01 |
|* 10 |     TABLE ACCESS FULL         | DEPARTMENTS    |    26 |   546 |     2   (0)| 00:00:01 |
------------------------------------------------------------------------------------------------
 
Predicate Information (identified by operation id):
---------------------------------------------------
 
   4 - access("D"."DEPARTMENT_ID"=110)
   8 - access("E"."MANAGER_ID"=108)
  10 - filter(LNNVL("D"."DEPARTMENT_ID"=110))
  
```

如上执行计划，注意ID=1的地方，关键字CONCATENATION就是代表这个SQL语句使用了or展开方式处理的where中的or子句。



## USE_CONCAT


USE_CONCAT通知优化器将WHERE字句中的or条件用UNION ALL操作转换为一个复合查询。不使用这个USE_CONCAT的话，类似这种转换只会发生在连接的成本比不用连接要低的情况。而USE_CONCAT会覆盖掉成本考虑，例如：

```sql

SQL> SELECT  *
  2    FROM employees e
  3    WHERE manager_id = 108
  4       OR department_id = 110;
 
Execution Plan
----------------------------------------------------------
Plan hash value: 1445457117
 
-------------------------------------------------------------------------------
| Id  | Operation         | Name      | Rows  | Bytes | Cost (%CPU)| Time     |
-------------------------------------------------------------------------------
|   0 | SELECT STATEMENT  |           |     6 |   432 |     3   (0)| 00:00:01 |
|*  1 |  TABLE ACCESS FULL| EMPLOYEES |     6 |   432 |     3   (0)| 00:00:01 |
-------------------------------------------------------------------------------
 
Predicate Information (identified by operation id):
---------------------------------------------------
 
   1 - filter("MANAGER_ID"=108 OR "DEPARTMENT_ID"=110)

```
   
在不添加hint的时候，oracle会进行全表扫描然后根据where的条件进行过滤。下面添加USE_CONCAT

```sql

SQL> SELECT /*+ USE_CONCAT */ *
  2    FROM employees e
  3    WHERE manager_id = 108
  4       OR department_id = 110;
 
Execution Plan
----------------------------------------------------------
Plan hash value: 29580963
 
--------------------------------------------------------------------------------------------------
| Id  | Operation                    | Name              | Rows  | Bytes | Cost (%CPU)| Time     |
--------------------------------------------------------------------------------------------------
|   0 | SELECT STATEMENT             |                   |     7 |   504 |     4   (0)| 00:00:01 |
|   1 |  CONCATENATION               |                   |       |       |            |          |
|   2 |   TABLE ACCESS BY INDEX ROWID| EMPLOYEES         |     2 |   144 |     2   (0)| 00:00:01 |
|*  3 |    INDEX RANGE SCAN          | EMP_DEPARTMENT_IX |     2 |       |     1   (0)| 00:00:01 |
|*  4 |   TABLE ACCESS BY INDEX ROWID| EMPLOYEES         |     5 |   360 |     2   (0)| 00:00:01 |
|*  5 |    INDEX RANGE SCAN          | EMP_MANAGER_IX    |     5 |       |     1   (0)| 00:00:01 |
--------------------------------------------------------------------------------------------------
 
Predicate Information (identified by operation id):
---------------------------------------------------
 
   3 - access("DEPARTMENT_ID"=110)
   4 - filter(LNNVL("DEPARTMENT_ID"=110))
   5 - access("MANAGER_ID"=108)
   
```
   
添加USE_CONCAT之后，注意ID=1的地方，CONCATENATION关键字代表ORACLE进行了or展开。
下面的例子尝试了多表关联的情况下hint的位置和效果，配合之前的NO_EXPAND一起看一下效果。

```sql

SQL> SELECT /*+ use_concat*/
  2  employee_id,department_id
  3    from (select e.employee_id,d.department_id
  4            FROM employees e, departments d
  5           WHERE e.manager_id = 108
  6              OR d.department_id = 110) a
  7   where rownum < 3;
 
Execution Plan
----------------------------------------------------------
Plan hash value: 2739510030
 
--------------------------------------------------------------------------------------------------
| Id  | Operation                       | Name           | Rows  | Bytes | Cost (%CPU)| Time     |
--------------------------------------------------------------------------------------------------
|   0 | SELECT STATEMENT                |                |     2 |    24 |     4   (0)| 00:00:01 |
|*  1 |  COUNT STOPKEY                  |                |       |       |            |          |
|   2 |   CONCATENATION                 |                |       |       |            |          |
|*  3 |    FILTER                       |                |       |       |            |          |
|   4 |     NESTED LOOPS                |                |     2 |    24 |     2   (0)| 00:00:01 |
|*  5 |      INDEX UNIQUE SCAN          | DEPT_ID_PK     |     1 |     4 |     0   (0)| 00:00:01 |
|   6 |      TABLE ACCESS FULL          | EMPLOYEES      |     2 |    16 |     2   (0)| 00:00:01 |
|*  7 |    FILTER                       |                |       |       |            |          |
|   8 |     NESTED LOOPS                |                |     3 |    36 |     2   (0)| 00:00:01 |
|   9 |      NESTED LOOPS               |                |     3 |    36 |     2   (0)| 00:00:01 |
|* 10 |       INDEX FULL SCAN           | DEPT_ID_PK     |     1 |     4 |     1   (0)| 00:00:01 |
|* 11 |       INDEX RANGE SCAN          | EMP_MANAGER_IX |     3 |       |     0   (0)| 00:00:01 |
|  12 |      TABLE ACCESS BY INDEX ROWID| EMPLOYEES      |     3 |    24 |     1   (0)| 00:00:01 |
--------------------------------------------------------------------------------------------------
 
Predicate Information (identified by operation id):
---------------------------------------------------
 
   1 - filter(ROWNUM<3)
   3 - filter(ROWNUM<3)
   5 - access("D"."DEPARTMENT_ID"=110)
   7 - filter(ROWNUM<3)
  10 - filter(LNNVL("D"."DEPARTMENT_ID"=110))
  11 - access("E"."MANAGER_ID"=108)
 
 
 
SQL> SELECT /*+ no_expand*/
  2  employee_id,department_id
  3    from (select e.employee_id,d.department_id
  4            FROM employees e, departments d
  5           WHERE e.manager_id = 108
  6              OR d.department_id = 110) a
  7   where rownum < 3;
 
Execution Plan
----------------------------------------------------------
Plan hash value: 2878776006
 
----------------------------------------------------------------------------------
| Id  | Operation           | Name       | Rows  | Bytes | Cost (%CPU)| Time     |
----------------------------------------------------------------------------------
|   0 | SELECT STATEMENT    |            |     1 |    12 |     3   (0)| 00:00:01 |
|*  1 |  COUNT STOPKEY      |            |       |       |            |          |
|   2 |   NESTED LOOPS      |            |     1 |    12 |     3   (0)| 00:00:01 |
|   3 |    TABLE ACCESS FULL| EMPLOYEES  |     1 |     8 |     2   (0)| 00:00:01 |
|*  4 |    INDEX FULL SCAN  | DEPT_ID_PK |     1 |     4 |     1   (0)| 00:00:01 |
----------------------------------------------------------------------------------
 
Predicate Information (identified by operation id):
---------------------------------------------------
 
   1 - filter(ROWNUM<3)
   4 - filter("E"."MANAGER_ID"=108 OR "D"."DEPARTMENT_ID"=110)

```
   
以上的同样的查询语句使用了两个不同的HINT（USE_CONCAT和NO_EXPAND），执行计划完全不同，这里面发生了谓词推入，将外层查询的where rownum<3推入到内层查询中（执行计划中count stopkey关键字所表示的filter部分），不过涉及谓词推入这里就暂不研究了,之后的博文会进行介绍讲解。这种情况是将hint加在外层循环中的情况，下面将这两个hint加到内层循环中，看一下执行计划：

```sql

SQL> SELECT 
  2  employee_id,department_id
  3    from (select /*+ no_expand*/e.employee_id,d.department_id
  4            FROM employees e, departments d
  5           WHERE e.manager_id = 108
  6              OR d.department_id = 110) a
  7   where rownum < 3;
 
Execution Plan
----------------------------------------------------------
Plan hash value: 2878776006
 
----------------------------------------------------------------------------------
| Id  | Operation           | Name       | Rows  | Bytes | Cost (%CPU)| Time     |
----------------------------------------------------------------------------------
|   0 | SELECT STATEMENT    |            |     1 |    12 |     3   (0)| 00:00:01 |
|*  1 |  COUNT STOPKEY      |            |       |       |            |          |
|   2 |   NESTED LOOPS      |            |     1 |    12 |     3   (0)| 00:00:01 |
|   3 |    TABLE ACCESS FULL| EMPLOYEES  |     1 |     8 |     2   (0)| 00:00:01 |
|*  4 |    INDEX FULL SCAN  | DEPT_ID_PK |     1 |     4 |     1   (0)| 00:00:01 |
----------------------------------------------------------------------------------
 
Predicate Information (identified by operation id):
---------------------------------------------------
 
   1 - filter(ROWNUM<3)
   4 - filter("E"."MANAGER_ID"=108 OR "D"."DEPARTMENT_ID"=110)
 
 
 
 
SQL> SELECT 
  2  employee_id,department_id
  3    from (select /*+ use_concat*/e.employee_id,d.department_id
  4            FROM employees e, departments d
  5           WHERE e.manager_id = 108
  6              OR d.department_id = 110) a
  7   where rownum < 3;
 
Execution Plan
----------------------------------------------------------
Plan hash value: 2739510030
 
--------------------------------------------------------------------------------------------------
| Id  | Operation                       | Name           | Rows  | Bytes | Cost (%CPU)| Time     |
--------------------------------------------------------------------------------------------------
|   0 | SELECT STATEMENT                |                |     2 |    24 |     4   (0)| 00:00:01 |
|*  1 |  COUNT STOPKEY                  |                |       |       |            |          |
|   2 |   CONCATENATION                 |                |       |       |            |          |
|*  3 |    FILTER                       |                |       |       |            |          |
|   4 |     NESTED LOOPS                |                |     2 |    24 |     2   (0)| 00:00:01 |
|*  5 |      INDEX UNIQUE SCAN          | DEPT_ID_PK     |     1 |     4 |     0   (0)| 00:00:01 |
|   6 |      TABLE ACCESS FULL          | EMPLOYEES      |     2 |    16 |     2   (0)| 00:00:01 |
|*  7 |    FILTER                       |                |       |       |            |          |
|   8 |     NESTED LOOPS                |                |     3 |    36 |     2   (0)| 00:00:01 |
|   9 |      NESTED LOOPS               |                |     3 |    36 |     2   (0)| 00:00:01 |
|* 10 |       INDEX FULL SCAN           | DEPT_ID_PK     |     1 |     4 |     1   (0)| 00:00:01 |
|* 11 |       INDEX RANGE SCAN          | EMP_MANAGER_IX |     3 |       |     0   (0)| 00:00:01 |
|  12 |      TABLE ACCESS BY INDEX ROWID| EMPLOYEES      |     3 |    24 |     1   (0)| 00:00:01 |
--------------------------------------------------------------------------------------------------
 
Predicate Information (identified by operation id):
---------------------------------------------------
 
   1 - filter(ROWNUM<3)
   3 - filter(ROWNUM<3)
   5 - access("D"."DEPARTMENT_ID"=110)
   7 - filter(ROWNUM<3)
  10 - filter(LNNVL("D"."DEPARTMENT_ID"=110))
  11 - access("E"."MANAGER_ID"=108)
  
```
  
现在，添加hint禁止谓词推入，在看这两个hint的执行计划：

```sql

SQL> SELECT /*+no_merge(a)*/
  2  employee_id,department_id
  3    from (select /*+no_expand*/e.employee_id,d.department_id
  4            FROM employees e, departments d
  5           WHERE e.manager_id = 108
  6              OR d.department_id = 110) a
  7   where rownum < 3;
 
Execution Plan
----------------------------------------------------------
Plan hash value: 1020086988
 
-----------------------------------------------------------------------------------
| Id  | Operation            | Name       | Rows  | Bytes | Cost (%CPU)| Time     |
-----------------------------------------------------------------------------------
|   0 | SELECT STATEMENT     |            |     1 |    26 |     3   (0)| 00:00:01 |
|*  1 |  COUNT STOPKEY       |            |       |       |            |          |
|   2 |   VIEW               |            |     1 |    26 |     3   (0)| 00:00:01 |
|   3 |    NESTED LOOPS      |            |     1 |    12 |     3   (0)| 00:00:01 |
|   4 |     TABLE ACCESS FULL| EMPLOYEES  |     1 |     8 |     2   (0)| 00:00:01 |
|*  5 |     INDEX FULL SCAN  | DEPT_ID_PK |     1 |     4 |     1   (0)| 00:00:01 |
-----------------------------------------------------------------------------------
 
Predicate Information (identified by operation id):
---------------------------------------------------
 
   1 - filter(ROWNUM<3)
   5 - filter("E"."MANAGER_ID"=108 OR "D"."DEPARTMENT_ID"=110)
 
 
 
 
SQL> SELECT /*+no_merge(a)*/
  2  employee_id,department_id
  3    from (select /*+use_concat*/e.employee_id,d.department_id
  4            FROM employees e, departments d
  5           WHERE e.manager_id = 108
  6              OR d.department_id = 110) a
  7   where rownum < 3;
 
Execution Plan
----------------------------------------------------------
Plan hash value: 13103107
 
--------------------------------------------------------------------------------------------------
| Id  | Operation                       | Name           | Rows  | Bytes | Cost (%CPU)| Time     |
--------------------------------------------------------------------------------------------------
|   0 | SELECT STATEMENT                |                |     2 |    52 |     4   (0)| 00:00:01 |
|*  1 |  COUNT STOPKEY                  |                |       |       |            |          |
|   2 |   VIEW                          |                |     2 |    52 |     4   (0)| 00:00:01 |
|   3 |    CONCATENATION                |                |       |       |            |          |
|   4 |     NESTED LOOPS                |                |     2 |    24 |     2   (0)| 00:00:01 |
|*  5 |      INDEX UNIQUE SCAN          | DEPT_ID_PK     |     1 |     4 |     0   (0)| 00:00:01 |
|   6 |      TABLE ACCESS FULL          | EMPLOYEES      |     2 |    16 |     2   (0)| 00:00:01 |
|   7 |     NESTED LOOPS                |                |     3 |    36 |     2   (0)| 00:00:01 |
|   8 |      NESTED LOOPS               |                |     3 |    36 |     2   (0)| 00:00:01 |
|*  9 |       INDEX FULL SCAN           | DEPT_ID_PK     |     1 |     4 |     1   (0)| 00:00:01 |
|* 10 |       INDEX RANGE SCAN          | EMP_MANAGER_IX |     3 |       |     0   (0)| 00:00:01 |
|  11 |      TABLE ACCESS BY INDEX ROWID| EMPLOYEES      |     3 |    24 |     1   (0)| 00:00:01 |
--------------------------------------------------------------------------------------------------
 
Predicate Information (identified by operation id):
---------------------------------------------------
 
   1 - filter(ROWNUM<3)
   5 - access("D"."DEPARTMENT_ID"=110)
   9 - filter(LNNVL("D"."DEPARTMENT_ID"=110))
  10 - access("E"."MANAGER_ID"=108)
  
```
  
这里有个情况需要注意一下，如下：

```sql

SQL> conn hr/hr
Connected.
SQL> set lines 300 pages 1000
SQL> set autot trace exp
SQL> SELECT /*+ use_concat  no_merge(a)*/
  2  employee_id,department_id
  3    from (select e.employee_id,d.department_id
  4            FROM employees e, departments d
  5           WHERE e.manager_id = 108
  6              OR d.department_id = 110) a
  7   where rownum < 3;
 
Execution Plan
----------------------------------------------------------
Plan hash value: 1020086988
 
-----------------------------------------------------------------------------------
| Id  | Operation            | Name       | Rows  | Bytes | Cost (%CPU)| Time     |
-----------------------------------------------------------------------------------
|   0 | SELECT STATEMENT     |            |     1 |    26 |     3   (0)| 00:00:01 |
|*  1 |  COUNT STOPKEY       |            |       |       |            |          |
|   2 |   VIEW               |            |     1 |    26 |     3   (0)| 00:00:01 |
|   3 |    NESTED LOOPS      |            |     1 |    12 |     3   (0)| 00:00:01 |
|   4 |     TABLE ACCESS FULL| EMPLOYEES  |     1 |     8 |     2   (0)| 00:00:01 |
|*  5 |     INDEX FULL SCAN  | DEPT_ID_PK |     1 |     4 |     1   (0)| 00:00:01 |
-----------------------------------------------------------------------------------
 
Predicate Information (identified by operation id):
---------------------------------------------------
 
   1 - filter(ROWNUM<3)
   5 - filter("E"."MANAGER_ID"=108 OR "D"."DEPARTMENT_ID"=110)
 
 
 
SQL> SELECT /*+ use_concat(@qb_1)  no_merge(a)*/
  2  employee_id,department_id
  3    from (select /*+qb_name(qb_1)*/e.employee_id,d.department_id
  4            FROM employees e, departments d
  5           WHERE e.manager_id = 108
  6              OR d.department_id = 110) a
  7   where rownum < 3;
 
Execution Plan
----------------------------------------------------------
Plan hash value: 13103107
 
--------------------------------------------------------------------------------------------------
| Id  | Operation                       | Name           | Rows  | Bytes | Cost (%CPU)| Time     |
--------------------------------------------------------------------------------------------------
|   0 | SELECT STATEMENT                |                |     2 |    52 |     4   (0)| 00:00:01 |
|*  1 |  COUNT STOPKEY                  |                |       |       |            |          |
|   2 |   VIEW                          |                |     2 |    52 |     4   (0)| 00:00:01 |
|   3 |    CONCATENATION                |                |       |       |            |          |
|   4 |     NESTED LOOPS                |                |     2 |    24 |     2   (0)| 00:00:01 |
|*  5 |      INDEX UNIQUE SCAN          | DEPT_ID_PK     |     1 |     4 |     0   (0)| 00:00:01 |
|   6 |      TABLE ACCESS FULL          | EMPLOYEES      |     2 |    16 |     2   (0)| 00:00:01 |
|   7 |     NESTED LOOPS                |                |     3 |    36 |     2   (0)| 00:00:01 |
|   8 |      NESTED LOOPS               |                |     3 |    36 |     2   (0)| 00:00:01 |
|*  9 |       INDEX FULL SCAN           | DEPT_ID_PK     |     1 |     4 |     1   (0)| 00:00:01 |
|* 10 |       INDEX RANGE SCAN          | EMP_MANAGER_IX |     3 |       |     0   (0)| 00:00:01 |
|  11 |      TABLE ACCESS BY INDEX ROWID| EMPLOYEES      |     3 |    24 |     1   (0)| 00:00:01 |
--------------------------------------------------------------------------------------------------
 
Predicate Information (identified by operation id):
---------------------------------------------------
 
   1 - filter(ROWNUM<3)
   5 - access("D"."DEPARTMENT_ID"=110)
   9 - filter(LNNVL("D"."DEPARTMENT_ID"=110))
  10 - access("E"."MANAGER_ID"=108)
  
```
  
如上，在外层循环中使用类似USE_CONCAT这种指定某个查询块的hint的时候，是需要指定QB_NAME的，这也正是语法树里面的正规写法，但是很多情况下hint中的QB_NAME都省略掉了，这里建议规范的使用HINT，最好按照语法去写。这样的hint才会一直保持生效，关于QB_NAME会在后面的博文中进行介绍讲解，请童鞋们继续关注我的blog，嘿嘿~



![小w](https://wx2.sinaimg.cn/mw1024/891ecf4fly1fr361nvrcnj207w07sad7.jpg)

###### 博文内容为小w原创，部分内容引用自官方资料，如转载请注明出处。^_^

###### 感谢关注w的小站，本小站将不定期(完全看心情～)更新分享技术知识，欢迎阅读，网址：www.itwwb.com
