---
layout: post
title: 访问路径的HINT（上）
date: 2015-3-4
categories: oracle优化
tags: [oracle优化,oracle基础知识]
description: 优化基础。
---
 
访问路径的HINT比较多，分为三个部分进行介绍，这里是第一部分，博文中只列出OLTP中常用的HINT，类似cluster等很少使用的HINT将不进行讲解，感兴趣的请自行goole，嘿嘿...

## 访问路径的HINT（上）

### FULL
![full](https://docs.oracle.com/cd/E11882_01/server.112/e41084/img/full_hint.gif)

FULL这个HINt会通知优化器对指定的表执行全表扫描，例如：

```sql
SELECT /*+ FULL(e) */ employee_id, last_name
  FROM hr.employees e
  WHERE last_name LIKE :b1;
  
PLAN_TABLE_OUTPUT
---------------------------------------------------------
Plan hash value: 1445457117

-------------------------------------------------------------------------------
| Id  | Operation         | Name      | Rows  | Bytes | Cost (%CPU)| Time     |
-------------------------------------------------------------------------------
|   0 | SELECT STATEMENT  |           |     5 |    60 |     3   (0)| 00:00:01 |
|*  1 |  TABLE ACCESS FULL| EMPLOYEES |     5 |    60 |     3   (0)| 00:00:01 |
-------------------------------------------------------------------------------

Predicate Information (identified by operation id):
---------------------------------------------------

   1 - filter("LAST_NAME" LIKE :B1)
```





 
### To be continued...

![小w](https://wx2.sinaimg.cn/mw1024/891ecf4fly1fr361nvrcnj207w07sad7.jpg)
###### 博文内容为小w原创，部分引用自官方文档，如转载请注明出处。^_^
###### 感谢关注w的小站，本小站将不定期(完全看心情～)更新分享技术知识，欢迎阅读，网址：www.itwwb.com
