---
layout: post
title: 其他HINT（二）
date: 2015-08-11
categories: oracle优化
tags: [oracle优化]
description: 优化基础。
---

经过前面的一系列博文，对于ORACLE的HINT常用的基本HINT有了大体的了解，下面介绍一些其他种类的HINT，由于比较多，可能会慢慢更新，大概四五篇会写完吧，看情况，嘿嘿~

此篇博文是系列第二篇，主要介绍CACHE、NOCACHE、CURSOR_SHARING_EXACT和DRIVING_SITE，并简单介绍了一下CURSOR_SHARING参数~

## CACHE 

![cache](https://docs.oracle.com/cd/E11882_01/server.112/e41084/img/cache_hint.gif)

CACHE通知优化器在全表扫描的时候将表检索的块放到数据缓冲区（buffer cache）中的LRU（Least Recently Used 近期最少使用算法）链表的最近最多的末尾。这个hint对小型查找表很有用。
在下面的例子中，CACHE覆盖了表的默认cache属性。

```sql

SELECT /*+ FULL (hr_emp) CACHE(hr_emp) */ last_name
  FROM employees hr_emp;

```

CACHE和NOCACHE影响系统的统计表扫描(长表)和表扫描(短表)，如数据字典视图 V$SYSSTAT 所示。


## NOCACHE 

![nocache](https://docs.oracle.com/cd/E11882_01/server.112/e41084/img/nocache_hint.gif)

NOCACHE通知优化器在全表扫描的时候将表检索的块放到数据缓冲区（buffer cache）中的LRU（Least Recently Used 近期最少使用算法）链表的最近最少的末尾。这是数据缓冲区中块的通常行为，例如：

```sql

SELECT /*+ FULL(hr_emp) NOCACHE(hr_emp) */ last_name
  FROM employees hr_emp;

```

CACHE和NOCACHE影响系统的统计表扫描(长表)和表扫描(短表)，如数据字典视图 V$SYSSTAT 所示。



## CURSOR_SHARING_EXACT

![cursor_sharing_exact](https://docs.oracle.com/cd/E11882_01/server.112/e41084/img/cursor_sharing_exact_hint.gif)

Oracle可以用绑定变量替换SQL语句中的文本，当这么做是安全的时候。这种替换受CURSOR_SHARING初始化参数控制。CURSOR_SHARING_EXACT这个hint通知优化器将这种行为关掉。当指定这个hint的时候，Oracle在执SQL语句的时候不会尝试用绑定变量替换SQL语句中的文本。

```sql

SQL> show parameter cursor_sharing
 
NAME                 TYPE        VALUE
-------------------- ----------- -----------
cursor_sharing       string      EXACT

```


### CURSOR_SHARING 参数解释

Property       |Description                       
:--------------|:-----------------------------------------
Parameter type |String                            
Syntax         |CURSOR_SHARING = { EXACT &#124; FORCE }
Default value  |EXACT                             
Modifiable     |ALTER SESSION, ALTER SYSTEM       
Basic          |No                                

CURSOR_SHARING决定SQL文本以哪种形式共享相同的游标。

Values:

- FORCE：如果共享一个已存在的游标或者游标的计划不是最优的，那么允许新游标的创建。
- EXACT：只允许完全一样的文本共享相同的游标。


如果你设置了CURSOR_SHRING，除非你是在DSS环境，否则Oracle建议使用FORCE设置。

CURSOR_SHARING参数的值会影响性能，设置这个参数之前要参见官方文档 《Oracle Database Performance Tuning Guide》中相关描述。 

## DRIVING_SITE

![driving_site](https://docs.oracle.com/cd/E11882_01/server.112/e41084/img/driving_site_hint.gif)

DRIVING_SITE通知优化器不在数据库自己选择的站点（数据库）而在另一个不同的站点（数据库）执行查询。如果使用分布式查询优化的话这个hint是很有用的。
例如：

```sql

SQL> create public database link wwb connect to hr identified by hr using 'wwb';
 
Database link created.
 
SQL> set autot trace
SQL> set lines 300 pages 1000
SQL> SELECT  *
  2    FROM hr.employees, hr.departments@wwb
  WHERE employees.department_id = departments.department_id;
  3  
106 rows selected.
 
 
Execution Plan
----------------------------------------------------------
Plan hash value: 3845486069
 
--------------------------------------------------------------------------------------------------
| Id  | Operation          | Name        | Rows  | Bytes | Cost (%CPU)| Time     | Inst   |IN-OUT|
--------------------------------------------------------------------------------------------------
|   0 | SELECT STATEMENT   |             |   106 |  9858 |     6   (0)| 00:00:01 |        |      |
|*  1 |  HASH JOIN         |             |   106 |  9858 |     6   (0)| 00:00:01 |        |      |
|   2 |   REMOTE           | DEPARTMENTS |    27 |   567 |     3   (0)| 00:00:01 |    WWB | R->S |
|   3 |   TABLE ACCESS FULL| EMPLOYEES   |   107 |  7704 |     3   (0)| 00:00:01 |        |      |
--------------------------------------------------------------------------------------------------
 
Predicate Information (identified by operation id):
---------------------------------------------------
 
   1 - access("EMPLOYEES"."DEPARTMENT_ID"="DEPARTMENTS"."DEPARTMENT_ID")
 
Remote SQL Information (identified by operation id):
----------------------------------------------------
 
   2 - SELECT "DEPARTMENT_ID","DEPARTMENT_NAME","MANAGER_ID","LOCATION_ID" FROM
       "HR"."DEPARTMENTS" "DEPARTMENTS" (accessing 'WWB' )
 
 
 
SQL> SELECT  /*+ DRIVING_SITE(departments) */*
  2    FROM hr.employees, hr.departments@wwb
  3    WHERE employees.department_id = departments.department_id;
 
106 rows selected.
 
 
Execution Plan
----------------------------------------------------------
Plan hash value: 789073441
 
------------------------------------------------------------------------------------------------------------
| Id  | Operation                    | Name        | Rows  | Bytes | Cost (%CPU)| Time     | Inst   |IN-OUT|
------------------------------------------------------------------------------------------------------------
|   0 | SELECT STATEMENT REMOTE      |             |   106 | 10070 |     6  (17)| 00:00:01 |        |      |
|   1 |  MERGE JOIN                  |             |   106 | 10070 |     6  (17)| 00:00:01 |        |      |
|   2 |   TABLE ACCESS BY INDEX ROWID| DEPARTMENTS |    27 |   567 |     2   (0)| 00:00:01 |  WWBDB |      |
|   3 |    INDEX FULL SCAN           | DEPT_ID_PK  |    27 |       |     1   (0)| 00:00:01 |  WWBDB |      |
|*  4 |   SORT JOIN                  |             |   107 |  7918 |     4  (25)| 00:00:01 |        |      |
|   5 |    REMOTE                    | EMPLOYEES   |   107 |  7918 |     3   (0)| 00:00:01 |      ! | R->S |
------------------------------------------------------------------------------------------------------------
 
Predicate Information (identified by operation id):
---------------------------------------------------
 
   4 - access("A2"."DEPARTMENT_ID"="A1"."DEPARTMENT_ID")
       filter("A2"."DEPARTMENT_ID"="A1"."DEPARTMENT_ID")
 
Remote SQL Information (identified by operation id):
----------------------------------------------------
 
   5 - SELECT "EMPLOYEE_ID","FIRST_NAME","LAST_NAME","EMAIL","PHONE_NUMBER","HIRE_DATE","JOB_ID","SA
       LARY","COMMISSION_PCT","MANAGER_ID","DEPARTMENT_ID" FROM "HR"."EMPLOYEES" "A2" (accessing '!' )
 
 
Note
-----
   - fully remote statement
 
```

第一个SQL语句中，是将DEPARTMENTS表通过wwb这个dblink传到本地，进行连接，返回结果。
第二个SQL语句中，由于hint的介入，连接操作端为DEPARTMENTS所在的数据库，将EMPLOYEES表传到了远端，然后在ID=4进行排序过滤，然后与远端的DEPARTMENTS表进行合并，然后结果集传回本地（ID=0：SELECT STATEMENT REMOTE），注意看下面的NOTE部分，已经注释了这个SQL语句为"FULL REMOTE STATEMENT"


如果这个查询执行时没有添加这个hint，那么department表的行都会传到本地数据库，然后在本地进行连接操作（因为department表是通过dblink访问的）。而是用这个hint，employees表的行都会传送到远程数据库端，然后查询在远端执行，然后结果集返回到本地数据库端。
这种hint适用于，本地数据库端的表比较小，通过dblink访问的表比较大的情况。（曾经使用这个HINT优化过一个跑到超时的SQL语句，优化之后十多分钟便出结果了~）


### To be continued...


![小w](https://wx2.sinaimg.cn/mw1024/891ecf4fly1fr361nvrcnj207w07sad7.jpg)

###### 博文内容为小w原创，部分内容引用自官方资料，如转载请注明出处。^_^

###### 感谢关注w的小站，本小站将不定期(完全看心情～)更新分享技术知识，欢迎阅读，网址：www.itwwb.com










