---
layout: post
title: 连接方式的HINT（下）
date: 2015-4-29
categories: OracleTuning
tags: [Oracle,Tuning]
description: 优化基础。
---


## NO_USE_HASH 

![no_use_hash](https://docs.oracle.com/cd/E11882_01/server.112/e41084/img/no_use_hash_hint.gif)

NO_USE_HASH通知优化器将每个指定的表作为内部表但不采用hash连接的方式与其他行源进行连接。

例如：
不添加hint的连接方式，oracle选择了hash连接

```sql

SELECT *
  FROM employees e, departments d
  WHERE e.department_id = d.department_id;
 
Execution Plan
----------------------------------------------------------
Plan hash value: 2052257371
 
----------------------------------------------------------------------------------
| Id  | Operation          | Name        | Rows  | Bytes | Cost (%CPU)| Time     |
----------------------------------------------------------------------------------
|   0 | SELECT STATEMENT   |             |   106 |  9540 |     6   (0)| 00:00:01 |
|*  1 |  HASH JOIN         |             |   106 |  9540 |     6   (0)| 00:00:01 |
|   2 |   TABLE ACCESS FULL| DEPARTMENTS |    27 |   567 |     3   (0)| 00:00:01 |
|   3 |   TABLE ACCESS FULL| EMPLOYEES   |   107 |  7383 |     3   (0)| 00:00:01 |
----------------------------------------------------------------------------------
 
Predicate Information (identified by operation id):
---------------------------------------------------
 
   1 - access("E"."DEPARTMENT_ID"="D"."DEPARTMENT_ID")

 ```
 
下面添加hint，禁止让e和d两表进行hash连接：

```sql

SELECT  /*+no_use_hash(e d)*/*
    FROM employees e, departments d
    WHERE e.department_id = d.department_id;
 
Execution Plan
----------------------------------------------------------
Plan hash value: 1343509718
 
--------------------------------------------------------------------------------------------
| Id  | Operation                    | Name        | Rows  | Bytes | Cost (%CPU)| Time     |
--------------------------------------------------------------------------------------------
|   0 | SELECT STATEMENT             |             |   106 |  9540 |     6  (17)| 00:00:01 |
|   1 |  MERGE JOIN                  |             |   106 |  9540 |     6  (17)| 00:00:01 |
|   2 |   TABLE ACCESS BY INDEX ROWID| DEPARTMENTS |    27 |   567 |     2   (0)| 00:00:01 |
|   3 |    INDEX FULL SCAN           | DEPT_ID_PK  |    27 |       |     1   (0)| 00:00:01 |
|*  4 |   SORT JOIN                  |             |   107 |  7383 |     4  (25)| 00:00:01 |
|   5 |    TABLE ACCESS FULL         | EMPLOYEES   |   107 |  7383 |     3   (0)| 00:00:01 |
--------------------------------------------------------------------------------------------
 
Predicate Information (identified by operation id):
---------------------------------------------------
 
   4 - access("E"."DEPARTMENT_ID"="D"."DEPARTMENT_ID")
       filter("E"."DEPARTMENT_ID"="D"."DEPARTMENT_ID")

 ```

如上，oracle采用了merge连接。

## USE_MERGE 

![use_merge](https://docs.oracle.com/cd/E11882_01/server.112/e41084/img/use_merge_hint.gif)

USE_MERGE通知优化器将每个指定的表和其他行源用排列组合连接（SMJ）的方式。例如：

```sql
SELECT /*+ USE_MERGE(employees departments) */ *
  FROM employees, departments
  WHERE employees.department_id = departments.department_id;
 
Execution Plan
----------------------------------------------------------
Plan hash value: 1343509718
 
--------------------------------------------------------------------------------------------
| Id  | Operation                    | Name        | Rows  | Bytes | Cost (%CPU)| Time     |
--------------------------------------------------------------------------------------------
|   0 | SELECT STATEMENT             |             |   106 |  9540 |     6  (17)| 00:00:01 |
|   1 |  MERGE JOIN                  |             |   106 |  9540 |     6  (17)| 00:00:01 |
|   2 |   TABLE ACCESS BY INDEX ROWID| DEPARTMENTS |    27 |   567 |     2   (0)| 00:00:01 |
|   3 |    INDEX FULL SCAN           | DEPT_ID_PK  |    27 |       |     1   (0)| 00:00:01 |
|*  4 |   SORT JOIN                  |             |   107 |  7383 |     4  (25)| 00:00:01 |
|   5 |    TABLE ACCESS FULL         | EMPLOYEES   |   107 |  7383 |     3   (0)| 00:00:01 |
--------------------------------------------------------------------------------------------
 
Predicate Information (identified by operation id):
---------------------------------------------------
 
   4 - access("EMPLOYEES"."DEPARTMENT_ID"="DEPARTMENTS"."DEPARTMENT_ID")
       filter("EMPLOYEES"."DEPARTMENT_ID"="DEPARTMENTS"."DEPARTMENT_ID")

```

使用USE_NL和USE_MERGE的时候建议配合LEADING和ORDERED一同使用。优化器在参考表被强制作为一个连接的内部表的时候会用到这hint。当参考表是外部表的时候，这些hint会被忽略掉。

## NO_USE_MERGE 

![no_use_merge](https://docs.oracle.com/cd/E11882_01/server.112/e41084/img/no_use_merge_hint.gif)

NO_USE_MERGE通知优化器将每个指定的表作为内部表但不采用排序合并连接的方式与其他行源进行连接。（内部表即是被驱动表）例如：

```sql
SELECT /*+ NO_USE_MERGE(e d) */ *
   FROM employees e, departments d
   WHERE e.department_id = d.department_id
   ORDER BY d.department_id;
 
Execution Plan
----------------------------------------------------------
Plan hash value: 4213409228
 
-----------------------------------------------------------------------------------
| Id  | Operation           | Name        | Rows  | Bytes | Cost (%CPU)| Time     |
-----------------------------------------------------------------------------------
|   0 | SELECT STATEMENT    |             |   106 |  9540 |     7  (15)| 00:00:01 |
|   1 |  SORT ORDER BY      |             |   106 |  9540 |     7  (15)| 00:00:01 |
|*  2 |   HASH JOIN         |             |   106 |  9540 |     6   (0)| 00:00:01 |
|   3 |    TABLE ACCESS FULL| DEPARTMENTS |    27 |   567 |     3   (0)| 00:00:01 |
|   4 |    TABLE ACCESS FULL| EMPLOYEES   |   107 |  7383 |     3   (0)| 00:00:01 |
-----------------------------------------------------------------------------------
 
Predicate Information (identified by operation id):
---------------------------------------------------
 
   2 - access("E"."DEPARTMENT_ID"="D"."DEPARTMENT_ID")

 ```

## USE_NL 

![use_nl](https://docs.oracle.com/cd/E11882_01/server.112/e41084/img/use_nl_hint.gif)

USE_NL通知优化器将每个指定的表作为内部表，并采用循环嵌套的连接方式与其他行源进行连接。（内部表即为被驱动表）
使用USE_NL和USE_MERGE的时候建议配合LEADING和ORDERED一同使用。优化器在参考表被强制作为一个连接的内部表的时候会用到这hint。当参考表是外部表的时候，这些hint会被忽略掉。（即是说，其实USE_NL和USE_HASH里面写的其实就是被内部表，即被驱动表）
在下面的例子中，当用一个hint强制指定嵌套循环，orders表是被通过全表扫描的访问的，然后通过过滤条件中l.order_id = h.order_id应用到每行的。在过滤条件中遇到的每一行都通过order_id列的索引访问order_items表。

```sql

SQL> SELECT *
  2    FROM orders h, order_items l
  3    WHERE l.order_id = h.order_id;
 
Execution Plan
----------------------------------------------------------
Plan hash value: 2318691960
 
--------------------------------------------------------------------------------------------
| Id  | Operation                    | Name        | Rows  | Bytes | Cost (%CPU)| Time     |
--------------------------------------------------------------------------------------------
|   0 | SELECT STATEMENT             |             |   665 | 36575 |     6  (17)| 00:00:01 |
|   1 |  MERGE JOIN                  |             |   665 | 36575 |     6  (17)| 00:00:01 |
|   2 |   TABLE ACCESS BY INDEX ROWID| ORDERS      |   105 |  3885 |     2   (0)| 00:00:01 |
|   3 |    INDEX FULL SCAN           | ORDER_PK    |   105 |       |     1   (0)| 00:00:01 |
|*  4 |   SORT JOIN                  |             |   665 | 11970 |     4  (25)| 00:00:01 |
|   5 |    TABLE ACCESS FULL         | ORDER_ITEMS |   665 | 11970 |     3   (0)| 00:00:01 |
--------------------------------------------------------------------------------------------
 
Predicate Information (identified by operation id):
---------------------------------------------------
 
   4 - access("L"."ORDER_ID"="H"."ORDER_ID")
       filter("L"."ORDER_ID"="H"."ORDER_ID")
 
SQL> SELECT /*+ USE_NL(l h) */ *
  2    FROM orders h, order_items l
  3    WHERE l.order_id = h.order_id;
 
Execution Plan
----------------------------------------------------------
Plan hash value: 2547577950
 
----------------------------------------------------------------------------------
| Id  | Operation          | Name        | Rows  | Bytes | Cost (%CPU)| Time     |
----------------------------------------------------------------------------------
|   0 | SELECT STATEMENT   |             |   665 | 36575 |   148   (1)| 00:00:02 |
|   1 |  NESTED LOOPS      |             |   665 | 36575 |   148   (1)| 00:00:02 |
|   2 |   TABLE ACCESS FULL| ORDERS      |   105 |  3885 |     3   (0)| 00:00:01 |
|*  3 |   TABLE ACCESS FULL| ORDER_ITEMS |     6 |   108 |     1   (0)| 00:00:01 |
----------------------------------------------------------------------------------
 
Predicate Information (identified by operation id):
---------------------------------------------------
 
   3 - filter("L"."ORDER_ID"="H"."ORDER_ID")

 ```

如上执行计划，use_nl(l h)，只是指定了这两个表的连接方式为nested loops，并没有指定哪张表作为外部表，所以oracle选择了h表作为了外部表，即驱动表。
给查询添加一个INDEX的hint可以以命令的形式去避免全表扫描，导致执行计划和一个较大的系统上曾使用过的类似，即是他可能不是很有效。



## NO_USE_NL 

![no_use_nl](https://docs.oracle.com/cd/E11882_01/server.112/e41084/img/no_use_nl_hint.gif)

NO_USE_NL通知优化器在指定的表做内部表和其他行源进行连接的时候不适用嵌套循环。例如：

```sql

SQL> SELECT  *
  2    FROM oe.orders h, oe.order_items l
  3    WHERE l.order_id = h.order_id
  4      AND l.order_id = 2400;
 
Execution Plan
----------------------------------------------------------
Plan hash value: 142383810
 
----------------------------------------------------------------------------------------------
| Id  | Operation                    | Name          | Rows  | Bytes | Cost (%CPU)| Time     |
----------------------------------------------------------------------------------------------
|   0 | SELECT STATEMENT             |               |     5 |   275 |     4   (0)| 00:00:01 |
|   1 |  NESTED LOOPS                |               |     5 |   275 |     4   (0)| 00:00:01 |
|   2 |   TABLE ACCESS BY INDEX ROWID| ORDERS        |     1 |    37 |     1   (0)| 00:00:01 |
|*  3 |    INDEX UNIQUE SCAN         | ORDER_PK      |     1 |       |     0   (0)| 00:00:01 |
|   4 |   TABLE ACCESS BY INDEX ROWID| ORDER_ITEMS   |     5 |    90 |     3   (0)| 00:00:01 |
|*  5 |    INDEX RANGE SCAN          | ITEM_ORDER_IX |     5 |       |     1   (0)| 00:00:01 |
----------------------------------------------------------------------------------------------
 
Predicate Information (identified by operation id):
---------------------------------------------------
 
   3 - access("H"."ORDER_ID"=2400)
   5 - access("L"."ORDER_ID"=2400)

 ```

默认不添加hint的时候，oracle选择nested loops的方式进行表连接，那么现在添加hint：

```sql
SQL> SELECT /*+ NO_USE_NL(l h) */ *
  2    FROM orders h, order_items l
  3    WHERE l.order_id = h.order_id
  4      AND l.order_id = 2400;
 
Execution Plan
----------------------------------------------------------
Plan hash value: 1879221400
 
-----------------------------------------------------------------------------------------------
| Id  | Operation                     | Name          | Rows  | Bytes | Cost (%CPU)| Time     |
-----------------------------------------------------------------------------------------------
|   0 | SELECT STATEMENT              |               |     5 |   275 |     5  (20)| 00:00:01 |
|   1 |  MERGE JOIN                   |               |     5 |   275 |     5  (20)| 00:00:01 |
|   2 |   TABLE ACCESS BY INDEX ROWID | ORDERS        |     1 |    37 |     1   (0)| 00:00:01 |
|*  3 |    INDEX UNIQUE SCAN          | ORDER_PK      |     1 |       |     0   (0)| 00:00:01 |
|*  4 |   FILTER                      |               |       |       |            |          |
|   5 |    TABLE ACCESS BY INDEX ROWID| ORDER_ITEMS   |     5 |    90 |     3   (0)| 00:00:01 |
|*  6 |     INDEX RANGE SCAN          | ITEM_ORDER_IX |     5 |       |     1   (0)| 00:00:01 |
-----------------------------------------------------------------------------------------------
 
Predicate Information (identified by operation id):
---------------------------------------------------
 
   3 - access("H"."ORDER_ID"=2400)
   4 - filter("L"."ORDER_ID"="H"."ORDER_ID")
   6 - access("L"."ORDER_ID"=2400)

 ```

由于hint指定不要使用NL连接这两张指定的表，所以oracle重新评估成本选择了merge连接。
当这个hint被指定的时候，被指定的表只有hash连接和排序组合这两种连接方式会被考虑。然而，在一些表只能进行NL连接的情况下。在这种情况下，优化器会忽略在这些表的hint。



基本上上面介绍的HINT就是平时常用的用来指定连接方式的HINT了，类似USE_NL_WITH_INDEX这种很少用的HINT这里就不进行介绍了，感兴趣的朋友可以自行google一下，嘿嘿～




![小w](https://wx2.sinaimg.cn/mw1024/891ecf4fly1fr361nvrcnj207w07sad7.jpg)

###### 博文内容为小w原创，部分内容引用自官方资料，如转载请注明出处。^_^

###### 感谢关注w的小站，本小站将不定期(完全看心情～)更新分享技术知识，欢迎阅读，网址：www.itwwb.com
