---
layout: post
title: 连接方式的HINT（上）
date: 2015-4-15
categories: oracle优化
tags: [oracle优化]
description: 优化基础。
---

在ORACLE数据库中表之间的连接方式有三种，这里面先介绍第一种连接方式所使用的HINT,就是很常见的hash连接。由于篇幅比较长，连接方式的HINT这部分将分为上下两个部分。这篇博文为上篇。

## USE_HASH

![use_hash](https://docs.oracle.com/cd/E11882_01/server.112/e41084/img/use_hash_hint.gif)

USE_HASH通知优化器以hash连接的方式将每个指定的表与其他行源进行连接。例如：

```sql

SQL> set lines 300 pages 1000
SQL> conn oe/oe
Connected.
SQL> set autot trace exp
SQL> SELECT /*+ USE_HASH(l h) */ *
  2    FROM orders h, order_items l
  3    WHERE l.order_id = h.order_id
  4      AND l.order_id > 2400;
 
Execution Plan
----------------------------------------------------------
Plan hash value: 637138599
 
--------------------------------------------------------------------------------------------
| Id  | Operation                    | Name        | Rows  | Bytes | Cost (%CPU)| Time     |
--------------------------------------------------------------------------------------------
|   0 | SELECT STATEMENT             |             |   178 |  9790 |     5   (0)| 00:00:01 |
|*  1 |  HASH JOIN                   |             |   178 |  9790 |     5   (0)| 00:00:01 |
|   2 |   TABLE ACCESS BY INDEX ROWID| ORDERS      |    59 |  2183 |     2   (0)| 00:00:01 |
|*  3 |    INDEX RANGE SCAN          | ORDER_PK    |    59 |       |     1   (0)| 00:00:01 |
|*  4 |   TABLE ACCESS FULL          | ORDER_ITEMS |   316 |  5688 |     3   (0)| 00:00:01 |
--------------------------------------------------------------------------------------------
 
Predicate Information (identified by operation id):
---------------------------------------------------
 
   1 - access("L"."ORDER_ID"="H"."ORDER_ID")
   3 - access("H"."ORDER_ID">2400)
   4 - filter("L"."ORDER_ID">2400)
 
```
 
这个hint是只是通知oracle用何种方式进行连接指定的表，而不关系哪个表为驱动表，哪个表为驱动表。
如下测试，不添加hint的情况下的执行计划：

```sql

SQL>  SELECT  *
  2        FROM employees e, departments d, job_history j
  3        WHERE e.department_id = d.department_id
  4         AND e.hire_date = j.start_date;
 
Execution Plan
----------------------------------------------------------
Plan hash value: 3991313307
 
---------------------------------------------------------------------------------------------
| Id  | Operation                     | Name        | Rows  | Bytes | Cost (%CPU)| Time     |
---------------------------------------------------------------------------------------------
|   0 | SELECT STATEMENT              |             |    11 |  1331 |     9  (12)| 00:00:01 |
|*  1 |  HASH JOIN                    |             |    11 |  1331 |     9  (12)| 00:00:01 |
|   2 |   TABLE ACCESS FULL           | JOB_HISTORY |    10 |   310 |     3   (0)| 00:00:01 |
|   3 |   MERGE JOIN                  |             |   106 |  9540 |     6  (17)| 00:00:01 |
|   4 |    TABLE ACCESS BY INDEX ROWID| DEPARTMENTS |    27 |   567 |     2   (0)| 00:00:01 |
|   5 |     INDEX FULL SCAN           | DEPT_ID_PK  |    27 |       |     1   (0)| 00:00:01 |
|*  6 |    SORT JOIN                  |             |   107 |  7383 |     4  (25)| 00:00:01 |
|   7 |     TABLE ACCESS FULL         | EMPLOYEES   |   107 |  7383 |     3   (0)| 00:00:01 |
---------------------------------------------------------------------------------------------
 
Predicate Information (identified by operation id):
---------------------------------------------------
 
   1 - access("E"."HIRE_DATE"="J"."START_DATE")
   6 - access("E"."DEPARTMENT_ID"="D"."DEPARTMENT_ID")
       filter("E"."DEPARTMENT_ID"="D"."DEPARTMENT_ID")
 
```


下面添加两种hint都指定e，d，j三张表采用hash连接，但是采用不同的先后顺序：

```sql

SQL>  SELECT /*+ use_hash(e d j) */ *
  2        FROM employees e, departments d, job_history j
  3        WHERE e.department_id = d.department_id
  4         AND e.hire_date = j.start_date;
 
Execution Plan
----------------------------------------------------------
Plan hash value: 374978462
 
-----------------------------------------------------------------------------------
| Id  | Operation           | Name        | Rows  | Bytes | Cost (%CPU)| Time     |
-----------------------------------------------------------------------------------
|   0 | SELECT STATEMENT    |             |    11 |  1331 |     9   (0)| 00:00:01 |
|*  1 |  HASH JOIN          |             |    11 |  1331 |     9   (0)| 00:00:01 |
|*  2 |   HASH JOIN         |             |    11 |  1100 |     6   (0)| 00:00:01 |
|   3 |    TABLE ACCESS FULL| JOB_HISTORY |    10 |   310 |     3   (0)| 00:00:01 |
|   4 |    TABLE ACCESS FULL| EMPLOYEES   |   107 |  7383 |     3   (0)| 00:00:01 |
|   5 |   TABLE ACCESS FULL | DEPARTMENTS |    27 |   567 |     3   (0)| 00:00:01 |
-----------------------------------------------------------------------------------
 
Predicate Information (identified by operation id):
---------------------------------------------------
 
   1 - access("E"."DEPARTMENT_ID"="D"."DEPARTMENT_ID")
   2 - access("E"."HIRE_DATE"="J"."START_DATE")
 
SQL>  SELECT /*+ use_hash(d j e) */ *
  2        FROM employees e, departments d, job_history j
  3        WHERE e.department_id = d.department_id
  4         AND e.hire_date = j.start_date;
 
Execution Plan
----------------------------------------------------------
Plan hash value: 374978462
 
-----------------------------------------------------------------------------------
| Id  | Operation           | Name        | Rows  | Bytes | Cost (%CPU)| Time     |
-----------------------------------------------------------------------------------
|   0 | SELECT STATEMENT    |             |    11 |  1331 |     9   (0)| 00:00:01 |
|*  1 |  HASH JOIN          |             |    11 |  1331 |     9   (0)| 00:00:01 |
|*  2 |   HASH JOIN         |             |    11 |  1100 |     6   (0)| 00:00:01 |
|   3 |    TABLE ACCESS FULL| JOB_HISTORY |    10 |   310 |     3   (0)| 00:00:01 |
|   4 |    TABLE ACCESS FULL| EMPLOYEES   |   107 |  7383 |     3   (0)| 00:00:01 |
|   5 |   TABLE ACCESS FULL | DEPARTMENTS |    27 |   567 |     3   (0)| 00:00:01 |
-----------------------------------------------------------------------------------
 
Predicate Information (identified by operation id):
---------------------------------------------------
 
   1 - access("E"."DEPARTMENT_ID"="D"."DEPARTMENT_ID")
   2 - access("E"."HIRE_DATE"="J"."START_DATE")
 
``` 
 
如上测试结果，证明USE_HASH这个hint只是单纯的通知优化器对指定的表进行hash连接，而不考虑表之间的关联顺序以及哪张表做驱动表。
下面测试USE_HASH和LEADING配合使用：

```sql

SQL>  SELECT /*+ leading(e) use_hash(d j e) */ *
  2        FROM employees e, departments d, job_history j
  3        WHERE e.department_id = d.department_id
  4         AND e.hire_date = j.start_date;
 
Execution Plan
----------------------------------------------------------
Plan hash value: 53762868
 
-----------------------------------------------------------------------------------
| Id  | Operation           | Name        | Rows  | Bytes | Cost (%CPU)| Time     |
-----------------------------------------------------------------------------------
|   0 | SELECT STATEMENT    |             |    11 |  1331 |     9   (0)| 00:00:01 |
|*  1 |  HASH JOIN          |             |    11 |  1331 |     9   (0)| 00:00:01 |
|*  2 |   HASH JOIN         |             |    11 |  1100 |     6   (0)| 00:00:01 |
|   3 |    TABLE ACCESS FULL| EMPLOYEES   |   107 |  7383 |     3   (0)| 00:00:01 |
|   4 |    TABLE ACCESS FULL| JOB_HISTORY |    10 |   310 |     3   (0)| 00:00:01 |
|   5 |   TABLE ACCESS FULL | DEPARTMENTS |    27 |   567 |     3   (0)| 00:00:01 |
-----------------------------------------------------------------------------------
 
Predicate Information (identified by operation id):
---------------------------------------------------
 
   1 - access("E"."DEPARTMENT_ID"="D"."DEPARTMENT_ID")
   2 - access("E"."HIRE_DATE"="J"."START_DATE")
 
SQL>  SELECT /*+ leading(d) use_hash(d j e) */ *
  2        FROM employees e, departments d, job_history j
  3        WHERE e.department_id = d.department_id
  4         AND e.hire_date = j.start_date;
 
Execution Plan
----------------------------------------------------------
Plan hash value: 3929092344
 
-----------------------------------------------------------------------------------
| Id  | Operation           | Name        | Rows  | Bytes | Cost (%CPU)| Time     |
-----------------------------------------------------------------------------------
|   0 | SELECT STATEMENT    |             |    11 |  1331 |     9   (0)| 00:00:01 |
|*  1 |  HASH JOIN          |             |    11 |  1331 |     9   (0)| 00:00:01 |
|   2 |   TABLE ACCESS FULL | JOB_HISTORY |    10 |   310 |     3   (0)| 00:00:01 |
|*  3 |   HASH JOIN         |             |   106 |  9540 |     6   (0)| 00:00:01 |
|   4 |    TABLE ACCESS FULL| DEPARTMENTS |    27 |   567 |     3   (0)| 00:00:01 |
|   5 |    TABLE ACCESS FULL| EMPLOYEES   |   107 |  7383 |     3   (0)| 00:00:01 |
-----------------------------------------------------------------------------------
 
Predicate Information (identified by operation id):
---------------------------------------------------
 
   1 - access("E"."HIRE_DATE"="J"."START_DATE")
   3 - access("E"."DEPARTMENT_ID"="D"."DEPARTMENT_ID")
 
```
以上2种由于LEADING的介入，配合use_hash，达到了确定表关联顺序和方式的作用，但是有以下这种情况需要注意：

```sql

SQL>  SELECT /*+ leading(d j e) use_hash(d j e) */ *
  2        FROM employees e, departments d, job_history j
  3        WHERE e.department_id = d.department_id
  4         AND e.hire_date = j.start_date;
 
Execution Plan
----------------------------------------------------------
Plan hash value: 4282809977
 
-------------------------------------------------------------------------------------
| Id  | Operation             | Name        | Rows  | Bytes | Cost (%CPU)| Time     |
-------------------------------------------------------------------------------------
|   0 | SELECT STATEMENT      |             |    11 |  1331 |    44   (0)| 00:00:01 |
|*  1 |  HASH JOIN            |             |    11 |  1331 |    44   (0)| 00:00:01 |
|   2 |   TABLE ACCESS FULL   | EMPLOYEES   |   107 |  7383 |     3   (0)| 00:00:01 |
|   3 |   MERGE JOIN CARTESIAN|             |   270 | 14040 |    41   (0)| 00:00:01 |
|   4 |    TABLE ACCESS FULL  | DEPARTMENTS |    27 |   567 |     3   (0)| 00:00:01 |
|   5 |    BUFFER SORT        |             |    10 |   310 |    38   (0)| 00:00:01 |
|   6 |     TABLE ACCESS FULL | JOB_HISTORY |    10 |   310 |     1   (0)| 00:00:01 |
-------------------------------------------------------------------------------------
 
Predicate Information (identified by operation id):
---------------------------------------------------
 
   1 - access("E"."DEPARTMENT_ID"="D"."DEPARTMENT_ID" AND
              "E"."HIRE_DATE"="J"."START_DATE")
 
SQL>  SELECT /*+ leading(d e j) use_hash(d j e) */ *
  2        FROM employees e, departments d, job_history j
  3        WHERE e.department_id = d.department_id
  4         AND e.hire_date = j.start_date;
 
Execution Plan
----------------------------------------------------------
Plan hash value: 3929092344
 
-----------------------------------------------------------------------------------
| Id  | Operation           | Name        | Rows  | Bytes | Cost (%CPU)| Time     |
-----------------------------------------------------------------------------------
|   0 | SELECT STATEMENT    |             |    11 |  1331 |     9   (0)| 00:00:01 |
|*  1 |  HASH JOIN          |             |    11 |  1331 |     9   (0)| 00:00:01 |
|   2 |   TABLE ACCESS FULL | JOB_HISTORY |    10 |   310 |     3   (0)| 00:00:01 |
|*  3 |   HASH JOIN         |             |   106 |  9540 |     6   (0)| 00:00:01 |
|   4 |    TABLE ACCESS FULL| DEPARTMENTS |    27 |   567 |     3   (0)| 00:00:01 |
|   5 |    TABLE ACCESS FULL| EMPLOYEES   |   107 |  7383 |     3   (0)| 00:00:01 |
-----------------------------------------------------------------------------------
 
Predicate Information (identified by operation id):
---------------------------------------------------
 
   1 - access("E"."HIRE_DATE"="J"."START_DATE")
   3 - access("E"."DEPARTMENT_ID"="D"."DEPARTMENT_ID")
 
```
 
以上俩条语句中的LEADING部分不同，第一种情况下，由于d和j表没有直接关联条件，所以oracle采用了merge join cartesian（笛卡尔积）连接而没有使用hash，即也可以认为是两个hint之间有冲突，oracle忽略了USE_HASH的hint。只采用了LEADING（认为LEADING生效的原因在于这个执行计划不同于无hint的语句的执行计划）。


## SWAP_JOIN_INPUTS / NO_SWAP_JOIN_INPUTS

**SWAP_JOIN_INPUTS(tabname)**：指定tabname表作为hash连接的驱动表，要和use_hash配合使用。

**NO_SWAP_JOIN_INPUTS(tabname)**：指定tabname表作为hash连接的被驱动表，要和use_hash配合使用。

刚才测试LEADING和USE_HASH可以决定连接顺序和连接方法，那么怎么通知oracle采用那张表作为连接的驱动表或被驱动表呢？这时候就需要借助SWAP_JOIN_INPUTS 和NO_SWAP_JOIN_INPUTS的hint了。
只使用LEADING确定连接顺序：

```sql

SQL>  SELECT /*+ leading(d e j)  */ *
  2        FROM employees e, departments d, job_history j
  3        WHERE e.department_id = d.department_id
  4         AND e.hire_date = j.start_date;
 
Execution Plan
----------------------------------------------------------
Plan hash value: 3991313307
 
---------------------------------------------------------------------------------------------
| Id  | Operation                     | Name        | Rows  | Bytes | Cost (%CPU)| Time     |
---------------------------------------------------------------------------------------------
|   0 | SELECT STATEMENT              |             |    11 |  1331 |     9  (12)| 00:00:01 |
|*  1 |  HASH JOIN                    |             |    11 |  1331 |     9  (12)| 00:00:01 |
|   2 |   TABLE ACCESS FULL           | JOB_HISTORY |    10 |   310 |     3   (0)| 00:00:01 |
|   3 |   MERGE JOIN                  |             |   106 |  9540 |     6  (17)| 00:00:01 |
|   4 |    TABLE ACCESS BY INDEX ROWID| DEPARTMENTS |    27 |   567 |     2   (0)| 00:00:01 |
|   5 |     INDEX FULL SCAN           | DEPT_ID_PK  |    27 |       |     1   (0)| 00:00:01 |
|*  6 |    SORT JOIN                  |             |   107 |  7383 |     4  (25)| 00:00:01 |
|   7 |     TABLE ACCESS FULL         | EMPLOYEES   |   107 |  7383 |     3   (0)| 00:00:01 |
---------------------------------------------------------------------------------------------
 
Predicate Information (identified by operation id):
---------------------------------------------------
 
   1 - access("E"."HIRE_DATE"="J"."START_DATE")
   6 - access("E"."DEPARTMENT_ID"="D"."DEPARTMENT_ID")
       filter("E"."DEPARTMENT_ID"="D"."DEPARTMENT_ID")
 
```

如上，连接顺序为d，e，j，那么现在我想要d和j的连接方式为hash连接，就添加如下hint

```sql

SQL>  SELECT /*+ leading(d e j) use_hash(e) */ *
  2        FROM employees e, departments d, job_history j
  3        WHERE e.department_id = d.department_id
  4         AND e.hire_date = j.start_date;
 
Execution Plan
----------------------------------------------------------
Plan hash value: 3929092344
 
-----------------------------------------------------------------------------------
| Id  | Operation           | Name        | Rows  | Bytes | Cost (%CPU)| Time     |
-----------------------------------------------------------------------------------
|   0 | SELECT STATEMENT    |             |    11 |  1331 |     9   (0)| 00:00:01 |
|*  1 |  HASH JOIN          |             |    11 |  1331 |     9   (0)| 00:00:01 |
|   2 |   TABLE ACCESS FULL | JOB_HISTORY |    10 |   310 |     3   (0)| 00:00:01 |
|*  3 |   HASH JOIN         |             |   106 |  9540 |     6   (0)| 00:00:01 |
|   4 |    TABLE ACCESS FULL| DEPARTMENTS |    27 |   567 |     3   (0)| 00:00:01 |
|   5 |    TABLE ACCESS FULL| EMPLOYEES   |   107 |  7383 |     3   (0)| 00:00:01 |
-----------------------------------------------------------------------------------
 
Predicate Information (identified by operation id):
---------------------------------------------------
 
   1 - access("E"."HIRE_DATE"="J"."START_DATE")
   3 - access("E"."DEPARTMENT_ID"="D"."DEPARTMENT_ID")
 
```

如上执行计划可以解读为，以d表接入，先和e做hash，然后结果行源和j表再次做hash，这里面j表为驱动表，那么我想让j表做被驱动表的话，就要添加如下hint：

```sql

SQL>  SELECT /*+ leading(d e j) use_hash(e) use_hash(j) no_swap_join_inputs(j)*/ *
  2        FROM employees e, departments d, job_history j
  3        WHERE e.department_id = d.department_id
  4         AND e.hire_date = j.start_date;
 
Execution Plan
----------------------------------------------------------
Plan hash value: 3963083617
 
-----------------------------------------------------------------------------------
| Id  | Operation           | Name        | Rows  | Bytes | Cost (%CPU)| Time     |
-----------------------------------------------------------------------------------
|   0 | SELECT STATEMENT    |             |    11 |  1331 |     9   (0)| 00:00:01 |
|*  1 |  HASH JOIN          |             |    11 |  1331 |     9   (0)| 00:00:01 |
|*  2 |   HASH JOIN         |             |   106 |  9540 |     6   (0)| 00:00:01 |
|   3 |    TABLE ACCESS FULL| DEPARTMENTS |    27 |   567 |     3   (0)| 00:00:01 |
|   4 |    TABLE ACCESS FULL| EMPLOYEES   |   107 |  7383 |     3   (0)| 00:00:01 |
|   5 |   TABLE ACCESS FULL | JOB_HISTORY |    10 |   310 |     3   (0)| 00:00:01 |
-----------------------------------------------------------------------------------
 
Predicate Information (identified by operation id):
---------------------------------------------------
  
   1 - access("E"."HIRE_DATE"="J"."START_DATE")
   2 - access("E"."DEPARTMENT_ID"="D"."DEPARTMENT_ID")
 
```
 
其实如上hint中use_hash(j)在这个语句中是可以不写的，因为oracle默认就对j表采用的hash连接，但是也会有不是hash连接的情况，所以为了严谨一些，建议在使用SWAP_JOIN_INPUTS 和NO_SWAP_JOIN_INPUTS的时候，用use_hash将表也列出来。
如下例子：

```sql

SQL>  SELECT /*+ leading(d e j) use_hash(e) use_nl(j) swap_join_inputs(j)*/ *
  2        FROM employees e, departments d, job_history j
  3        WHERE e.department_id = d.department_id
  4         AND e.hire_date = j.start_date;
 
Execution Plan
----------------------------------------------------------
Plan hash value: 4027810253
 
-----------------------------------------------------------------------------------
| Id  | Operation           | Name        | Rows  | Bytes | Cost (%CPU)| Time     |
-----------------------------------------------------------------------------------
|   0 | SELECT STATEMENT    |             |    11 |  1331 |   151   (0)| 00:00:02 |
|   1 |  NESTED LOOPS       |             |    11 |  1331 |   151   (0)| 00:00:02 |
|*  2 |   HASH JOIN         |             |   106 |  9540 |     6   (0)| 00:00:01 |
|   3 |    TABLE ACCESS FULL| DEPARTMENTS |    27 |   567 |     3   (0)| 00:00:01 |
|   4 |    TABLE ACCESS FULL| EMPLOYEES   |   107 |  7383 |     3   (0)| 00:00:01 |
|*  5 |   TABLE ACCESS FULL | JOB_HISTORY |     1 |    31 |     1   (0)| 00:00:01 |
-----------------------------------------------------------------------------------
 
Predicate Information (identified by operation id):
---------------------------------------------------
 
   2 - access("E"."DEPARTMENT_ID"="D"."DEPARTMENT_ID")
   5 - filter("E"."HIRE_DATE"="J"."START_DATE")
 
``` 
 
在这里我指定j表采用NL的方式和d、e两表的结果行源进行连接，但是我在这里采用SWAP_JOIN_INPUTS(j)，想让j表做驱动表，但是由于连接j的方式不是hash，这个hint被oracle忽略掉了。
还需要注意的是，use_hash只能用于等值连接，不等值连接，这个hint会被忽略掉：

```sql

SQL>  SELECT  *
  2        FROM employees e, employees e1
  3        WHERE e.MANAGER_ID < e1.employee_id and e1.employee_id=107;
 
Execution Plan
----------------------------------------------------------
Plan hash value: 4238893563
 
-----------------------------------------------------------------------------------------------
| Id  | Operation                    | Name           | Rows  | Bytes | Cost (%CPU)| Time     |
-----------------------------------------------------------------------------------------------
|   0 | SELECT STATEMENT             |                |    21 |  2898 |     4   (0)| 00:00:01 |
|   1 |  NESTED LOOPS                |                |    21 |  2898 |     4   (0)| 00:00:01 |
|   2 |   TABLE ACCESS BY INDEX ROWID| EMPLOYEES      |     1 |    69 |     1   (0)| 00:00:01 |
|*  3 |    INDEX UNIQUE SCAN         | EMP_EMP_ID_PK  |     1 |       |     0   (0)| 00:00:01 |
|   4 |   TABLE ACCESS BY INDEX ROWID| EMPLOYEES      |    21 |  1449 |     3   (0)| 00:00:01 |
|*  5 |    INDEX RANGE SCAN          | EMP_MANAGER_IX |    21 |       |     1   (0)| 00:00:01 |
-----------------------------------------------------------------------------------------------
 
Predicate Information (identified by operation id):
---------------------------------------------------
  
   3 - access("E1"."EMPLOYEE_ID"=107)
   5 - access("E"."MANAGER_ID"<107)
       filter("E"."MANAGER_ID"<"E1"."EMPLOYEE_ID")
  
SQL>  SELECT  /*use_hash(e e1)*/*
  2        FROM employees e, employees e1
  3        WHERE e.MANAGER_ID < e1.employee_id and e1.employee_id=107;
  
Execution Plan
----------------------------------------------------------
Plan hash value: 4238893563
 
-----------------------------------------------------------------------------------------------
| Id  | Operation                    | Name           | Rows  | Bytes | Cost (%CPU)| Time     |
-----------------------------------------------------------------------------------------------
|   0 | SELECT STATEMENT             |                |    21 |  2898 |     4   (0)| 00:00:01 |
|   1 |  NESTED LOOPS                |                |    21 |  2898 |     4   (0)| 00:00:01 |
|   2 |   TABLE ACCESS BY INDEX ROWID| EMPLOYEES      |     1 |    69 |     1   (0)| 00:00:01 |
|*  3 |    INDEX UNIQUE SCAN         | EMP_EMP_ID_PK  |     1 |       |     0   (0)| 00:00:01 |
|   4 |   TABLE ACCESS BY INDEX ROWID| EMPLOYEES      |    21 |  1449 |     3   (0)| 00:00:01 |
|*  5 |    INDEX RANGE SCAN          | EMP_MANAGER_IX |    21 |       |     1   (0)| 00:00:01 |
-----------------------------------------------------------------------------------------------
 
Predicate Information (identified by operation id):
---------------------------------------------------
 
   3 - access("E1"."EMPLOYEE_ID"=107)
   5 - access("E"."MANAGER_ID"<107)
       filter("E"."MANAGER_ID"<"E1"."EMPLOYEE_ID")
 
```

如上测试，原语句中e和e1是不等值连接，不添加hint的时候是采用nested loops的连接方式，然后添加USE_HASH指定e和e1进行hash连接，但是oracle将他忽略掉了。



### To be continued...

![小w](https://wx2.sinaimg.cn/mw1024/891ecf4fly1fr361nvrcnj207w07sad7.jpg)

###### 博文内容为小w原创，部分内容引用自官方资料，如转载请注明出处。^_^

###### 感谢关注w的小站，本小站将不定期(完全看心情～)更新分享技术知识，欢迎阅读，网址：www.itwwb.com
