---
layout: post
title: 访问路径的HINT（下）
date: 2015-3-17
categories: oracle优化
tags: [oracle优化]
description: 优化基础。
---

今天继续介绍ORACLE数据库中访问路径的HINT，此博文为访问路径HINT系列的下篇，将介绍INDEX_FFS、NO_INDEX_FFS、INDEX_SS、INDEX_SS_ASC、INDEX_SS_DESC、NO_INDEX_SS这几个HINT。


## INDEX_FFS

![index_ffs](https://docs.oracle.com/cd/E11882_01/server.112/e41084/img/index_ffs_hint.gif)

INDEX_FFS通知优化器采用索引快速全扫描而不是全表扫描。此HINT中的每个参数含义和INDEX的参数相同。
例如：

```sql
SELECT /*+ INDEX_FFS(e emp_name_ix) */ first_name 
  FROM employees e;
 
Execution Plan
---------------------------------------------------------
Plan hash value: 1847877723
  
------------------------------------------------------------------------------------
| Id  | Operation            | Name        | Rows  | Bytes | Cost (%CPU)| Time     |
------------------------------------------------------------------------------------
|   0 | SELECT STATEMENT     |             |   107 |   749 |     2   (0)| 00:00:01 |
|   1 |  INDEX FAST FULL SCAN| EMP_NAME_IX |   107 |   749 |     2   (0)| 00:00:01 |
------------------------------------------------------------------------------------

```

这里由于INDEX_FFS这个hint，走的是索引快速全扫描。下面不添加hint，执行： 

```sql
SELECT first_name FROM employees e;
 
Execution Plan
----------------------------------------------------------
  
Plan hash value: 2228653197
  
--------------------------------------------------------------------------------
| Id  | Operation        | Name        | Rows  | Bytes | Cost (%CPU)| Time     |
--------------------------------------------------------------------------------
|   0 | SELECT STATEMENT |             |   107 |   749 |     1   (0)| 00:00:01 |
|   1 |  INDEX FULL SCAN | EMP_NAME_IX |   107 |   749 |     1   (0)| 00:00:01 |
--------------------------------------------------------------------------------
 
```

不添加hint，Oracle默认是走的索引全扫描（IFS），而不是索引快速全扫描（IFFS）。这两个去区别在于，索引快速全扫描（IFFS）为多块读，和全表扫描（TFS）是一样的。其他的索引扫描方式均为单块读。



## NO_INDEX_FFS

![no_index_ffs](https://docs.oracle.com/cd/E11882_01/server.112/e41084/img/no_index_ffs_hint.gif)

NO_INDEX_FFS 通知优化器用除索引快速全扫描之外的方式扫描指定表的指定索引。此HINT中的每个参数的含义和NO_INDEX相同。
例如：
不添加hint运行以下语句：

```sql
conn oe/oe
SELECT  order_id
   FROM order_items items;
 
Execution Plan
----------------------------------------------------------
Plan hash value: 1924293394
 
--------------------------------------------------------------------------------------
| Id  | Operation            | Name          | Rows  | Bytes | Cost (%CPU)| Time     |
--------------------------------------------------------------------------------------
|   0 | SELECT STATEMENT     |               |   665 |  2660 |     2   (0)| 00:00:01 |
|   1 |  INDEX FAST FULL SCAN| ITEM_ORDER_IX |   665 |  2660 |     2   (0)| 00:00:01 |
--------------------------------------------------------------------------------------
 
```

现在添加hint，不让oracle采用item_order_ix索引的快速全扫描：

```sql
SELECT /*+ NO_INDEX_FFS(items item_order_ix) */ order_id
  FROM order_items items;
 
Execution Plan
----------------------------------------------------------
Plan hash value: 180147429
 
---------------------------------------------------------------------------------------
| Id  | Operation            | Name           | Rows  | Bytes | Cost (%CPU)| Time     |
---------------------------------------------------------------------------------------
|   0 | SELECT STATEMENT     |                |   665 |  2660 |     2   (0)| 00:00:01 |
|   1 |  INDEX FAST FULL SCAN| ORDER_ITEMS_PK |   665 |  2660 |     2   (0)| 00:00:01 |
---------------------------------------------------------------------------------------
 
```

oracle选择了除ITEM_ORDER_IX之外的其他索引进行了扫描。



## INDEX_SS

![index_ss](https://docs.oracle.com/cd/E11882_01/server.112/e41084/img/index_ss_hint.gif)

INDEX_SS通知优化器对指定的表执行索引跳跃扫描。如果语句采用索引范围扫描，那么Oracle以索引值升序的顺序访问索引条目。在分区索引中，每个分区的结果都是升序顺序的。此HINT中的每个参数含义和INDEX的参数相同。
例如：

```sql
SELECT /*+ INDEX_SS(e emp_name_ix) */ last_name
  FROM employees e
  WHERE first_name = 'Steven';

Execution Plan
----------------------------------------------------------
Plan hash value: 234440638
 
--------------------------------------------------------------------------------
| Id  | Operation        | Name        | Rows  | Bytes | Cost (%CPU)| Time     |
--------------------------------------------------------------------------------
|   0 | SELECT STATEMENT |             |     1 |    15 |     1   (0)| 00:00:01 |
|*  1 |  INDEX SKIP SCAN | EMP_NAME_IX |     1 |    15 |     1   (0)| 00:00:01 |
--------------------------------------------------------------------------------
 
Predicate Information (identified by operation id):
---------------------------------------------------
 
   1 - access("FIRST_NAME"='Steven')
       filter("FIRST_NAME"='Steven')
	   
```

这里面索引EMP_NAME_IX为first_name和last_name的组合索引，last_name为前导列，这种情况下，也可以走跳跃扫描。
索引跳跃扫描只可能发生在组合索引上，引导列(组合索引第一列)没有包含在where条件中，并且引导列基数很低。INDEX SKIP SCAN一般来说只会返回少量数据，如果返回大量数据，说明该执行计划可能有问题，也就是说索引建立不对。
为什么说如果返回大量数据的话执行计划会有问题呢？因为这个例子只是返回索引里面的数据，但是在生产环境往往一个查询会返回很多数据，那么就需要回表，回表为单块读，同时如果前导列基数很高，那么就会频繁的跳跃回表，最后消耗的资源会巨大，如下实验。
创建一个组合索引，这个组合索引的前导列**基数很高**。

```sql
create index idx_employee_job on hr.employees_01(EMPLOYEE_ID,JOB_ID);
```

分别执行以下两个语句：

```sql
SELECT *
    FROM employees_01 e
    WHERE DEPARTMENT_ID= 50;

Execution Plan
----------------------------------------------------------
Plan hash value: 2144625154

----------------------------------------------------------------------------------
| Id  | Operation         | Name         | Rows  | Bytes | Cost (%CPU)| Time     |
----------------------------------------------------------------------------------
|   0 | SELECT STATEMENT  |              |    45 |  5985 |     3   (0)| 00:00:01 |
|*  1 |  TABLE ACCESS FULL| EMPLOYEES_01 |    45 |  5985 |     3   (0)| 00:00:01 |
----------------------------------------------------------------------------------

Predicate Information (identified by operation id):
---------------------------------------------------

   1 - filter("DEPARTMENT_ID"=50)

Note
-----
   - dynamic sampling used for this statement (level=2)

Statistics
----------------------------------------------------------
        105  recursive calls
          0  db block gets
        151  consistent gets
          0  physical reads
          0  redo size
       4238  bytes sent via SQL*Net to client
        545  bytes received via SQL*Net from client
          4  SQL*Net roundtrips to/from client
          6  sorts (memory)
          0  sorts (disk)
         45  rows processed
```

不添加任何hint的时候，Oracle选择的是全表扫描的方式，现在添加INDEX_SS另其进行索引跳跃扫描：

```sql
SELECT  /*+ INDEX_SS(e idx_employee_DEPARTMENt) */ *
    FROM employees_01 e
    WHERE DEPARTMENT_ID= 50;

Execution Plan
----------------------------------------------------------
Plan hash value: 2390182140

-------------------------------------------------------------------------------------------------------
| Id  | Operation                   | Name                    | Rows  | Bytes | Cost (%CPU)| Time     |
-------------------------------------------------------------------------------------------------------
|   0 | SELECT STATEMENT            |                         |    45 |  5985 |     2   (0)| 00:00:01 |
|   1 |  TABLE ACCESS BY INDEX ROWID| EMPLOYEES_01            |    45 |  5985 |     2   (0)| 00:00:01 |
|*  2 |   INDEX SKIP SCAN           | IDX_EMPLOYEE_DEPARTMENT |     1 |       |     1   (0)| 00:00:01 |
-------------------------------------------------------------------------------------------------------

Predicate Information (identified by operation id):
---------------------------------------------------

   2 - access("DEPARTMENT_ID"=50)
       filter("DEPARTMENT_ID"=50)

Note
-----
   - dynamic sampling used for this statement (level=2)

Statistics
----------------------------------------------------------
        109  recursive calls
          0  db block gets
        155  consistent gets
          0  physical reads
          0  redo size
       4857  bytes sent via SQL*Net to client
        545  bytes received via SQL*Net from client
          4  SQL*Net roundtrips to/from client
          6  sorts (memory)
          0  sorts (disk)
         45  rows processed
```

实验发现，INDEX_SS加回表的消耗还要比全表稍微搞一些，这是在试验表还很小的情况下，要是生产上亿行数据上百G的segment size的情况下，走INDEX_SS的效果会很差。


## INDEX_SS_ASC

![index_ss_asc](https://docs.oracle.com/cd/E11882_01/server.112/e41084/img/index_ss_asc_hint.gif)

INDEX_SS_ASC通知优化器对制定表执行索引跳跃扫描。如果语句采用了索引范围扫描，那么Oracle数据库以索引值升序的方式扫描索引条目。在分区索引中，每个分区的结果都是升序顺序的。此HINT中的每个参数含义和INDEX相同。
范围扫描的默认就是以升序扫描索引条目的值，或以降序扫描一个降序索引。这个hint不改变索引的默认排序，因此相对INDEX_SS hint不用指定更多东西。然而，你可以用INDEX__SS_ASC来显示的指定升序范围扫描来改变默认扫描行为。


## INDEX_SS_DESC
 
![index_ss_desc](https://docs.oracle.com/cd/E11882_01/server.112/e41084/img/index_ss_desc_hint.gif)

INDEX_SS_DESC通知优化器对指定的表采用索引跳跃扫描的方式。如果语句中用索引范围扫描而且这个索引是升序的，那么Oracle会以索引值降序的方式扫描这个索引的条目。在分区索引中，每个分区的结果都是降序的。对于降序索引来说，这个hint实际上取消了降序顺序，扫描索引条目的结果是升序的。此HINT中的每个参数含义和INDEX相同。
例如：

```sql
SELECT /*+ INDEX_SS_DESC(e emp_name_ix) */ last_name
  FROM employees e
  WHERE first_name = 'Steven';
 
Execution Plan
----------------------------------------------------------
Plan hash value: 1908905488
 
------------------------------------------------------------------------------------------
| Id  | Operation                  | Name        | Rows  | Bytes | Cost (%CPU)| Time     |
------------------------------------------------------------------------------------------
|   0 | SELECT STATEMENT           |             |     1 |    15 |     1   (0)| 00:00:01 |
|*  1 |  INDEX SKIP SCAN DESCENDING| EMP_NAME_IX |     1 |    15 |     1   (0)| 00:00:01 |
------------------------------------------------------------------------------------------
 
Predicate Information (identified by operation id):
---------------------------------------------------
 
   1 - access("FIRST_NAME"='Steven')
       filter("FIRST_NAME"='Steven')
	    
```


## NO_INDEX_SS

![no_index_ss](https://docs.oracle.com/cd/E11882_01/server.112/e41084/img/no_index_ss_hint.gif)

NO_INDEX_SS 通知优化器用除索引跳跃扫描之外的方式扫描指定表的指定索引。此HINT中的每个参数的含义和NO_INDEX相同。
例如：

```sql
conn hr/hr
 SELECT  last_name
    FROM employees e
   WHERE first_name = 'Steven';
 
Execution Plan
----------------------------------------------------------
Plan hash value: 234440638
 
--------------------------------------------------------------------------------
| Id  | Operation        | Name        | Rows  | Bytes | Cost (%CPU)| Time     |
--------------------------------------------------------------------------------
|   0 | SELECT STATEMENT |             |     1 |    15 |     1   (0)| 00:00:01 |
|*  1 |  INDEX SKIP SCAN | EMP_NAME_IX |     1 |    15 |     1   (0)| 00:00:01 |
--------------------------------------------------------------------------------
 
Predicate Information (identified by operation id):
---------------------------------------------------
 
   1 - access("FIRST_NAME"='Steven')
       filter("FIRST_NAME"='Steven')
	   
```

上面的语句默认采用的就是INDEX SKIP SCAN方式，现在添加hint不让oracle采用这种方式：

```sql
SELECT /*+ NO_INDEX_SS(e emp_name_ix) */ last_name
    FROM employees e
   WHERE first_name = 'Steven';
 
Execution Plan
----------------------------------------------------------
Plan hash value: 2228653197
 
--------------------------------------------------------------------------------
| Id  | Operation        | Name        | Rows  | Bytes | Cost (%CPU)| Time     |
--------------------------------------------------------------------------------
|   0 | SELECT STATEMENT |             |     1 |    15 |     1   (0)| 00:00:01 |
|*  1 |  INDEX FULL SCAN | EMP_NAME_IX |     1 |    15 |     1   (0)| 00:00:01 |
--------------------------------------------------------------------------------
 
Predicate Information (identified by operation id):
---------------------------------------------------
 
   1 - access("FIRST_NAME"='Steven')
       filter("FIRST_NAME"='Steven')
	   
```

如上，因为hint的效果，执行计划从之前的跳跃扫面变为索引全扫描。

至于类似NATIVE_FULL_OUTER_JOIN、NO_NATIVE_FULL_OUTER_JOIN等HINT由于基本很少使用，本博文就不介绍了，感兴趣的童鞋请自行google，嘿嘿～



![小w](https://wx2.sinaimg.cn/mw1024/891ecf4fly1fr361nvrcnj207w07sad7.jpg)

###### 博文内容为小w原创，部分内容引用自官方资料，如转载请注明出处。^_^

###### 感谢关注w的小站，本小站将不定期(完全看心情～)更新分享技术知识，欢迎阅读，网址：www.itwwb.com
