---
layout: post
title: 连接顺序的HINT
date: 2015-3-27
categories: oracle优化
tags: [oracle优化]
description: 优化基础。
---

在ORACLE 11Gr2数据库中，可以控制连接顺序的HINT只有两个，分别是ORDERED和LEADING，下面就针对这两个HINT进行介绍和演示。

## ORDERED 

![ordered](https://docs.oracle.com/cd/E11882_01/server.112/e41084/img/ordered_hint.gif)

ORDERED通知Oracle将在FROM字句中出现的表按顺序连接（从左到右的顺序）。Oracle建议使用比ORDERED更全面的hint：LEADING，简而言之就是ORDERED这个HINT可以近似的当作RBO,是严格按照where之后表的位置顺序进行连接的。

当你在忽略SQL语句中ORDERED这个hint时请求一个连接操作，优化器自己选择表连接的顺序（这就是CBO和RBO的区别）。如果你知道每个表被选择的行数而优化器不知道，你可能想要用ORDERED去指定一个连接的顺序。这些信息会让你比优化器选择一个更好的内部和外部表。

下面的查询就是一个使用ORDERED的例子（oracle示例数据库中OE用户下）：

```sql
SELECT  /*+ ORDERED */ o.order_id, c.customer_id, l.unit_price * l.quantity
  FROM customers c, order_items l, orders o
  WHERE c.cust_last_name = 'Taylor'
    AND o.customer_id = c.customer_id
    AND o.order_id = l.order_id;

Execution Plan
----------------------------------------------------------
Plan hash value: 2860113470

-------------------------------------------------------------------------------------------------
| Id  | Operation                    | Name             | Rows  | Bytes | Cost (%CPU)| Time     |
-------------------------------------------------------------------------------------------------
|   0 | SELECT STATEMENT             |                  |    42 |  1344 |    11  (10)| 00:00:01 |
|*  1 |  HASH JOIN                   |                  |    42 |  1344 |    11  (10)| 00:00:01 |
|   2 |   TABLE ACCESS BY INDEX ROWID| ORDERS           |   105 |   840 |     2   (0)| 00:00:01 |
|*  3 |    INDEX RANGE SCAN          | ORD_CUSTOMER_IX  |   105 |       |     1   (0)| 00:00:01 |
|   4 |   MERGE JOIN CARTESIAN       |                  |  1995 | 47880 |     9  (12)| 00:00:01 |
|*  5 |    VIEW                      | index$_join$_001 |     3 |    36 |     3  (34)| 00:00:01 |
|*  6 |     HASH JOIN                |                  |       |       |            |          |
|*  7 |      INDEX RANGE SCAN        | CUST_LNAME_IX    |     3 |    36 |     1   (0)| 00:00:01 |
|   8 |      INDEX FAST FULL SCAN    | CUSTOMERS_PK     |     3 |    36 |     1   (0)| 00:00:01 |
|   9 |    BUFFER SORT               |                  |   665 |  7980 |     6   (0)| 00:00:01 |
|  10 |     TABLE ACCESS FULL        | ORDER_ITEMS      |   665 |  7980 |     2   (0)| 00:00:01 |
-------------------------------------------------------------------------------------------------

Predicate Information (identified by operation id):
---------------------------------------------------

   1 - access("O"."CUSTOMER_ID"="C"."CUSTOMER_ID" AND "O"."ORDER_ID"="L"."ORDER_ID")
   3 - access("O"."CUSTOMER_ID">0)
   5 - filter("C"."CUST_LAST_NAME"='Taylor')
   6 - access(ROWID=ROWID)
   7 - access("C"."CUST_LAST_NAME"='Taylor')
```


虽然执行计划看上去有点复杂，其实只是相当于添加了一个/\*+ordered index(o ORD_CUSTOMER_IX) index_join(c CUST_LNAME_IX CUSTOMERS_PK) full(l)\*/的hint实现的，那么为了便于观察，现在指定SQL语句中涉及到的三张表都用全表访问的方式进行扫描，SQL和执行计划如下：

```sql
SELECT  /*+ ORDERED full(c) full(l) full(o)*/ o.order_id, c.customer_id, l.unit_price * l.quantity
  FROM customers c, order_items l, orders o
  WHERE c.cust_last_name = 'Taylor'
    AND o.customer_id = c.customer_id
    AND o.order_id = l.order_id;
​
Execution Plan
----------------------------------------------------------
Plan hash value: 399942249
​
-------------------------------------------------------------------------------------
| Id  | Operation             | Name        | Rows  | Bytes | Cost (%CPU)| Time     |
-------------------------------------------------------------------------------------
|   0 | SELECT STATEMENT      |             |    42 |  1344 |    15   (7)| 00:00:01 |
|*  1 |  HASH JOIN            |             |    42 |  1344 |    15   (7)| 00:00:01 |
|*  2 |   TABLE ACCESS FULL   | ORDERS      |   105 |   840 |     3   (0)| 00:00:01 |
|   3 |   MERGE JOIN CARTESIAN|             |  1995 | 47880 |    11   (0)| 00:00:01 |
|*  4 |    TABLE ACCESS FULL  | CUSTOMERS   |     3 |    36 |     5   (0)| 00:00:01 |
|   5 |    BUFFER SORT        |             |   665 |  7980 |     6   (0)| 00:00:01 |
|   6 |     TABLE ACCESS FULL | ORDER_ITEMS |   665 |  7980 |     2   (0)| 00:00:01 |
-------------------------------------------------------------------------------------
​
Predicate Information (identified by operation id):
---------------------------------------------------
​
   1 - access("O"."CUSTOMER_ID"="C"."CUSTOMER_ID" AND
              "O"."ORDER_ID"="L"."ORDER_ID")
   2 - filter("O"."CUSTOMER_ID">0)
   4 - filter("C"."CUST_LAST_NAME"='Taylor')

```

如上执行计划，因为指定了ORDERED，表的连接方式按照FROM字句后面书写的顺序进行连接，即：c，l，o。这和执行计划中展示的表的连接顺序正好一致（按照4，6，2的顺序进行表连接，这里不考虑谁做驱动表谁做被驱动表）

## LEADING 

![LEADING](https://docs.oracle.com/cd/E11882_01/server.112/e41084/img/leading_hint.gif)

LEADING通知优化器在执行计划中采用指定的表的集合做前缀（即将指定的表作为连接次序中的首表，LEADING仅仅是表示表连接的先后顺序，不能指定连接的时候哪张表作为驱动表哪张表作为被驱动表）。LEADING比ORDERED更全面。比如：

```sql
SELECT /*+ LEADING(e j) */ *
    FROM employees e, departments d, job_history j
    WHERE e.department_id = d.department_id
      AND e.hire_date = j.start_date;

Execution Plan
----------------------------------------------------------
Plan hash value: 53762868
​
-----------------------------------------------------------------------------------
| Id  | Operation           | Name        | Rows  | Bytes | Cost (%CPU)| Time     |
-----------------------------------------------------------------------------------
|   0 | SELECT STATEMENT    |             |    11 |  1331 |    10  (10)| 00:00:01 |
|*  1 |  HASH JOIN          |             |    11 |  1331 |    10  (10)| 00:00:01 |
|*  2 |   HASH JOIN         |             |    11 |  1100 |     7  (15)| 00:00:01 |
|   3 |    TABLE ACCESS FULL| EMPLOYEES   |   107 |  7383 |     3   (0)| 00:00:01 |
|   4 |    TABLE ACCESS FULL| JOB_HISTORY |    10 |   310 |     3   (0)| 00:00:01 |
|   5 |   TABLE ACCESS FULL | DEPARTMENTS |    27 |   567 |     3   (0)| 00:00:01 |
-----------------------------------------------------------------------------------
​
Predicate Information (identified by operation id):
---------------------------------------------------
​
   1 - access("E"."DEPARTMENT_ID"="D"."DEPARTMENT_ID")
   2 - access("E"."HIRE_DATE"="J"."START_DATE")

 ```

如上执行计划，语句在指定LEADING的时候，先将表e和j进行连接。
进一步测试，如下三种hint，观察执行计划：

```sql
SQL> SELECT /*+ LEADING(d) */ *
  2      FROM employees e, departments d, job_history j
  3      WHERE e.department_id = d.department_id
  4        AND e.hire_date = j.start_date;
​
Execution Plan
----------------------------------------------------------
Plan hash value: 3991313307
​
---------------------------------------------------------------------------------------------
| Id  | Operation                     | Name        | Rows  | Bytes | Cost (%CPU)| Time     |
---------------------------------------------------------------------------------------------
|   0 | SELECT STATEMENT              |             |    11 |  1331 |    10  (20)| 00:00:01 |
|*  1 |  HASH JOIN                    |             |    11 |  1331 |    10  (20)| 00:00:01 |
|   2 |   TABLE ACCESS FULL           | JOB_HISTORY |    10 |   310 |     3   (0)| 00:00:01 |
|   3 |   MERGE JOIN                  |             |   106 |  9540 |     6  (17)| 00:00:01 |
|   4 |    TABLE ACCESS BY INDEX ROWID| DEPARTMENTS |    27 |   567 |     2   (0)| 00:00:01 |
|   5 |     INDEX FULL SCAN           | DEPT_ID_PK  |    27 |       |     1   (0)| 00:00:01 |
|*  6 |    SORT JOIN                  |             |   107 |  7383 |     4  (25)| 00:00:01 |
|   7 |     TABLE ACCESS FULL         | EMPLOYEES   |   107 |  7383 |     3   (0)| 00:00:01 |
---------------------------------------------------------------------------------------------
​
Predicate Information (identified by operation id):
---------------------------------------------------
​
   1 - access("E"."HIRE_DATE"="J"."START_DATE")
   6 - access("E"."DEPARTMENT_ID"="D"."DEPARTMENT_ID")
       filter("E"."DEPARTMENT_ID"="D"."DEPARTMENT_ID")
​
SQL> SELECT /*+ LEADING(e) */ *
  2      FROM employees e, departments d, job_history j
  3      WHERE e.department_id = d.department_id
  4        AND e.hire_date = j.start_date;
​
Execution Plan
----------------------------------------------------------
Plan hash value: 53762868
​
-----------------------------------------------------------------------------------
| Id  | Operation           | Name        | Rows  | Bytes | Cost (%CPU)| Time     |
-----------------------------------------------------------------------------------
|   0 | SELECT STATEMENT    |             |    11 |  1331 |    10  (10)| 00:00:01 |
|*  1 |  HASH JOIN          |             |    11 |  1331 |    10  (10)| 00:00:01 |
|*  2 |   HASH JOIN         |             |    11 |  1100 |     7  (15)| 00:00:01 |
|   3 |    TABLE ACCESS FULL| EMPLOYEES   |   107 |  7383 |     3   (0)| 00:00:01 |
|   4 |    TABLE ACCESS FULL| JOB_HISTORY |    10 |   310 |     3   (0)| 00:00:01 |
|   5 |   TABLE ACCESS FULL | DEPARTMENTS |    27 |   567 |     3   (0)| 00:00:01 |
-----------------------------------------------------------------------------------
​
Predicate Information (identified by operation id):
---------------------------------------------------
​
   1 - access("E"."DEPARTMENT_ID"="D"."DEPARTMENT_ID")
   2 - access("E"."HIRE_DATE"="J"."START_DATE")
​
SQL> SELECT /*+ LEADING(j) */ *
  2      FROM employees e, departments d, job_history j
  3      WHERE e.department_id = d.department_id
  4        AND e.hire_date = j.start_date;
​
Execution Plan
----------------------------------------------------------
Plan hash value: 374978462
​
-----------------------------------------------------------------------------------
| Id  | Operation           | Name        | Rows  | Bytes | Cost (%CPU)| Time     |
-----------------------------------------------------------------------------------
|   0 | SELECT STATEMENT    |             |    11 |  1331 |    10  (10)| 00:00:01 |
|*  1 |  HASH JOIN          |             |    11 |  1331 |    10  (10)| 00:00:01 |
|*  2 |   HASH JOIN         |             |    11 |  1100 |     7  (15)| 00:00:01 |
|   3 |    TABLE ACCESS FULL| JOB_HISTORY |    10 |   310 |     3   (0)| 00:00:01 |
|   4 |    TABLE ACCESS FULL| EMPLOYEES   |   107 |  7383 |     3   (0)| 00:00:01 |
|   5 |   TABLE ACCESS FULL | DEPARTMENTS |    27 |   567 |     3   (0)| 00:00:01 |
-----------------------------------------------------------------------------------
​
Predicate Information (identified by operation id):
---------------------------------------------------
​
   1 - access("E"."DEPARTMENT_ID"="D"."DEPARTMENT_ID")
   2 - access("E"."HIRE_DATE"="J"."START_DATE")

 ```

如上，当LEADING中只指定单一表时，只能确定这个语句最先接入的表是哪个。那么下面进一步将LEADING中的表指定为多个（六种情况）：
第一种顺序：

```sql
SQL> SELECT /*+ LEADING(e d j) */ *
  2      FROM employees e, departments d, job_history j
  3      WHERE e.department_id = d.department_id
  4        AND e.hire_date = j.start_date;
​
Execution Plan
----------------------------------------------------------
Plan hash value: 1223456744
​
-----------------------------------------------------------------------------------
| Id  | Operation           | Name        | Rows  | Bytes | Cost (%CPU)| Time     |
-----------------------------------------------------------------------------------
|   0 | SELECT STATEMENT    |             |    11 |  1331 |    10  (10)| 00:00:01 |
|*  1 |  HASH JOIN          |             |    11 |  1331 |    10  (10)| 00:00:01 |
|   2 |   TABLE ACCESS FULL | JOB_HISTORY |    10 |   310 |     3   (0)| 00:00:01 |
|*  3 |   HASH JOIN         |             |   106 |  9540 |     7  (15)| 00:00:01 |
|   4 |    TABLE ACCESS FULL| EMPLOYEES   |   107 |  7383 |     3   (0)| 00:00:01 |
|   5 |    TABLE ACCESS FULL| DEPARTMENTS |    27 |   567 |     3   (0)| 00:00:01 |
-----------------------------------------------------------------------------------
​
Predicate Information (identified by operation id):
---------------------------------------------------
​
   1 - access("E"."HIRE_DATE"="J"."START_DATE")
   3 - access("E"."DEPARTMENT_ID"="D"."DEPARTMENT_ID")
​
```

第二种顺序：

```sql
SQL> SELECT /*+ LEADING(e j d) */ *
  2      FROM employees e, departments d, job_history j
  3      WHERE e.department_id = d.department_id
  4        AND e.hire_date = j.start_date;
​
Execution Plan
----------------------------------------------------------
Plan hash value: 53762868
​
-----------------------------------------------------------------------------------
| Id  | Operation           | Name        | Rows  | Bytes | Cost (%CPU)| Time     |
-----------------------------------------------------------------------------------
|   0 | SELECT STATEMENT    |             |    11 |  1331 |    10  (10)| 00:00:01 |
|*  1 |  HASH JOIN          |             |    11 |  1331 |    10  (10)| 00:00:01 |
|*  2 |   HASH JOIN         |             |    11 |  1100 |     7  (15)| 00:00:01 |
|   3 |    TABLE ACCESS FULL| EMPLOYEES   |   107 |  7383 |     3   (0)| 00:00:01 |
|   4 |    TABLE ACCESS FULL| JOB_HISTORY |    10 |   310 |     3   (0)| 00:00:01 |
|   5 |   TABLE ACCESS FULL | DEPARTMENTS |    27 |   567 |     3   (0)| 00:00:01 |
-----------------------------------------------------------------------------------
​
Predicate Information (identified by operation id):
---------------------------------------------------
​
   1 - access("E"."DEPARTMENT_ID"="D"."DEPARTMENT_ID")
   2 - access("E"."HIRE_DATE"="J"."START_DATE")
​
```

第三种顺序：

```sql
SQL> SELECT /*+ LEADING(j e d) */ *
  2      FROM employees e, departments d, job_history j
  3      WHERE e.department_id = d.department_id
  4        AND e.hire_date = j.start_date;
​
Execution Plan
----------------------------------------------------------
Plan hash value: 374978462
​
-----------------------------------------------------------------------------------
| Id  | Operation           | Name        | Rows  | Bytes | Cost (%CPU)| Time     |
-----------------------------------------------------------------------------------
|   0 | SELECT STATEMENT    |             |    11 |  1331 |    10  (10)| 00:00:01 |
|*  1 |  HASH JOIN          |             |    11 |  1331 |    10  (10)| 00:00:01 |
|*  2 |   HASH JOIN         |             |    11 |  1100 |     7  (15)| 00:00:01 |
|   3 |    TABLE ACCESS FULL| JOB_HISTORY |    10 |   310 |     3   (0)| 00:00:01 |
|   4 |    TABLE ACCESS FULL| EMPLOYEES   |   107 |  7383 |     3   (0)| 00:00:01 |
|   5 |   TABLE ACCESS FULL | DEPARTMENTS |    27 |   567 |     3   (0)| 00:00:01 |
-----------------------------------------------------------------------------------
​
Predicate Information (identified by operation id):
---------------------------------------------------
​
   1 - access("E"."DEPARTMENT_ID"="D"."DEPARTMENT_ID")
   2 - access("E"."HIRE_DATE"="J"."START_DATE")
​
```

第四种顺序：

```sql
SQL> SELECT /*+ LEADING(j d e) */ *
  2      FROM employees e, departments d, job_history j
  3      WHERE e.department_id = d.department_id
  4        AND e.hire_date = j.start_date;
​
Execution Plan
----------------------------------------------------------
Plan hash value: 653418840
​
-------------------------------------------------------------------------------------
| Id  | Operation             | Name        | Rows  | Bytes | Cost (%CPU)| Time     |
-------------------------------------------------------------------------------------
|   0 | SELECT STATEMENT      |             |    11 |  1331 |    22   (5)| 00:00:01 |
|*  1 |  HASH JOIN            |             |    11 |  1331 |    22   (5)| 00:00:01 |
|   2 |   TABLE ACCESS FULL   | EMPLOYEES   |   107 |  7383 |     3   (0)| 00:00:01 |
|   3 |   MERGE JOIN CARTESIAN|             |   270 | 14040 |    18   (0)| 00:00:01 |
|   4 |    TABLE ACCESS FULL  | JOB_HISTORY |    10 |   310 |     3   (0)| 00:00:01 |
|   5 |    BUFFER SORT        |             |    27 |   567 |    15   (0)| 00:00:01 |
|   6 |     TABLE ACCESS FULL | DEPARTMENTS |    27 |   567 |     2   (0)| 00:00:01 |
-------------------------------------------------------------------------------------
​
Predicate Information (identified by operation id):
---------------------------------------------------
​
   1 - access("E"."DEPARTMENT_ID"="D"."DEPARTMENT_ID" AND
              "E"."HIRE_DATE"="J"."START_DATE")
​
```

第五种顺序：

```sql
SQL> SELECT /*+ LEADING(d e j) */ *
  2      FROM employees e, departments d, job_history j
  3      WHERE e.department_id = d.department_id
  4        AND e.hire_date = j.start_date;
​
Execution Plan
----------------------------------------------------------
Plan hash value: 3991313307
​
---------------------------------------------------------------------------------------------
| Id  | Operation                     | Name        | Rows  | Bytes | Cost (%CPU)| Time     |
---------------------------------------------------------------------------------------------
|   0 | SELECT STATEMENT              |             |    11 |  1331 |    10  (20)| 00:00:01 |
|*  1 |  HASH JOIN                    |             |    11 |  1331 |    10  (20)| 00:00:01 |
|   2 |   TABLE ACCESS FULL           | JOB_HISTORY |    10 |   310 |     3   (0)| 00:00:01 |
|   3 |   MERGE JOIN                  |             |   106 |  9540 |     6  (17)| 00:00:01 |
|   4 |    TABLE ACCESS BY INDEX ROWID| DEPARTMENTS |    27 |   567 |     2   (0)| 00:00:01 |
|   5 |     INDEX FULL SCAN           | DEPT_ID_PK  |    27 |       |     1   (0)| 00:00:01 |
|*  6 |    SORT JOIN                  |             |   107 |  7383 |     4  (25)| 00:00:01 |
|   7 |     TABLE ACCESS FULL         | EMPLOYEES   |   107 |  7383 |     3   (0)| 00:00:01 |
---------------------------------------------------------------------------------------------
​
Predicate Information (identified by operation id):
---------------------------------------------------
​
   1 - access("E"."HIRE_DATE"="J"."START_DATE")
   6 - access("E"."DEPARTMENT_ID"="D"."DEPARTMENT_ID")
       filter("E"."DEPARTMENT_ID"="D"."DEPARTMENT_ID")
​
```

第六种顺序：

```sql

SQL> SELECT /*+ LEADING(d j e) */ *
  2      FROM employees e, departments d, job_history j
  3      WHERE e.department_id = d.department_id
  4        AND e.hire_date = j.start_date;
​
Execution Plan
----------------------------------------------------------
Plan hash value: 4282809977
​
-------------------------------------------------------------------------------------
| Id  | Operation             | Name        | Rows  | Bytes | Cost (%CPU)| Time     |
-------------------------------------------------------------------------------------
|   0 | SELECT STATEMENT      |             |    11 |  1331 |    45   (3)| 00:00:01 |
|*  1 |  HASH JOIN            |             |    11 |  1331 |    45   (3)| 00:00:01 |
|   2 |   TABLE ACCESS FULL   | EMPLOYEES   |   107 |  7383 |     3   (0)| 00:00:01 |
|   3 |   MERGE JOIN CARTESIAN|             |   270 | 14040 |    41   (0)| 00:00:01 |
|   4 |    TABLE ACCESS FULL  | DEPARTMENTS |    27 |   567 |     3   (0)| 00:00:01 |
|   5 |    BUFFER SORT        |             |    10 |   310 |    38   (0)| 00:00:01 |
|   6 |     TABLE ACCESS FULL | JOB_HISTORY |    10 |   310 |     1   (0)| 00:00:01 |
-------------------------------------------------------------------------------------
​
Predicate Information (identified by operation id):
---------------------------------------------------
​
   1 - access("E"."DEPARTMENT_ID"="D"."DEPARTMENT_ID" AND
              "E"."HIRE_DATE"="J"."START_DATE")

 ```

如上六种执行计划，LEADING中指定多个表的时候，只是通知优化器按照这个方式进行连接（如果可以这么连接的话），而不考虑具体连接时哪张表为驱动表，哪张表为被驱动表。

如果被指定的表不能以指定的连接顺序进行连接时，LEADING由于连接图表的相互依赖关系而被忽略掉。如果你指定了两个或两个以上有冲突的LEADING时，那么他们全都会被忽略掉。如果指定了ORDERED，它将覆盖所有的LEADING（即可以认为ORDERED的级别高于LEADING）
如下SQL语句，由于在语句块中指定了2个相互冲突LEADING，所以oracle将其全部忽略。（hint的意思是想让j，e先被接入，而被忽略之后，oracle选择了d最最先接入的表）

```sql

SQL> SELECT /*+ LEADING(j) LEADING(e) */ *
  2      FROM employees e, departments d, job_history j
  3      WHERE e.department_id = d.department_id
  4        AND e.hire_date = j.start_date;
 
Execution Plan
----------------------------------------------------------
Plan hash value: 3991313307
 
---------------------------------------------------------------------------------------------
| Id  | Operation                     | Name        | Rows  | Bytes | Cost (%CPU)| Time     |
---------------------------------------------------------------------------------------------
|   0 | SELECT STATEMENT              |             |    11 |  1331 |    10  (20)| 00:00:01 |
|*  1 |  HASH JOIN                    |             |    11 |  1331 |    10  (20)| 00:00:01 |
|   2 |   TABLE ACCESS FULL           | JOB_HISTORY |    10 |   310 |     3   (0)| 00:00:01 |
|   3 |   MERGE JOIN                  |             |   106 |  9540 |     6  (17)| 00:00:01 |
|   4 |    TABLE ACCESS BY INDEX ROWID| DEPARTMENTS |    27 |   567 |     2   (0)| 00:00:01 |
|   5 |     INDEX FULL SCAN           | DEPT_ID_PK  |    27 |       |     1   (0)| 00:00:01 |
|*  6 |    SORT JOIN                  |             |   107 |  7383 |     4  (25)| 00:00:01 |
|   7 |     TABLE ACCESS FULL         | EMPLOYEES   |   107 |  7383 |     3   (0)| 00:00:01 |
---------------------------------------------------------------------------------------------
 
Predicate Information (identified by operation id):
---------------------------------------------------
 
   1 - access("E"."HIRE_DATE"="J"."START_DATE")
   6 - access("E"."DEPARTMENT_ID"="D"."DEPARTMENT_ID")
       filter("E"."DEPARTMENT_ID"="D"."DEPARTMENT_ID")

 ```

下面这种就是ORDERED和LEADING同时出现的情况，ORDERED的效果将LEADING覆盖。

```sql

SQL> SELECT /*+ ORDERED LEADING(d) */ *
  2      FROM employees e, departments d, job_history j
  3      WHERE e.department_id = d.department_id
  4        AND e.hire_date = j.start_date;
​
Execution Plan
----------------------------------------------------------
Plan hash value: 1223456744
​
-----------------------------------------------------------------------------------
| Id  | Operation           | Name        | Rows  | Bytes | Cost (%CPU)| Time     |
-----------------------------------------------------------------------------------
|   0 | SELECT STATEMENT    |             |    11 |  1331 |    10  (10)| 00:00:01 |
|*  1 |  HASH JOIN          |             |    11 |  1331 |    10  (10)| 00:00:01 |
|   2 |   TABLE ACCESS FULL | JOB_HISTORY |    10 |   310 |     3   (0)| 00:00:01 |
|*  3 |   HASH JOIN         |             |   106 |  9540 |     7  (15)| 00:00:01 |
|   4 |    TABLE ACCESS FULL| EMPLOYEES   |   107 |  7383 |     3   (0)| 00:00:01 |
|   5 |    TABLE ACCESS FULL| DEPARTMENTS |    27 |   567 |     3   (0)| 00:00:01 |
-----------------------------------------------------------------------------------
​
Predicate Information (identified by operation id):
---------------------------------------------------
​
   1 - access("E"."HIRE_DATE"="J"."START_DATE")
   3 - access("E"."DEPARTMENT_ID"="D"."DEPARTMENT_ID")

```

LEADING指定最先接入的表为d，但是由于ORDERED的存在，Oracle执行时候按照从左到右的顺序选择了FROM最左面的表e。




![小w](https://wx2.sinaimg.cn/mw1024/891ecf4fly1fr361nvrcnj207w07sad7.jpg)

###### 博文内容为小w原创，部分内容引用自官方资料，如转载请注明出处。^_^

###### 感谢关注w的小站，本小站将不定期(完全看心情～)更新分享技术知识，欢迎阅读，网址：www.itwwb.com
