---
layout: post
title: 获取最佳吞吐量及最快响应时间的HINT
date: 2015-3-4
categories: oracle优化
tags: [oracle优化,oracle基础知识]
description: 优化基础。
---

# Optimization Goals and Approaches
有两个HINT，其中/\*+ all_rows \*/是为了获得最佳吞吐量， /\*+ first_rows \*/是为了获得最快响应速度，下面详细说一下这两个HINT。

## ALL_ROWS

![all_rows](https://docs.oracle.com/cd/E11882_01/server.112/e41084/img/all_rows_hint.gif)

 ALL_ROWS通知优化器以最佳吞吐量为目的去优化一个语句块，即是最低的总资源消耗。比如，优化器使用查询优化路径或更改表连接方式等方法去优化这个语句以达到最佳吞吐量。
```sql
SELECT /*+ ALL_ROWS */ employee_id, last_name, salary, job_id
  FROM employees
  WHERE employee_id = 107;

Execution Plan
----------------------------------------------------------
Plan hash value: 1833546154

---------------------------------------------------------------------------------------------
| Id  | Operation                   | Name          | Rows  | Bytes | Cost (%CPU)| Time     |
---------------------------------------------------------------------------------------------
|   0 | SELECT STATEMENT            |               |     1 |    25 |     1   (0)| 00:00:01 |
|   1 |  TABLE ACCESS BY INDEX ROWID| EMPLOYEES     |     1 |    25 |     1   (0)| 00:00:01 |
|*  2 |   INDEX UNIQUE SCAN         | EMP_EMP_ID_PK |     1 |       |     0   (0)| 00:00:01 |
---------------------------------------------------------------------------------------------

Predicate Information (identified by operation id):
---------------------------------------------------

   2 - access("EMPLOYEE_ID"=107)


Statistics
----------------------------------------------------------
          8  recursive calls
          0  db block gets
          4  consistent gets
          0  physical reads
          0  redo size
        756  bytes sent via SQL*Net to client
        523  bytes received via SQL*Net from client
          2  SQL*Net roundtrips to/from client
          0  sorts (memory)
          0  sorts (disk)
          1  rows processed
```

在一个SQL语句中指定不论是ALL_ROWS还是FIRST_ROWS，如果数据字典没有这个语句中需要接入表的统计信息，那么优化器采用默认统计值，例如这种表分配的存储，去估算遗失的统计信息,随后选择一个执行计划。这些预估可能不如那些用DBMS_STATS包收集之后的准确，所以你应该使用DBMS_STATS包去收集统计信息。(关于这个包的使用方法，后面文章会写到)
如果你给接入路径或连接操作指定HINT但同时没有用ALL_ROWS和FIRST_ROWS，那么优化器优先考虑被HINT指定的接入路径和连接操作方式。

## FIRST_ROWS

![first_rows](https://docs.oracle.com/cd/E11882_01/server.112/e41084/img/first_rows_hint.gif)

FIRST_ROWS通知Oracle以最快响应为目的优化一个单独的SQL语句，选择返回前n行最效率的执行计划。上图中的integer代表的是指定返回的行数。
例如，下面示例建议优化器采用查询优化路径去优化，从而达到最佳响应时间：

```sql
SELECT /*+ FIRST_ROWS(10) */ employee_id, last_name, salary, job_id
  FROM employees
  WHERE department_id = 20;
Execution Plan
----------------------------------------------------------
Plan hash value: 2056577954

-------------------------------------------------------------------------------------------------
| Id  | Operation                   | Name              | Rows  | Bytes | Cost (%CPU)| Time     |
-------------------------------------------------------------------------------------------------
|   0 | SELECT STATEMENT            |                   |     2 |    56 |     2   (0)| 00:00:01 |
|   1 |  TABLE ACCESS BY INDEX ROWID| EMPLOYEES         |     2 |    56 |     2   (0)| 00:00:01 |
|*  2 |   INDEX RANGE SCAN          | EMP_DEPARTMENT_IX |     2 |       |     1   (0)| 00:00:01 |
-------------------------------------------------------------------------------------------------

Predicate Information (identified by operation id):
---------------------------------------------------

   2 - access("DEPARTMENT_ID"=20)


Statistics
----------------------------------------------------------
         93  recursive calls
          0  db block gets
        114  consistent gets
          1  physical reads
          0  redo size
        827  bytes sent via SQL*Net to client
        523  bytes received via SQL*Net from client
          2  SQL*Net roundtrips to/from client
          6  sorts (memory)
          0  sorts (disk)
          2  rows processed
```

在这个例子中每个department包括多个employee，用户想要尽可能快显示出department为20的employee的前10行数据。

优化器会忽略掉在DELETE和UPDATE语句块以及在包含任何阻塞操作的SELECT语句块中这个HINT，比如排序和分组。因为这样的语句不能被优化为最快响应时间，Oracle数据库在返回前几行之前必须取回被这个语句访问的全部行。如果你指定这个HINT在任何这样的语句中，那么数据库会将其按照最佳吞吐量进行优化。




![小w](https://wx2.sinaimg.cn/mw1024/891ecf4fly1fr361nvrcnj207w07sad7.jpg)
###### 博文内容为小w原创，部分引用自官方文档，如转载请注明出处。^_^
###### 感谢关注w的小站，本小站将不定期(完全看心情～)更新分享技术知识，欢迎阅读，网址：www.itwwb.com
