---
layout: post
title: 访问路径的HINT（中）
date: 2015-3-31
categories: OracleTuning
tags: [Oracle,Tuning]
description: 优化基础。
---


今天继续介绍ORACLE数据库中访问路径的HINT，此博文为访问路径HINT系列的中篇，主要介绍INDEX_ASC、INDEX_DESC、INDEX_COMBINE、INDEX_JOIN这四个HINT，那么下面就开始吧～！

## INDEX_ASC

![index_asc](https://docs.oracle.com/cd/E11882_01/server.112/e41084/img/index_asc_hint.gif)

INDEX_ASC通知优化器对指定的表进行索引升序扫描。如果语句用了索引范围扫描，那么Oracle数据库以索引值的升序的顺序扫描索引的条目。INDEX_ASC的每个参数含义和INDEX相同(详细请看上一篇博文：访问路径的HINT（上）)。
范围扫描的默认就是以**升序**扫描索引条目的值，或以**降序**扫描一个**降序索引**。这个hint不改变索引的默认排序，因此相对INDEX不用指定更多东西,使用方法是一样的。然而，你也可以用INDEX_ASC来显示的指定升序范围扫描来改变默认扫描行为。
oracle数据库默认设置就是升序的进行索引扫描的，对于正常的索引来说，都是升序排列的，那么INDEX和INDEX_ASC在效果上是一样的。



## INDEX_DESC

![index_desc](https://docs.oracle.com/cd/E11882_01/server.112/e41084/img/index_desc_hint.gif)

INDEX_DESC将通知优化器对指定的表采用索引降序扫描的方式。如果语句中用索引范围扫描而且这个索引是升序的，那么Oracle会以索引值降序的方式扫描这个索引的条目。在分区索引中，每个分区的结果都是降序的。对于降序索引来说，这个hint实际上相当于取消了降序顺序，扫描索引条目的结果是升序的。INDEX_DESC的每个参数含义和INDEX相同。

示例：
首先创建一个降序的索引

```sql
create index EMP_EMP_ID_PK_desc on hr.employees(EMPLOYEE_ID desc);
```

以下查询，最终结果希望得到以employee_id列进行升序排列，，添加HINT使语句采用索引升序的方式扫描。（很多时候INDEX_ASC与INDEX效果等同）

```sql
SELECT /*+ INDEX_ASC(employees EMP_EMP_ID_PK_desc) */ employee_id
   FROM employees
   order by employee_id asc;

Execution Plan
----------------------------------------------------------
Plan hash value: 3786355170
 
---------------------------------------------------------------------------------------
| Id  | Operation        | Name               | Rows  | Bytes | Cost (%CPU)| Time     |
---------------------------------------------------------------------------------------
|   0 | SELECT STATEMENT |                    |   107 |   428 |     2  (50)| 00:00:01 |
|   1 |  SORT ORDER BY   |                    |   107 |   428 |     2  (50)| 00:00:01 |
|   2 |   INDEX FULL SCAN| EMP_EMP_ID_PK_DESC |   107 |   428 |     1   (0)| 00:00:01 |
---------------------------------------------------------------------------------------
```

如上执行计划，由于语句最后要求以升序排列，而hint中引用的的索引是降序索引，那么索引扫描之后还要再进行一次SORT ORDER BY
下面采用降序索引扫描的方式：

```sql
SELECT /*+ INDEX_desc(employees EMP_EMP_ID_PK_desc) */ employee_id
    FROM employees
     order by employee_id asc;
 
Execution Plan
----------------------------------------------------------
Plan hash value: 2878697745
 
-------------------------------------------------------------------------------------------------
| Id  | Operation                  | Name               | Rows  | Bytes | Cost (%CPU)| Time     |
-------------------------------------------------------------------------------------------------
|   0 | SELECT STATEMENT           |                    |   107 |   428 |     1   (0)| 00:00:01 |
|   1 |  INDEX FULL SCAN DESCENDING| EMP_EMP_ID_PK_DESC |   107 |   428 |     1   (0)| 00:00:01 |
-------------------------------------------------------------------------------------------------
```

如上所见，执行计划中没有出现额外的排序，因为索引本身就是降序的。



## INDEX_COMBINE

![index_combine](https://docs.oracle.com/cd/E11882_01/server.112/e41084/img/index_combine_hint.gif)

INDEX_COMBINE通知优化器对表采用位图的访问路径的方式 。如果indexspec从INDEX_COMBINE中漏掉了，那么优化器将采用表中预估最佳成本的任意一个索引进行布尔组合。如果你指定了indexspec，那么优化器会尝试对指定索引采用布尔组合的方式。此HINT中的每个参数含义和INDEX相同。

```sql
SELECT /*+ INDEX_COMBINE(e emp_manager_ix emp_department_ix) */ *
  FROM employees e
  WHERE manager_id = 108
     OR department_id = 110;
     
Execution Plan
----------------------------------------------------------
Plan hash value: 3462844036

------------------------------------------------------------------------------------------------------
| Id  | Operation                        | Name              | Rows  | Bytes | Cost (%CPU)| Time     |
------------------------------------------------------------------------------------------------------
|   0 | SELECT STATEMENT                 |                   |     6 |   414 |     3   (0)| 00:00:01 |
|   1 |  TABLE ACCESS BY INDEX ROWID     | EMPLOYEES         |     6 |   414 |     3   (0)| 00:00:01 |
|   2 |   BITMAP CONVERSION TO ROWIDS    |                   |       |       |            |          |
|   3 |    BITMAP OR                     |                   |       |       |            |          |
|   4 |     BITMAP CONVERSION FROM ROWIDS|                   |       |       |            |          |
|*  5 |      INDEX RANGE SCAN            | EMP_MANAGER_IX    |       |       |     1   (0)| 00:00:01 |
|   6 |     BITMAP CONVERSION FROM ROWIDS|                   |       |       |            |          |
|*  7 |      INDEX RANGE SCAN            | EMP_DEPARTMENT_IX |       |       |     1   (0)| 00:00:01 |
------------------------------------------------------------------------------------------------------

Predicate Information (identified by operation id):
---------------------------------------------------

   5 - access("MANAGER_ID"=108)
   7 - access("DEPARTMENT_ID"=110)
```

以上执行计划中ID=4和ID=6处出现”BITMAP CONVERSION FROM ROWIDS“是因为语句中hint指定的两个索引都是b-tree索引，所以需要先进行bitmap的转换。
表eployees上的所有索引信息如下：

```sql
INDEX_NAME                     TABLE_NAME             COLUMN_NAME      COLUMN_POSITION LAST_ANAL STATUS   INDEX_TYPE
 ------------------------------ ---------------------- ---------------- --------------- --------- -------- ---------------------
 EMP_DEPARTMENT_IX              EMPLOYEES              DEPARTMENT_ID                  1 24-AUG-13 VALID    NORMAL
 EMP_EMAIL_UK                   EMPLOYEES              EMAIL                          1 24-AUG-13 VALID    NORMAL
 EMP_EMP_ID_PK                  EMPLOYEES              EMPLOYEE_ID                    1 24-AUG-13 VALID    NORMAL
 EMP_EMP_ID_PK_DESC             EMPLOYEES              SYS_NC00012$                   1 20-DEC-16 VALID    FUNCTION-BASED NORMAL
 EMP_JOB_IX                     EMPLOYEES              JOB_ID                         1 24-AUG-13 VALID    NORMAL
 EMP_MANAGER_IX                 EMPLOYEES              MANAGER_ID                     1 24-AUG-13 VALID    NORMAL
 EMP_NAME_IX                    EMPLOYEES              LAST_NAME                      1 24-AUG-13 VALID    NORMAL
 EMP_NAME_IX                    EMPLOYEES              FIRST_NAME                     2 24-AUG-13 VALID    NORMAL
```

下面建立一个和employees完全一样的表employees_01，在相应的两个列上建立bitmap索引：

```sql
create table employees_01 as select * from employees;
create bitmap index emp_manager_ix_bit on hr.employees_01(manager_id);
create bitmap index emp_department_ix_bit on hr.employees_01(department_id);

INDEX_NAME                     TABLE_NAME             COLUMN_NAME      COLUMN_POSITION LAST_ANAL STATUS   INDEX_TYPE
------------------------------ ---------------------- ---------------- --------------- --------- -------- -----------
EMP_DEPARTMENT_IX_BIT          EMPLOYEES_01           DEPARTMENT_ID                  1 20-DEC-16 VALID    BITMAP
EMP_MANAGER_IX_BIT             EMPLOYEES_01           MANAGER_ID                     1 20-DEC-16 VALID    BITMAP
```

运行下面的语句并查看执行计划：

```sql
SELECT /*+ INDEX_COMBINE(e EMP_DEPARTMENT_IX_BIT EMP_MANAGER_IX_BIT) */ *
    FROM employees_01 e
    WHERE manager_id = 108
       OR department_id = 110;
       
Execution Plan
----------------------------------------------------------
Plan hash value: 1245214328

------------------------------------------------------------------------------------------------------
| Id  | Operation                    | Name                  | Rows  | Bytes | Cost (%CPU)| Time     |
------------------------------------------------------------------------------------------------------
|   0 | SELECT STATEMENT             |                       |     7 |   931 |     3   (0)| 00:00:01 |
|   1 |  TABLE ACCESS BY INDEX ROWID | EMPLOYEES_01          |     7 |   931 |     3   (0)| 00:00:01 |
|   2 |   BITMAP CONVERSION TO ROWIDS|                       |       |       |            |          |
|   3 |    BITMAP OR                 |                       |       |       |            |          |
|*  4 |     BITMAP INDEX SINGLE VALUE| EMP_MANAGER_IX_BIT    |       |       |            |          |
|*  5 |     BITMAP INDEX SINGLE VALUE| EMP_DEPARTMENT_IX_BIT |       |       |            |          |
------------------------------------------------------------------------------------------------------

Predicate Information (identified by operation id):
---------------------------------------------------

   4 - access("MANAGER_ID"=108)
   5 - access("DEPARTMENT_ID"=110)
```

如上，执行计划中没有出现“BITMAP CONVERSION FROM ROWIDS”。



## INDEX_JOIN

![index_join](https://docs.oracle.com/cd/E11882_01/server.112/e41084/img/index_join_hint.gif)

INDEX_JOIN通知优化器以索引连接的方式作为访问路径。为了让这个hint有好的效果，包含所有用来处理这个查询的需要的列的索引必须数量足够小
此HINT中每个参数含义和INDEX相同。例如，下面的查询使用索引连接的方式访问均在表中有索引的manager_id列和department_id列。

```sql
SELECT /*+ INDEX_JOIN(e emp_manager_ix emp_department_ix) */ department_id
  FROM employees e
  WHERE manager_id < 110
    AND department_id < 50;
    
Execution Plan
----------------------------------------------------------
Plan hash value: 122674319

----------------------------------------------------------------------------------------
| Id  | Operation          | Name              | Rows  | Bytes | Cost (%CPU)| Time     |
----------------------------------------------------------------------------------------
|   0 | SELECT STATEMENT   |                   |     3 |    21 |     2   (0)| 00:00:01 |
|*  1 |  VIEW              | index$_join$_001  |     3 |    21 |     2   (0)| 00:00:01 |
|*  2 |   HASH JOIN        |                   |       |       |            |          |
|*  3 |    INDEX RANGE SCAN| EMP_DEPARTMENT_IX |     3 |    21 |     1   (0)| 00:00:01 |
|*  4 |    INDEX RANGE SCAN| EMP_MANAGER_IX    |     3 |    21 |     1   (0)| 00:00:01 |
----------------------------------------------------------------------------------------

Predicate Information (identified by operation id):
---------------------------------------------------

   1 - filter("DEPARTMENT_ID"<50 AND "MANAGER_ID"<110)
   2 - access(ROWID=ROWID)
   3 - access("DEPARTMENT_ID"<50)
   4 - access("MANAGER_ID"<110)
```

如上执行计划，oracle首先选择两个索引进行范围扫描，然后执行HASH JOIN，而HASH JOIN的链接列是ROWID，最后通过一个内部视图执行查询过滤。
而不添加hint的语句运行的执行计划如下：
 
 ```sql
 SELECT  department_id
    FROM employees e
    WHERE manager_id < 110
      AND department_id < 50;

Execution Plan
----------------------------------------------------------
Plan hash value: 2056577954

-------------------------------------------------------------------------------------------------
| Id  | Operation                   | Name              | Rows  | Bytes | Cost (%CPU)| Time     |
-------------------------------------------------------------------------------------------------
|   0 | SELECT STATEMENT            |                   |     3 |    21 |     2   (0)| 00:00:01 |
|*  1 |  TABLE ACCESS BY INDEX ROWID| EMPLOYEES         |     3 |    21 |     2   (0)| 00:00:01 |
|*  2 |   INDEX RANGE SCAN          | EMP_DEPARTMENT_IX |    11 |       |     1   (0)| 00:00:01 |
-------------------------------------------------------------------------------------------------

Predicate Information (identified by operation id):
---------------------------------------------------

   1 - filter("MANAGER_ID"<110)
   2 - access("DEPARTMENT_ID"<50)
 ```
 
 执行计划中采用了索引范围扫描，并通过rowid进行回表过滤。
 而对于bitmap索引，却需要多出一个转换步骤，如下：

 ```sql
 SELECT /*+ INDEX_JOIN(e EMP_DEPARTMENT_IX_BIT EMP_MANAGER_IX_BIT) */ department_id
    FROM employees_01 e
   WHERE manager_id < 110
     AND department_id < 50;

Execution Plan
----------------------------------------------------------
Plan hash value: 2604223757

-------------------------------------------------------------------------------------------------------
| Id  | Operation                     | Name                  | Rows  | Bytes | Cost (%CPU)| Time     |
-------------------------------------------------------------------------------------------------------
|   0 | SELECT STATEMENT              |                       |     4 |   104 |     2   (0)| 00:00:01 |
|*  1 |  VIEW                         | index$_join$_001      |     4 |   104 |     2   (0)| 00:00:01 |
|*  2 |   HASH JOIN                   |                       |       |       |            |          |
|   3 |    BITMAP CONVERSION TO ROWIDS|                       |     4 |   104 |     1   (0)| 00:00:01 |
|*  4 |     BITMAP INDEX RANGE SCAN   | EMP_DEPARTMENT_IX_BIT |       |       |            |          |
|   5 |    BITMAP CONVERSION TO ROWIDS|                       |     4 |   104 |     1   (0)| 00:00:01 |
|*  6 |     BITMAP INDEX RANGE SCAN   | EMP_MANAGER_IX_BIT    |       |       |            |          |
-------------------------------------------------------------------------------------------------------

Predicate Information (identified by operation id):
---------------------------------------------------

   1 - filter("MANAGER_ID"<110 AND "DEPARTMENT_ID"<50)
   2 - access(ROWID=ROWID)
   4 - access("DEPARTMENT_ID"<50)
       filter("DEPARTMENT_ID"<50)
   6 - access("MANAGER_ID"<110)
       filter("MANAGER_ID"<110)
 ```
 
注意ID=3和ID=5，出现了“BITMAP CONVERSION TO ROWIDS”，这个是将bitmap转换为rowid，和之前“BITMAP CONVERSION FROM ROWIDS”是不同的。因此可以得出对于INDEX_JOIN这种连接方式，b-tree不需要转换。而bitmap需要转换。这与上面的INDEX_COMBINE正好相反。
不过这种执行计划的前提是，查询所选择的列必须能够通过索引完全的提供，如果包含了索引中不存在的列，oracle是不会再次选择扫描表的。
 
 ```sql
 SQL> SELECT /*+ INDEX_JOIN(e emp_manager_ix emp_department_ix) */ *
  2    FROM employees e
  3    WHERE manager_id < 110
  4      AND department_id < 50;

Execution Plan
----------------------------------------------------------
Plan hash value: 2056577954

-------------------------------------------------------------------------------------------------
| Id  | Operation                   | Name              | Rows  | Bytes | Cost (%CPU)| Time     |
-------------------------------------------------------------------------------------------------
|   0 | SELECT STATEMENT            |                   |     3 |   207 |     2   (0)| 00:00:01 |
|*  1 |  TABLE ACCESS BY INDEX ROWID| EMPLOYEES         |     3 |   207 |     2   (0)| 00:00:01 |
|*  2 |   INDEX RANGE SCAN          | EMP_DEPARTMENT_IX |    11 |       |     1   (0)| 00:00:01 |
-------------------------------------------------------------------------------------------------

Predicate Information (identified by operation id):
---------------------------------------------------

   1 - filter("MANAGER_ID"<110)
   2 - access("DEPARTMENT_ID"<50)
 ```
 
如上，需要返回的结果为全部行，就会涉及到回表操作，于是oracle忽略了INDEX_JOIN这个hint。
不仅这样，如果在返回的结果里包括了ROWID的信息，oracle也会忽略INDEX JOIN这种索引的hash连接的方式的，尽管原本的index hash join的连接列是rowid，如下测试：
 
```sql
SQL> SELECT /*+ INDEX_JOIN(e emp_manager_ix emp_department_ix) */ rowid
  2    FROM employees e
  3    WHERE manager_id < 110
  4      AND department_id < 50;

Execution Plan
----------------------------------------------------------
Plan hash value: 2056577954

-------------------------------------------------------------------------------------------------
| Id  | Operation                   | Name              | Rows  | Bytes | Cost (%CPU)| Time     |
-------------------------------------------------------------------------------------------------
|   0 | SELECT STATEMENT            |                   |     3 |    57 |     2   (0)| 00:00:01 |
|*  1 |  TABLE ACCESS BY INDEX ROWID| EMPLOYEES         |     3 |    57 |     2   (0)| 00:00:01 |
|*  2 |   INDEX RANGE SCAN          | EMP_DEPARTMENT_IX |    11 |       |     1   (0)| 00:00:01 |
-------------------------------------------------------------------------------------------------

Predicate Information (identified by operation id):
---------------------------------------------------

   1 - filter("MANAGER_ID"<110)
   2 - access("DEPARTMENT_ID"<50)
```

虽然感觉这样其实没有道理，因为索引本身就包含了rowid的信息，但是oracle在做处理的时候仍然忽略了这个连接方式。
此外，查询count(\*)也是可以用这种连接方式的：

```sql
SQL> SELECT /*+ INDEX_JOIN(e emp_manager_ix emp_department_ix) */ count(0)
  2    FROM employees e
  3    WHERE manager_id < 110
  4      AND department_id < 50;

Execution Plan
----------------------------------------------------------
Plan hash value: 103804749

-----------------------------------------------------------------------------------------
| Id  | Operation           | Name              | Rows  | Bytes | Cost (%CPU)| Time     |
-----------------------------------------------------------------------------------------
|   0 | SELECT STATEMENT    |                   |     1 |     7 |     2   (0)| 00:00:01 |
|   1 |  SORT AGGREGATE     |                   |     1 |     7 |            |          |
|*  2 |   VIEW              | index$_join$_001  |     3 |    21 |     2   (0)| 00:00:01 |
|*  3 |    HASH JOIN        |                   |       |       |            |          |
|*  4 |     INDEX RANGE SCAN| EMP_DEPARTMENT_IX |     3 |    21 |     1   (0)| 00:00:01 |
|*  5 |     INDEX RANGE SCAN| EMP_MANAGER_IX    |     3 |    21 |     1   (0)| 00:00:01 |
-----------------------------------------------------------------------------------------

Predicate Information (identified by operation id):
---------------------------------------------------

   2 - filter("DEPARTMENT_ID"<50 AND "MANAGER_ID"<110)
   3 - access(ROWID=ROWID)
   4 - access("DEPARTMENT_ID"<50)
   5 - access("MANAGER_ID"<110)
```

只是由于以上的几种限制，INDEX_JOIN用处不是很广泛，但是如果建立符合索引的话，会更大的降低查询成本。


```sql
SQL> SELECT  rowid,manager_id,department_id
  2    FROM employees e
  3    WHERE manager_id < 110
  4      AND department_id < 50;

Execution Plan
----------------------------------------------------------
Plan hash value: 2514200154

-----------------------------------------------------------------------------------
| Id  | Operation        | Name           | Rows  | Bytes | Cost (%CPU)| Time     |
-----------------------------------------------------------------------------------
|   0 | SELECT STATEMENT |                |     3 |    57 |     1   (0)| 00:00:01 |
|*  1 |  INDEX RANGE SCAN| EMP_MANID_DEID |     3 |    57 |     1   (0)| 00:00:01 |
-----------------------------------------------------------------------------------

Predicate Information (identified by operation id):
---------------------------------------------------

   1 - access("MANAGER_ID"<110 AND "DEPARTMENT_ID"<50)
       filter("DEPARTMENT_ID"<50)
```

 
 
 
### To be continued...

![小w](https://wx2.sinaimg.cn/mw1024/891ecf4fly1fr361nvrcnj207w07sad7.jpg)

###### 博文内容为小w原创，部分内容引用自官方资料，如转载请注明出处。^_^

###### 感谢关注w的小站，本小站将不定期(完全看心情～)更新分享技术知识，欢迎阅读，网址：www.itwwb.com
