---
layout: post
title: 其他HINT（四）
date: 2015-08-30
categories: oracle优化
tags: [oracle优化]
description: 优化基础。
---

经过前面的一系列博文，对于ORACLE的HINT常用的基本HINT有了大体的了解，下面介绍一些其他种类的HINT，由于比较多，可能会慢慢更新，大概四五篇会写完吧，看情况，嘿嘿~

此篇博文是系列第四篇，主要介绍PUSH_PRED和NO_PUSH_PRED ~

## PUSH_PRED 

![push_pred](https://docs.oracle.com/cd/E11882_01/server.112/e41084/img/push_pred_hint.gif)

PUSH_PRED通知优化器将一个连接谓词推入到视图中，例如：

···sql

SELECT /*+ NO_MERGE(v) PUSH_PRED(v) */ *
  FROM employees e,
    (SELECT manager_id
      FROM employees) v
  WHERE e.manager_id = v.manager_id(+)
    AND e.employee_id = 100;
	
```
	
以上的语句中，NO_MERGE是为了防止视图合并，然后将为连接列的谓词MANAGER_ID推入到视图v中，如下执行计划：

```sql

SQL> set autot trace exp
SQL> SELECT /*+ NO_MERGE(v) PUSH_PRED(v) */ *
  2    FROM employees e,
  3      (SELECT manager_id
  4        FROM employees) v
  5    WHERE e.manager_id = v.manager_id(+)
  6      AND e.employee_id = 100;
 
Execution Plan
----------------------------------------------------------
Plan hash value: 4259233738
 
-----------------------------------------------------------------------------------------------
| Id  | Operation                    | Name           | Rows  | Bytes | Cost (%CPU)| Time     |
-----------------------------------------------------------------------------------------------
|   0 | SELECT STATEMENT             |                |     7 |   595 |     2   (0)| 00:00:01 |
|   1 |  NESTED LOOPS OUTER          |                |     7 |   595 |     2   (0)| 00:00:01 |
|   2 |   TABLE ACCESS BY INDEX ROWID| EMPLOYEES      |     1 |    72 |     1   (0)| 00:00:01 |
|*  3 |    INDEX UNIQUE SCAN         | EMP_EMP_ID_PK  |     1 |       |     0   (0)| 00:00:01 |
|   4 |   VIEW PUSHED PREDICATE      |                |     1 |    13 |     1   (0)| 00:00:01 |
|*  5 |    INDEX RANGE SCAN          | EMP_MANAGER_IX |     6 |    24 |     1   (0)| 00:00:01 |
-----------------------------------------------------------------------------------------------
 
Predicate Information (identified by operation id):
---------------------------------------------------
 
   3 - access("E"."EMPLOYEE_ID"=100)
   5 - access("MANAGER_ID"="E"."MANAGER_ID")
   
```
   
观察"ID=4"的地方，出现了"VIEW PUSHED PERDICATE"关键字，这就代表发生了谓词推入。默认ORACLE总会尝试谓词推入，因为它认为这样的成本低。


## NO_PUSH_PRED 

![nopushpred](https://docs.oracle.com/cd/E11882_01/server.112/e41084/img/no_push_pred_hint.gif)

NO_PUSH_PRED通知优化器不要将连接谓词推入到视图中，例如：

```sql

SQL> SELECT /*+ NO_MERGE(v) NO_PUSH_PRED(v) */ *
  2    FROM employees e,
  3         (SELECT manager_id
  4            FROM employees) v
  5    WHERE e.manager_id = v.manager_id(+)
  6      AND e.employee_id = 100;
 
Execution Plan
----------------------------------------------------------
Plan hash value: 1940769814
 
----------------------------------------------------------------------------------------------
| Id  | Operation                    | Name          | Rows  | Bytes | Cost (%CPU)| Time     |
----------------------------------------------------------------------------------------------
|   0 | SELECT STATEMENT             |               |     7 |   595 |     4   (0)| 00:00:01 |
|   1 |  NESTED LOOPS OUTER          |               |     7 |   595 |     4   (0)| 00:00:01 |
|   2 |   TABLE ACCESS BY INDEX ROWID| EMPLOYEES     |     1 |    72 |     1   (0)| 00:00:01 |
|*  3 |    INDEX UNIQUE SCAN         | EMP_EMP_ID_PK |     1 |       |     0   (0)| 00:00:01 |
|*  4 |   VIEW                       |               |     7 |    91 |     3   (0)| 00:00:01 |
|   5 |    TABLE ACCESS FULL         | EMPLOYEES     |   107 |   428 |     3   (0)| 00:00:01 |
----------------------------------------------------------------------------------------------
 
Predicate Information (identified by operation id):
---------------------------------------------------
 
   3 - access("E"."EMPLOYEE_ID"=100)
   4 - filter("E"."MANAGER_ID"="V"."MANAGER_ID"(+))

```
   
由于NO_MERGE的介入，视图没有进行合并，见"ID=4"处。而由于NO_PUSH_PRED的介入，连接列的谓词没有推入到视图v中，所以这条SQL运行的顺序就是先通过e表的employee_id=1000进行过滤回表，然后结果与v视图进行NL outer，这里面视图v只可以作为被驱动表，因为是做外连接。驱动表是主表，被驱动表是附加表，这个是固定的。


To be continued...


![小w](https://wx2.sinaimg.cn/mw1024/891ecf4fly1fr361nvrcnj207w07sad7.jpg)

###### 博文内容为小w原创，部分内容引用自官方资料，如转载请注明出处。^_^

###### 感谢关注w的小站，本小站将不定期(完全看心情～)更新分享技术知识，欢迎阅读，网址：www.itwwb.com
