---
layout: post
title: 其他HINT（六）
date: 2015-11-12
categories: OracleTuning
tags: [Oracle,Tuning]
description: 优化基础。
---

经过前面的一系列博文，对于ORACLE的HINT常用的基本HINT有了大体的了解，下面介绍一些其他种类的HINT，此篇博文是系列第六篇，也是最后一篇，主要介绍QB_NAME、RESULT_CACHE、NO_RESULT_CACHE和CARDINALITY，以及简单的介绍一下RESULT_CACHE_MODE参数。至于其他没提到的HINT，诸如PX_JOIN_FILTER、NO_PX_JOIN_FILTER、NO_XMLINDEX_REWRITE等很少用到的，感兴趣的可以自行google一下，虽然并没什么用，嘿嘿 ~


## QB_NAME

![qbname](https://docs.oracle.com/cd/E11882_01/server.112/e41084/img/qb_name_hint.gif)

使用QB_NAME可以给查询块定义一个名字。这名字可以在外层查询的hint中使用，或在内联视图中用来使用，用来影响在被命名的查询块中出现的表的查询执行。

如果两或多个查询块有相同的名字，或者相同的查询块被hint用不用的名字指定了两次，那么优化器忽略所有的名字和引用这个查询块的hint。没有用这个hint命名的查询块拥有系统生成的唯一的名字。这些名字可以在plan表中被展示，也可以用在查询块内部的hint中，或在查询块的hint中，例如：

```sql

SQL> SELECT /*+ QB_NAME(qb) FULL(@qb e) */ employee_id, last_name
  2    FROM employees e
  3    WHERE last_name = 'Smith';
 
Execution Plan
----------------------------------------------------------
Plan hash value: 1445457117
 
-------------------------------------------------------------------------------
| Id  | Operation         | Name      | Rows  | Bytes | Cost (%CPU)| Time     |
-------------------------------------------------------------------------------
|   0 | SELECT STATEMENT  |           |     1 |    12 |     3   (0)| 00:00:01 |
|*  1 |  TABLE ACCESS FULL| EMPLOYEES |     1 |    12 |     3   (0)| 00:00:01 |
-------------------------------------------------------------------------------
 
Predicate Information (identified by operation id):
---------------------------------------------------
 
   1 - filter("LAST_NAME"='Smith')
   
```
   
指定2个QB_NAME 的话，oracle会忽略掉这个hint：

```sql

SQL> SELECT /*+ QB_NAME(qb1) QB_NAME(qb2) FULL(@qb e) */ employee_id, last_name
  FROM employees e
    WHERE last_name = 'Smith';
	
	
Elapsed: 00:00:00.06
 
Execution Plan
----------------------------------------------------------
Plan hash value: 2077747057
 
-------------------------------------------------------------------------------------------
| Id  | Operation                   | Name        | Rows  | Bytes | Cost (%CPU)| Time     |
-------------------------------------------------------------------------------------------
|   0 | SELECT STATEMENT            |             |     1 |    12 |     2   (0)| 00:00:01 |
|   1 |  TABLE ACCESS BY INDEX ROWID| EMPLOYEES   |     1 |    12 |     2   (0)| 00:00:01 |
|*  2 |   INDEX RANGE SCAN          | EMP_NAME_IX |     1 |       |     1   (0)| 00:00:01 |
-------------------------------------------------------------------------------------------
 
Predicate Information (identified by operation id):
---------------------------------------------------
 
   2 - access("LAST_NAME"='Smith')
   
```
   
测试一下多个查询块：

```sql被等价改写成了如下join形式：
SQL> SELECT  employee_id, last_name
  2    FROM employees e
  3    WHERE e.DEPARTMENT_ID in 
  4  (select d.DEPARTMENT_ID from departments d where d.location_id ='1800');
 
Execution Plan
----------------------------------------------------------
Plan hash value: 432925905
 
---------------------------------------------------------------------------------------------------
| Id  | Operation                     | Name              | Rows  | Bytes | Cost (%CPU)| Time     |
---------------------------------------------------------------------------------------------------
|   0 | SELECT STATEMENT              |                   |    10 |   220 |     3   (0)| 00:00:01 |
|   1 |  NESTED LOOPS                 |                   |       |       |            |          |
|   2 |   NESTED LOOPS                |                   |    10 |   220 |     3   (0)| 00:00:01 |
|   3 |    TABLE ACCESS BY INDEX ROWID| DEPARTMENTS       |     1 |     7 |     2   (0)| 00:00:01 |
|*  4 |     INDEX RANGE SCAN          | DEPT_LOCATION_IX  |     1 |       |     1   (0)| 00:00:01 |
|*  5 |    INDEX RANGE SCAN           | EMP_DEPARTMENT_IX |    10 |       |     0   (0)| 00:00:01 |
|   6 |   TABLE ACCESS BY INDEX ROWID | EMPLOYEES         |    10 |   150 |     1   (0)| 00:00:01 |
---------------------------------------------------------------------------------------------------
 
Predicate Information (identified by operation id):
---------------------------------------------------
 
   4 - access("D"."LOCATION_ID"=1800)
   5 - access("E"."DEPARTMENT_ID"="D"."DEPARTMENT_ID")
 
 
SQL> SELECT  /*+ QB_NAME(qb1) FULL(e@qb1)*/employee_id, last_name
  2    FROM employees e
  3    WHERE e.DEPARTMENT_ID in 
  4  (select d.DEPARTMENT_ID from departments d where d.location_id ='1800');
 
Execution Plan
----------------------------------------------------------
Plan hash value: 3865462772
 
-------------------------------------------------------------------------------------------------
| Id  | Operation                    | Name             | Rows  | Bytes | Cost (%CPU)| Time     |
-------------------------------------------------------------------------------------------------
|   0 | SELECT STATEMENT             |                  |    10 |   220 |     6  (17)| 00:00:01 |
|*  1 |  HASH JOIN                   |                  |    10 |   220 |     6  (17)| 00:00:01 |
|   2 |   TABLE ACCESS BY INDEX ROWID| DEPARTMENTS      |     1 |     7 |     2   (0)| 00:00:01 |
|*  3 |    INDEX RANGE SCAN          | DEPT_LOCATION_IX |     1 |       |     1   (0)| 00:00:01 |
|   4 |   TABLE ACCESS FULL          | EMPLOYEES        |   107 |  1605 |     3   (0)| 00:00:01 |
-------------------------------------------------------------------------------------------------
 
Predicate Information (identified by operation id):
---------------------------------------------------
 
   1 - access("E"."DEPARTMENT_ID"="D"."DEPARTMENT_ID")
   3 - access("D"."LOCATION_ID"=1800)
 
 
SQL> SELECT  /*+ QB_NAME(qb1) FULL(e@qb1) FULL(d@qb2)*/employee_id, last_name
  2    FROM employees e
  3    WHERE e.DEPARTMENT_ID in 
  4  (select /*+QB_NAME(qb2)*/d.DEPARTMENT_ID from departments d where d.location_id ='1800');
 
Execution Plan
----------------------------------------------------------
Plan hash value: 2052257371
 
----------------------------------------------------------------------------------
| Id  | Operation          | Name        | Rows  | Bytes | Cost (%CPU)| Time     |
----------------------------------------------------------------------------------
|   0 | SELECT STATEMENT   |             |    10 |   220 |     7  (15)| 00:00:01 |
|*  1 |  HASH JOIN         |             |    10 |   220 |     7  (15)| 00:00:01 |
|*  2 |   TABLE ACCESS FULL| DEPARTMENTS |     1 |     7 |     3   (0)| 00:00:01 |
|   3 |   TABLE ACCESS FULL| EMPLOYEES   |   107 |  1605 |     3   (0)| 00:00:01 |
----------------------------------------------------------------------------------
 
Predicate Information (identified by operation id):
---------------------------------------------------
 
   1 - access("E"."DEPARTMENT_ID"="D"."DEPARTMENT_ID")
   2 - filter("D"."LOCATION_ID"=1800)

```   
   
## RESULT_CACHE 

![res_cach](https://docs.oracle.com/cd/E11882_01/server.112/e41084/img/result_cache_hint.gif)

RESULT_CACHE通知数据库将当前查询或查询片段的结果缓存到内存中，然后未来的查询或查询片段执行时使用缓存的结果集。这个hint只有在最外层查询，子查询部分子句或者内联视图FROM的子句中才能被识别出来。缓存的结果集放在shared pool的result cache 内存部分。

每当缓存结果集生成时使用的数据库对象成功修改的时候缓存结果集就自动失效。这个hint优先于RESULT_CACHE_MODE初始化参数的设置。

仅当查询中所有涉及到的函数都是明确的（比如，内嵌或者用户自定义函数或者虚拟列）时候，对其结果缓存的查询才是符合条件的。

如果查询从OCI客户端被执行，且OCI客户端的结果缓存是启用的，那么RESULT_CACHE这个hint将对客户端启用当前查询的缓存。



#### 关于RESULT_CACHE_MODE初始化参数

（引用自于ORACLE 11Gr2官方文档）：
 
Property       |Description
:--------------|:-----------------------------------------
Parameter type |String
Syntax         | RESULT_CACHE_MODE = { MANUAL &#124; FORCE }
Default value  |MANUAL
Modifiable     | ALTER SESSION, ALTER SYSTEM
Basic          | No


RESULT_CACHE_MODE指定ResultCache运算符拼接为查询的执行计划 

Values:

- MANUAL： ResultCache操作符只在查询是被注释的时候添加（即，hint）
- FORCE：ResultCache操作符添加到所有select语句中（如果那是有效的）

对于FORCE设置，如果语句中包含了一个NO_RESULT_CACHE的hint，那么HINT优先于这个参数设置。



## NO_RESULT_CACHE 

![no_res_cach](https://docs.oracle.com/cd/E11882_01/server.112/e41084/img/no_result_cache_hint.gif)

如果RESULT_CACHE_MODE初始化参数设置为FORCE，那么优化器将在result cache中缓存查询结果。在这种情况下，NO_RESULT_CACHE这个hint将对当前查询禁用这种缓存。
如果查询从OCI客户端被执行，且OCI客户端的结果缓存是启用的，那么RESULT_CACHE这个hint将对客户端禁用当前查询的缓存。


## CARDINALITY

语法： cardinality(table|alias,n)
这个HINT可能是内部文档才有的，所以语法树没有引用官方的图。

这个hint可以让CBO认为表的行数是n，这样就可以改变执行计划了，因为有时候中间生成的表是没有统计信息的，类似TABLE函数生成的表，他默认行数是8168行（TABLE函数创建的伪表是没有统计信息的）。所以涉及到TABLE函数的表往往会走hash而不是NL。
对于where in list，常用的hint还有first_rows，index，cardinality，use_nl等。

测试一下。
切换到hr用户

```sql

SQL> select count(0) from departments;
 
  COUNT(0)
----------
        27
 
SQL> select count(0) from employees;
 
  COUNT(0)
----------
       107
	   
```
	   
下面执行一个查询：

```sql

SQL> select e.last_name from employees e where e.department_id in (select  d.department_id from departments d where d.department_name in ('NOC','IT','IT Support'));
 
Elapsed: 00:00:00.01
 
Execution Plan
----------------------------------------------------------
Plan hash value: 1021246405
 
--------------------------------------------------------------------------------------------------
| Id  | Operation                    | Name              | Rows  | Bytes | Cost (%CPU)| Time     |
--------------------------------------------------------------------------------------------------
|   0 | SELECT STATEMENT             |                   |    29 |   783 |     4   (0)| 00:00:01 |
|   1 |  NESTED LOOPS                |                   |    29 |   783 |     4   (0)| 00:00:01 |
|   2 |   NESTED LOOPS               |                   |    30 |   783 |     4   (0)| 00:00:01 |
|*  3 |    TABLE ACCESS FULL         | DEPARTMENTS       |     3 |    48 |     3   (0)| 00:00:01 |
|*  4 |    INDEX RANGE SCAN          | EMP_DEPARTMENT_IX |    10 |       |     0   (0)| 00:00:01 |
|   5 |   TABLE ACCESS BY INDEX ROWID| EMPLOYEES         |    10 |   110 |     1   (0)| 00:00:01 |
--------------------------------------------------------------------------------------------------
 
Predicate Information (identified by operation id):
---------------------------------------------------
 
   3 - filter("D"."DEPARTMENT_NAME"='IT' OR "D"."DEPARTMENT_NAME"='IT Support' OR
              "D"."DEPARTMENT_NAME"='NOC')
   4 - access("E"."DEPARTMENT_ID"="D"."DEPARTMENT_ID")
 
 
Statistics
----------------------------------------------------------
          1  recursive calls
          0  db block gets
         12  consistent gets
          0  physical reads
          0  redo size
        628  bytes sent via SQL*Net to client
        524  bytes received via SQL*Net from client
          2  SQL*Net roundtrips to/from client
          0  sorts (memory)
          0  sorts (disk)
          5  rows processed
		  
```
		  
这条sql被等价改写成了如下join形式：

```sql

SQL> select e.last_name from employees e,departments d where e.department_id = d.department_id and d.department_name in ('NOC','IT','IT Support');
 
Elapsed: 00:00:00.01
 
Execution Plan
----------------------------------------------------------
Plan hash value: 1021246405
 
--------------------------------------------------------------------------------------------------
| Id  | Operation                    | Name              | Rows  | Bytes | Cost (%CPU)| Time     |
--------------------------------------------------------------------------------------------------
|   0 | SELECT STATEMENT             |                   |    29 |   783 |     4   (0)| 00:00:01 |
|   1 |  NESTED LOOPS                |                   |    29 |   783 |     4   (0)| 00:00:01 |
|   2 |   NESTED LOOPS               |                   |    30 |   783 |     4   (0)| 00:00:01 |
|*  3 |    TABLE ACCESS FULL         | DEPARTMENTS       |     3 |    48 |     3   (0)| 00:00:01 |
|*  4 |    INDEX RANGE SCAN          | EMP_DEPARTMENT_IX |    10 |       |     0   (0)| 00:00:01 |
|   5 |   TABLE ACCESS BY INDEX ROWID| EMPLOYEES         |    10 |   110 |     1   (0)| 00:00:01 |
--------------------------------------------------------------------------------------------------
 
Predicate Information (identified by operation id):
---------------------------------------------------
 
   3 - filter("D"."DEPARTMENT_NAME"='IT' OR "D"."DEPARTMENT_NAME"='IT Support' OR
              "D"."DEPARTMENT_NAME"='NOC')
   4 - access("E"."DEPARTMENT_ID"="D"."DEPARTMENT_ID")
 
 
Statistics
----------------------------------------------------------
          0  recursive calls
          0  db block gets
         12  consistent gets
          0  physical reads
          0  redo size
        628  bytes sent via SQL*Net to client
        524  bytes received via SQL*Net from client
          2  SQL*Net roundtrips to/from client
          0  sorts (memory)
          0  sorts (disk)
          5  rows processed
		  
```		  
		  
这里面d表的基数为27，那么下面使用hint告诉CBO，d表有1000行，看看它将如何基于成本的选择执行计划：

```sql

SQL> select /*+no_use_merge(e,d@qb1)*/e.last_name from employees e where e.department_id in (select/*+cardinality(d,1000) qb_name(qb1)*/  d.department_id from departments d where d.department_name in ('NOC','IT','IT Support'));
 
Elapsed: 00:00:00.01
 
Execution Plan
----------------------------------------------------------
Plan hash value: 4117723569
 
---------------------------------------------------------------------------------------------
| Id  | Operation               | Name              | Rows  | Bytes | Cost (%CPU)| Time     |
---------------------------------------------------------------------------------------------
|   0 | SELECT STATEMENT        |                   |  3926 |   103K|     5   (0)| 00:00:01 |
|*  1 |  HASH JOIN              |                   |  3926 |   103K|     5   (0)| 00:00:01 |
|   2 |   VIEW                  | index$_join$_001  |   107 |  1177 |     2   (0)| 00:00:01 |
|*  3 |    HASH JOIN            |                   |       |       |            |          |
|   4 |     INDEX FAST FULL SCAN| EMP_DEPARTMENT_IX |   107 |  1177 |     1   (0)| 00:00:01 |
|   5 |     INDEX FAST FULL SCAN| EMP_NAME_IX       |   107 |  1177 |     1   (0)| 00:00:01 |
|*  6 |   TABLE ACCESS FULL     | DEPARTMENTS       |  1000 | 16000 |     3   (0)| 00:00:01 |
---------------------------------------------------------------------------------------------
 
Predicate Information (identified by operation id):
---------------------------------------------------
 
   1 - access("E"."DEPARTMENT_ID"="D"."DEPARTMENT_ID")
   3 - access(ROWID=ROWID)
   6 - filter("D"."DEPARTMENT_NAME"='IT' OR "D"."DEPARTMENT_NAME"='IT Support' OR
              "D"."DEPARTMENT_NAME"='NOC')
 
 
Statistics
----------------------------------------------------------
          1  recursive calls
          0  db block gets
         13  consistent gets
          0  physical reads
          0  redo size
        628  bytes sent via SQL*Net to client
        524  bytes received via SQL*Net from client
          2  SQL*Net roundtrips to/from client
          0  sorts (memory)
          0  sorts (disk)
          5  rows processed
		  
```
		  
为了防止出现sort merge join的连接方式，这里使用了no_use_merge。
注意ID=6的地方，row为1000，这正是我使用hint所指定的部分。CBO重新选择了执行计划，选择了e表的index join操作之后，与d表进行hash连接。


至此，常用的HINT这部分基本就完事了，没有提及的基本都是OLTP环境用的很少的。感兴趣的可以自行google，嘿嘿~



![小w](https://wx2.sinaimg.cn/mw1024/891ecf4fly1fr361nvrcnj207w07sad7.jpg)

###### 博文内容为小w原创，部分内容引用自官方资料，如转载请注明出处。^_^

###### 感谢关注w的小站，本小站将不定期(完全看心情～)更新分享技术知识，欢迎阅读，网址：www.itwwb.com



