---
layout: post
title: 查询转换的HINT（下）
date: 2015-08-12
categories: OracleTuning
tags: [Oracle,Tuning]
description: 优化基础。
---

此篇博文为查询转换HINT系列的下篇，根据使用程度，将主要介绍一下UNNEST、NO_UNNEST以及NO_QUERY_TRANSFORMATION这三个HINT。其实除了这查询转换HINT系列三篇介绍的之外，还有很多查询转换的HINT，比如REWRITE/NO_REWRITE、STAR_TRANSFORMATION/NO_STAR_TRANSFORMATION、FACT/NO_FACT这三对，只不过由于相对于OLTP系统来说使用的不多，就不进行介绍了，感兴趣的可以自行google了解一下，嘿嘿~


## UNNEST

![unnest](https://docs.oracle.com/cd/E11882_01/server.112/e41084/img/unnest_hint.gif)


UNNEST通知优化器进行unnest并将子查询合并到包含他的查询块体中，允许优化器在评估访问路径和连接方式时将他们一同考虑。
在子查询unnest之前，优化器首先会验证这个语句是否是有效的。这个语句必须可以通过启发式算法和查询优化测试。UNNEST将通知优化器只检查子查询块的有效性。如果子查询块是有效，那么便不检查启发式算法和成本，子查询非嵌套（subquery unnest，即可理解为子查询展开）就启用了。
如果SQL语句中的where条件后面有子查询，子查询前面有**in,not in,exists,not exists,<,<=,=,>,>=** 等等，CBO很可能会对该子查询进行等价改写，改写的过程其实就叫做子查询展开。Oracle始终认为SQL语句进行改写之后，CBO能更好的优化，当然了，并不是所有的子查询都会被改写，子查询中有些限制条件会阻止CBO进行改写(因为改写之后不等价)。 

禁用Subquery Unnesting的方法: 设置 alter session set "_unnest_subquery"=false;


subquery unnesting 例子(基于scott@Oracle11gR2)

```sql

SQL> conn scott/tiger
Connected.
SQL> set lines 300 pages 1000
SQL> set autot trace exp
SQL> select ename,deptno from emp where deptno in (select deptno from dept where dname='CHICAGO');
 
Execution Plan
----------------------------------------------------------
Plan hash value: 844388907
 
----------------------------------------------------------------------------------------
| Id  | Operation                    | Name    | Rows  | Bytes | Cost (%CPU)| Time     |
----------------------------------------------------------------------------------------
|   0 | SELECT STATEMENT             |         |     5 |   110 |     6  (17)| 00:00:01 |
|   1 |  MERGE JOIN                  |         |     5 |   110 |     6  (17)| 00:00:01 |
|*  2 |   TABLE ACCESS BY INDEX ROWID| DEPT    |     1 |    13 |     2   (0)| 00:00:01 |
|   3 |    INDEX FULL SCAN           | PK_DEPT |     4 |       |     1   (0)| 00:00:01 |
|*  4 |   SORT JOIN                  |         |    14 |   126 |     4  (25)| 00:00:01 |
|   5 |    TABLE ACCESS FULL         | EMP     |    14 |   126 |     3   (0)| 00:00:01 |
----------------------------------------------------------------------------------------
 
Predicate Information (identified by operation id):
---------------------------------------------------
 
   2 - filter("DNAME"='CHICAGO')
   4 - access("DEPTNO"="DEPTNO")
       filter("DEPTNO"="DEPTNO")
```

其实该SQL语句等价于如下SQL，并且CBO也会将它改写为如下SQL

```sql

SQL> select e.ename,e.deptno from emp e,dept d where e.deptno=d.deptno and d.dname='CHICAGO';
 
Execution Plan
----------------------------------------------------------
Plan hash value: 844388907
 
----------------------------------------------------------------------------------------
| Id  | Operation                    | Name    | Rows  | Bytes | Cost (%CPU)| Time     |
----------------------------------------------------------------------------------------
|   0 | SELECT STATEMENT             |         |     5 |   110 |     6  (17)| 00:00:01 |
|   1 |  MERGE JOIN                  |         |     5 |   110 |     6  (17)| 00:00:01 |
|*  2 |   TABLE ACCESS BY INDEX ROWID| DEPT    |     1 |    13 |     2   (0)| 00:00:01 |
|   3 |    INDEX FULL SCAN           | PK_DEPT |     4 |       |     1   (0)| 00:00:01 |
|*  4 |   SORT JOIN                  |         |    14 |   126 |     4  (25)| 00:00:01 |
|   5 |    TABLE ACCESS FULL         | EMP     |    14 |   126 |     3   (0)| 00:00:01 |
----------------------------------------------------------------------------------------
 
Predicate Information (identified by operation id):
---------------------------------------------------
 
   2 - filter("D"."DNAME"='CHICAGO')
   4 - access("E"."DEPTNO"="D"."DEPTNO")
       filter("E"."DEPTNO"="D"."DEPTNO")
	   
```

如上，这2个SQL语句的执行计划是一模一样的，当我们执行第一个SQL语句的时候，ORACLE的CBO就会将其改写为第二个SQL，这个过程就叫做Subquery Unnesting（子查询展开）

**注：通常执行计划一样的SQL性能一样，上面HINT只能放在子查询里面**



## NO_UNNEST

![no_unnest](https://docs.oracle.com/cd/E11882_01/server.112/e41084/img/no_unnest_hint.gif)

使用NO_UNNEST关闭unnest（即不进行子查询展开，而独立执行）
**注：UNNEST和NO_UNNEST这一组两个hint其实可以方便的理解为用来控制一个查询语句中子查询在连接时是否进行展开的HINT，未来会有另外两组HINT，分别是PUSH_PRED/NO_PUSH_PRED和PUSH_SUBQ/NO_PUSH_SUBQ，具体用法讲解将在后续博文中更新~**

下面尝试用NO_UNNEST禁止子查询非嵌套：

```sql

SQL> select ename,deptno from emp where deptno in (select /*+no_unnest*/deptno from dept where dname='CHICAGO');
 
Execution Plan
----------------------------------------------------------
Plan hash value: 2809975276
 
----------------------------------------------------------------------------------------
| Id  | Operation                    | Name    | Rows  | Bytes | Cost (%CPU)| Time     |
----------------------------------------------------------------------------------------
|   0 | SELECT STATEMENT             |         |     5 |    45 |     6   (0)| 00:00:01 |
|*  1 |  FILTER                      |         |       |       |            |          |
|   2 |   TABLE ACCESS FULL          | EMP     |    14 |   126 |     3   (0)| 00:00:01 |
|*  3 |   TABLE ACCESS BY INDEX ROWID| DEPT    |     1 |    13 |     1   (0)| 00:00:01 |
|*  4 |    INDEX UNIQUE SCAN         | PK_DEPT |     1 |       |     0   (0)| 00:00:01 |
----------------------------------------------------------------------------------------
 
Predicate Information (identified by operation id):
---------------------------------------------------
 
   1 - filter( EXISTS (SELECT /*+ NO_UNNEST */ 0 FROM "DEPT" "DEPT" WHERE
              "DEPTNO"=:B1 AND "DNAME"='CHICAGO'))
   3 - filter("DNAME"='CHICAGO')
   4 - access("DEPTNO"=:B1)
   
```
   
注意ID=1部分，这里出现了一个filter，通常情况下，执行计划中出现filter就需要注意了，这个可能会引起性能问题。
如果子查询没展开，执行计划里面有FILTER关键字,在“ID=1”出会有filter (EXISTS...)，filter(NOT EXISTS...) 
同时请注意，在“ID=1”这有“：B1”，说明EMP每传入一个值，“ID=4”处的 dept就扫描一次。
如果是exists时候， 第一次取值 5，扫描一次，第二次再传入 5 就不要再扫描 ，而NL需要，这就是filter和nl的区别，可以简单的理解为nl是每一行都要扫描一遍，而filter是不重复的行扫描一次，重复的就扫描了。

需要注意的是，FILTER只返回主表的数据，只有半连接和反连接才会发生 FILTER ，where deptno in （子查询），如果 deptno 列 有很多重复值，其实执行的次数就只有不重复值（即：基数，distinct） 那么多次。

**简单的说，如果一个SQL ，没有进行 SUBQUERY UNNESTING ，那么执行计划会有filter (EXISTS...)，filter(NOT EXISTS...)，而且括号内的后面绝对有绑定变量，驱动表一个，被驱动表一个，成对出现**

内部原理：filter在内存里做了个hash的distinct，ORACLE 9i 有 BUG，很多时候不能进行UNNEST，这个时候要手工添加 UNNEST 这个HINT，不过还好目前主流的数据库是10和11g，12c用的还不多，不过未来也是一个大趋势，相对于老版本的数据库，新的数据库的功能会愈加强大。（遥想第一次接触9i的时候是给一个客户做一个异地备份恢复，那时候才知道9i中的rman没有catalog start with这个命令，相比来说11g就方便多了，嘿嘿~）



## NO_QUERY_TRANSFORMATION

![no_qt](https://docs.oracle.com/cd/E11882_01/server.112/e41084/img/no_query_transformatn_hint.gif)

NO_QUERY_TRANSFORMATION通知优化器跳过所有查询转换，包括但不限于OR展开，视图合并，子查询非嵌套，星型转换以及物化视图重写等等，例如：

```sql

SQL> conn hr/hr  
Connected.
SQL> set lines 300 pages 1000
SQL> set autot trace exp
SQL> SELECT /*+ NO_QUERY_TRANSFORMATION */ employee_id, last_name
  2    FROM (SELECT * FROM employees e) v
  3    WHERE v.last_name = 'Smith';
 
Execution Plan
----------------------------------------------------------
Plan hash value: 3982138326
 
--------------------------------------------------------------------------------------------
| Id  | Operation                    | Name        | Rows  | Bytes | Cost (%CPU)| Time     |
--------------------------------------------------------------------------------------------
|   0 | SELECT STATEMENT             |             |     1 |    27 |     2   (0)| 00:00:01 |
|   1 |  VIEW                        |             |     1 |    27 |     2   (0)| 00:00:01 |
|   2 |   TABLE ACCESS BY INDEX ROWID| EMPLOYEES   |     1 |    12 |     2   (0)| 00:00:01 |
|*  3 |    INDEX RANGE SCAN          | EMP_NAME_IX |     1 |       |     1   (0)| 00:00:01 |
--------------------------------------------------------------------------------------------
 
Predicate Information (identified by operation id):
---------------------------------------------------
 
   3 - access("E"."LAST_NAME"='Smith')
 
 
 
SQL> SELECT  employee_id, last_name
  2    FROM (SELECT * FROM employees e) v
  3    WHERE v.last_name = 'Smith';
 
Execution Plan
----------------------------------------------------------
Plan hash value: 2077747057
 
-------------------------------------------------------------------------------------------
| Id  | Operation                   | Name        | Rows  | Bytes | Cost (%CPU)| Time     |
-------------------------------------------------------------------------------------------
|   0 | SELECT STATEMENT            |             |     1 |    12 |     2   (0)| 00:00:01 |
|   1 |  TABLE ACCESS BY INDEX ROWID| EMPLOYEES   |     1 |    12 |     2   (0)| 00:00:01 |
|*  2 |   INDEX RANGE SCAN          | EMP_NAME_IX |     1 |       |     1   (0)| 00:00:01 |
-------------------------------------------------------------------------------------------
 
Predicate Information (identified by operation id):
---------------------------------------------------
 
   2 - access("E"."LAST_NAME"='Smith')
   
```
   
如上执行计划，在添加NO_QUERY_TRANSFORMATION这个hint的时候，SQL语句没有进行视图合并，去掉hint之后，ORACLE进行了视图合并。
上面添加NO_QUERY_TRANSMATION这个hint的sql其实等价于下面这个添加NO_MERGE的SQL：

```sql

SQL> SELECT  /*+no_merge(v)*/employee_id, last_name
  2    FROM (SELECT * FROM employees e) v
  3    WHERE v.last_name = 'Smith';
 
Execution Plan
----------------------------------------------------------
Plan hash value: 3982138326
 
--------------------------------------------------------------------------------------------
| Id  | Operation                    | Name        | Rows  | Bytes | Cost (%CPU)| Time     |
--------------------------------------------------------------------------------------------
|   0 | SELECT STATEMENT             |             |     1 |    27 |     2   (0)| 00:00:01 |
|   1 |  VIEW                        |             |     1 |    27 |     2   (0)| 00:00:01 |
|   2 |   TABLE ACCESS BY INDEX ROWID| EMPLOYEES   |     1 |    12 |     2   (0)| 00:00:01 |
|*  3 |    INDEX RANGE SCAN          | EMP_NAME_IX |     1 |       |     1   (0)| 00:00:01 |
--------------------------------------------------------------------------------------------
 
Predicate Information (identified by operation id):
---------------------------------------------------
 
   3 - access("E"."LAST_NAME"='Smith')

```

如上，在这个查询中，添加NO_MERGE的执行计划与添加NO_QUERY_TRANSFORMATION的是一样的。

至此，查询转换的HINT三部曲就介绍完了。请继续关注我的blog，虽然更新的比较慢，但是为了保证每一篇博文的质量，只能这样了，嘿嘿~


![小w](https://wx2.sinaimg.cn/mw1024/891ecf4fly1fr361nvrcnj207w07sad7.jpg)

###### 博文内容为小w原创，部分内容引用自官方资料，如转载请注明出处。^_^

###### 感谢关注w的小站，本小站将不定期(完全看心情～)更新分享技术知识，欢迎阅读，网址：www.itwwb.com

