---
layout: post
title: 并行操作的HINT（上）
date: 2015-5-17
categories: oracle优化
tags: [oracle优化]
description: 优化基础。
---
 

从 Oracle Database 11g Release 2 (11.2.0.1)开始，PARALLEL和NO_PARALLEL hint作为语句级别的hint取代了之前的对象级别的hint：PARALLEL_INDEX, NO_PARALLEL_INDEX，和之前指定的PARALLEL和NO_PARALLEL hint。比如PARALLEL，如果你指定一个整数，那么这个数值的并行度将会最应用在这个语句上。如果你省略掉整数，那么数据库会自己计算并行度。所有可以使用并行的访问路径都将会使用指定的或者计算出来的并行度。

由于篇幅原因，常用的并行操作的HINT将分为2个部分进行介绍，此篇博文为上篇，主要介绍一下PARALLEL这个HINT。

## HINT

在下面的语法图中，parallel_hint_statement展示的是语句级别的hint的语法，parallel_hint_object 展示的是对象级别的hint的语法。
对象级别的hint支持向后兼容性，并且被语句级提示所取代。。

parallel_hint_statement::=

![state_hint](https://docs.oracle.com/cd/E11882_01/server.112/e41084/img/parallel_hint_statement.gif)


parallel_hint_object::=

![obj_hint](https://docs.oracle.com/cd/E11882_01/server.112/e41084/img/parallel_hint_object.gif)


PARALLEL通知优化器使用指定数量的并行服务进行并行操作。这个hint应用于SELECT、INSERT、MERGE、UPDATE和DELETE语句部分及表扫描部分。如果违反任何并行限制，则HINT将被忽略。如果发生排序或分组操作，则可用的并行服务的数量应是parallel中数值的2倍。

对于语句级别的PARALLEL hint：
1. PARALLEL:  这个语句一直会并行运行，然后数据库计算并行度，可能2或者更多。
2. PARALLEL (DEFAULT): 和PARALLEL一样，为了完整而包含了DEFAULT关键字。
3. PARALLEL (AUTO): 数据库计算并行度，可能是1或者更多。如果计算出的并行度为1，那么语句顺次（串行）运行。
4. PARALLEL (MANUAL): 优化器强制对语句中的对象设置并行。
5. PARALLEL (integer): 优化器使用指定integer数值的并行度。

在以下示例中，由于没有添加任何整数，则优化器自己计算并行度。语句会并行运行。

```sql

SQL> SELECT /*+ PARALLEL */ last_name
  2    FROM employees;
 
Execution Plan
----------------------------------------------------------
Plan hash value: 2228653197
 
--------------------------------------------------------------------------------
| Id  | Operation        | Name        | Rows  | Bytes | Cost (%CPU)| Time     |
--------------------------------------------------------------------------------
|   0 | SELECT STATEMENT |             |   107 |   856 |     1   (0)| 00:00:01 |
|   1 |  INDEX FULL SCAN | EMP_NAME_IX |   107 |   856 |     1   (0)| 00:00:01 |
--------------------------------------------------------------------------------
 
```
 
 
如上执行计划，虽然指定了hint，但是由于oracle采用IFS扫描的方式，而这种方式是单块读，所以hint被忽略掉了。那么对于多块读的IFFS和TFS会不会开启并行呢？下面实验一下：


全表扫描(TFS)：

```sql

SQL> SELECT /*+full(employees) PARALLEL */ last_name
  2    FROM employees;
 
Execution Plan
----------------------------------------------------------
Plan hash value: 998304975
 
---------------------------------------------------------------------------------------------------------------
| Id  | Operation            | Name      | Rows  | Bytes | Cost (%CPU)| Time     |    TQ  |IN-OUT| PQ Distrib |
---------------------------------------------------------------------------------------------------------------
|   0 | SELECT STATEMENT     |           |   107 |   856 |     2   (0)| 00:00:01 |        |      |            |
|   1 |  PX COORDINATOR      |           |       |       |            |          |        |      |            |
|   2 |   PX SEND QC (RANDOM)| :TQ10000  |   107 |   856 |     2   (0)| 00:00:01 |  Q1,00 | P->S | QC (RAND)  |
|   3 |    PX BLOCK ITERATOR |           |   107 |   856 |     2   (0)| 00:00:01 |  Q1,00 | PCWC |            |
|   4 |     TABLE ACCESS FULL| EMPLOYEES |   107 |   856 |     2   (0)| 00:00:01 |  Q1,00 | PCWP |            |
---------------------------------------------------------------------------------------------------------------
 
Note
-----
   - automatic DOP: skipped because of IO calibrate statistics are missing
 
```

索引快速全扫描(IFFS)：

```sql

SQL> SELECT /*+index_ffs(employees EMP_NAME_IX) PARALLEL */ last_name
  2    FROM employees;
 
Execution Plan
----------------------------------------------------------
Plan hash value: 1267470714
 
--------------------------------------------------------------------------------------------------------------------
| Id  | Operation               | Name        | Rows  | Bytes | Cost (%CPU)| Time     |    TQ  |IN-OUT| PQ Distrib |
--------------------------------------------------------------------------------------------------------------------
|   0 | SELECT STATEMENT        |             |   107 |   856 |     2   (0)| 00:00:01 |        |      |            |
|   1 |  PX COORDINATOR         |             |       |       |            |          |        |      |            |
|   2 |   PX SEND QC (RANDOM)   | :TQ10000    |   107 |   856 |     2   (0)| 00:00:01 |  Q1,00 | P->S | QC (RAND)  |
|   3 |    PX BLOCK ITERATOR    |             |   107 |   856 |     2   (0)| 00:00:01 |  Q1,00 | PCWC |            |
|   4 |     INDEX FAST FULL SCAN| EMP_NAME_IX |   107 |   856 |     2   (0)| 00:00:01 |  Q1,00 | PCWP |            |
--------------------------------------------------------------------------------------------------------------------
 
```

如上两种执行计划，都开启了并行。


在以下示例中，优化器计算并行度，但是并行度可能会是1，这种情况下语句将会顺序（串行）执行。

```sql

SQL> SELECT /*+ PARALLEL (AUTO) */ last_name
  2    FROM employees;
 
Execution Plan
----------------------------------------------------------
Plan hash value: 2228653197
 
--------------------------------------------------------------------------------
| Id  | Operation        | Name        | Rows  | Bytes | Cost (%CPU)| Time     |
--------------------------------------------------------------------------------
|   0 | SELECT STATEMENT |             |   107 |   856 |     1   (0)| 00:00:01 |
|   1 |  INDEX FULL SCAN | EMP_NAME_IX |   107 |   856 |     1   (0)| 00:00:01 |
--------------------------------------------------------------------------------
 

 
SQL> SELECT /*+index_ffs(employees EMP_NAME_IX) PARALLEL(AUTO) */ last_name
  2    FROM employees;
 
Execution Plan
----------------------------------------------------------
Plan hash value: 1267470714
 
--------------------------------------------------------------------------------------------------------------------
| Id  | Operation               | Name        | Rows  | Bytes | Cost (%CPU)| Time     |    TQ  |IN-OUT| PQ Distrib |
--------------------------------------------------------------------------------------------------------------------
|   0 | SELECT STATEMENT        |             |   107 |   856 |     2   (0)| 00:00:01 |        |      |            |
|   1 |  PX COORDINATOR         |             |       |       |            |          |        |      |            |
|   2 |   PX SEND QC (RANDOM)   | :TQ10000    |   107 |   856 |     2   (0)| 00:00:01 |  Q1,00 | P->S | QC (RAND)  |
|   3 |    PX BLOCK ITERATOR    |             |   107 |   856 |     2   (0)| 00:00:01 |  Q1,00 | PCWC |            |
|   4 |     INDEX FAST FULL SCAN| EMP_NAME_IX |   107 |   856 |     2   (0)| 00:00:01 |  Q1,00 | PCWP |            |
--------------------------------------------------------------------------------------------------------------------
 

 
SQL> SELECT /*+full(employees) PARALLEL(AUTO) */ last_name
  2    FROM employees;
 
Execution Plan
----------------------------------------------------------
Plan hash value: 998304975
 
---------------------------------------------------------------------------------------------------------------
| Id  | Operation            | Name      | Rows  | Bytes | Cost (%CPU)| Time     |    TQ  |IN-OUT| PQ Distrib |
---------------------------------------------------------------------------------------------------------------
|   0 | SELECT STATEMENT     |           |   107 |   856 |     2   (0)| 00:00:01 |        |      |            |
|   1 |  PX COORDINATOR      |           |       |       |            |          |        |      |            |
|   2 |   PX SEND QC (RANDOM)| :TQ10000  |   107 |   856 |     2   (0)| 00:00:01 |  Q1,00 | P->S | QC (RAND)  |
|   3 |    PX BLOCK ITERATOR |           |   107 |   856 |     2   (0)| 00:00:01 |  Q1,00 | PCWC |            |
|   4 |     TABLE ACCESS FULL| EMPLOYEES |   107 |   856 |     2   (0)| 00:00:01 |  Q1,00 | PCWP |            |
---------------------------------------------------------------------------------------------------------------
 
```


上面三个语句的hint，和不写auto的PARALLEL的效果一样。

在下面的例子中，PARALLEL 建议优化器采用当前表自身的并行度，建立一个当前并行度为5的表作为测试.

```sql

SQL> CREATE TABLE parallel_table (col1 number, col2 VARCHAR2(10)) PARALLEL 5;
 
Table created.
 
SQL> SELECT /*+ PARALLEL (MANUAL) */ col2
  2    FROM parallel_table;
 
Execution Plan
----------------------------------------------------------
Plan hash value: 1247363063
 
--------------------------------------------------------------------------------------------------------------------
| Id  | Operation            | Name           | Rows  | Bytes | Cost (%CPU)| Time     |    TQ  |IN-OUT| PQ Distrib |
--------------------------------------------------------------------------------------------------------------------
|   0 | SELECT STATEMENT     |                |     1 |     7 |     2   (0)| 00:00:01 |        |      |            |
|   1 |  PX COORDINATOR      |                |       |       |            |          |        |      |            |
|   2 |   PX SEND QC (RANDOM)| :TQ10000       |     1 |     7 |     2   (0)| 00:00:01 |  Q1,00 | P->S | QC (RAND)  |
|   3 |    PX BLOCK ITERATOR |                |     1 |     7 |     2   (0)| 00:00:01 |  Q1,00 | PCWC |            |
|   4 |     TABLE ACCESS FULL| PARALLEL_TABLE |     1 |     7 |     2   (0)| 00:00:01 |  Q1,00 | PCWP |            |
--------------------------------------------------------------------------------------------------------------------
 
```


对于对象级别的PARALLEL，integer值给指定的表指定并行度。指定DEFAULT或者不指定值会让查询协调器检查初始化参数然后再决定默认并行度。下面的例子，PARALLEL覆盖emp表默认的并行度。

```sql

SQL> SELECT /*+ FULL(hr_emp) PARALLEL(hr_emp, 5) */ last_name
  2    FROM employees hr_emp;
 
Execution Plan
----------------------------------------------------------
Plan hash value: 998304975
 
---------------------------------------------------------------------------------------------------------------
| Id  | Operation            | Name      | Rows  | Bytes | Cost (%CPU)| Time     |    TQ  |IN-OUT| PQ Distrib |
---------------------------------------------------------------------------------------------------------------
|   0 | SELECT STATEMENT     |           |   107 |   856 |     2   (0)| 00:00:01 |        |      |            |
|   1 |  PX COORDINATOR      |           |       |       |            |          |        |      |            |
|   2 |   PX SEND QC (RANDOM)| :TQ10000  |   107 |   856 |     2   (0)| 00:00:01 |  Q1,00 | P->S | QC (RAND)  |
|   3 |    PX BLOCK ITERATOR |           |   107 |   856 |     2   (0)| 00:00:01 |  Q1,00 | PCWC |            |
|   4 |     TABLE ACCESS FULL| EMPLOYEES |   107 |   856 |     2   (0)| 00:00:01 |  Q1,00 | PCWP |            |
---------------------------------------------------------------------------------------------------------------

```



在下一个例子中，PARALLEL覆盖了employees表的默认并行度，并通知优化器使用初始化参数中的默认并行度。

```sql

SQL> SELECT /*+ FULL(hr_emp) PARALLEL(hr_emp, DEFAULT) */ last_name
  2    FROM employees hr_emp;
 
Execution Plan
----------------------------------------------------------
Plan hash value: 998304975
 
---------------------------------------------------------------------------------------------------------------
| Id  | Operation            | Name      | Rows  | Bytes | Cost (%CPU)| Time     |    TQ  |IN-OUT| PQ Distrib |
---------------------------------------------------------------------------------------------------------------
|   0 | SELECT STATEMENT     |           |   107 |   856 |     2   (0)| 00:00:01 |        |      |            |
|   1 |  PX COORDINATOR      |           |       |       |            |          |        |      |            |
|   2 |   PX SEND QC (RANDOM)| :TQ10000  |   107 |   856 |     2   (0)| 00:00:01 |  Q1,00 | P->S | QC (RAND)  |
|   3 |    PX BLOCK ITERATOR |           |   107 |   856 |     2   (0)| 00:00:01 |  Q1,00 | PCWC |            |
|   4 |     TABLE ACCESS FULL| EMPLOYEES |   107 |   856 |     2   (0)| 00:00:01 |  Q1,00 | PCWP |            |
---------------------------------------------------------------------------------------------------------------

```

需要注意的是，Oracle会忽略在临时表（temporary table）上的并行的HINT。



![小w](https://wx2.sinaimg.cn/mw1024/891ecf4fly1fr361nvrcnj207w07sad7.jpg)

###### 博文内容为小w原创，部分内容引用自官方资料，如转载请注明出处。^_^

###### 感谢关注w的小站，本小站将不定期(完全看心情～)更新分享技术知识，欢迎阅读，网址：www.itwwb.com










