---
layout: post
title: 查询转换的HINT（上）
date: 2015-07-15
categories: OracleTuning
tags: [Oracle,Tuning]
description: 优化基础。
---

由于篇幅的原因，常用的查询转换的相关HINT将分为三篇，此篇博文为上篇，主要介绍一下MERGE和NO_MERGE。


## MERGE 

![merge](https://docs.oracle.com/cd/E11882_01/server.112/e41084/img/merge_hint.gif)

MERGE可以让你在查询中进行视图合并。

如果视图块中包含GROUP BY字句或者在SELECT列表中包含DISTINCT运算，那么只有当复合视图合并是启用状态（隐藏参数：_complex_view_merging为true，具体脚本请看博文“ORACLE隐藏参数查询”）下，优化器才可以将视图合并到接入语句中。复合合并同样可以用来将IN操作的子查询（这个子查询是不相关子查询）合并到接入语句中。

```sql

SELECT /*+ MERGE(v) */
 e1.last_name, e1.salary, v.avg_salary
  FROM employees e1,
       (SELECT department_id, avg(salary) avg_salary
          FROM employees e2
         GROUP BY department_id) v
 WHERE e1.department_id = v.department_id
   AND e1.salary > v.avg_salary
 ORDER BY e1.last_name;  

 
Execution Plan
----------------------------------------------------------
Plan hash value: 802276651
 
----------------------------------------------------------------------------------
| Id  | Operation            | Name      | Rows  | Bytes | Cost (%CPU)| Time     |
----------------------------------------------------------------------------------
|   0 | SELECT STATEMENT     |           |   165 |  5610 |     7  (15)| 00:00:01 |
|*  1 |  FILTER              |           |       |       |            |          |
|   2 |   SORT GROUP BY      |           |   165 |  5610 |     7  (15)| 00:00:01 |
|*  3 |    HASH JOIN         |           |  3296 |   109K|     6   (0)| 00:00:01 |
|   4 |     TABLE ACCESS FULL| EMPLOYEES |   107 |  2889 |     3   (0)| 00:00:01 |
|   5 |     TABLE ACCESS FULL| EMPLOYEES |   107 |   749 |     3   (0)| 00:00:01 |
----------------------------------------------------------------------------------
 
Predicate Information (identified by operation id):
---------------------------------------------------
 
   1 - filter("E1"."SALARY">SUM("SALARY")/COUNT("SALARY"))
   3 - access("E1"."DEPARTMENT_ID"="DEPARTMENT_ID")
   
```
   
那么如果不进行视图合并会是怎样的执行计划呢？下面添加NO_MERGE让ORACLE不进行视图合并（默认ORACLE会尝试去视图合并，因为优化器认为这样做成本低）

```sql

SQL> SELECT /*+NO_MERGE(v) */
  2   e1.last_name, e1.salary, v.avg_salary
  3    FROM employees e1,
  4         (SELECT department_id, avg(salary) avg_salary
  5            FROM employees e2
  6           GROUP BY department_id) v
  7   WHERE e1.department_id = v.department_id
  8     AND e1.salary > v.avg_salary
  9   ORDER BY e1.last_name;
 
Execution Plan
----------------------------------------------------------
Plan hash value: 112417831
 
-----------------------------------------------------------------------------------
| Id  | Operation             | Name      | Rows  | Bytes | Cost (%CPU)| Time     |
-----------------------------------------------------------------------------------
|   0 | SELECT STATEMENT      |           |    17 |   527 |     8  (25)| 00:00:01 |
|   1 |  SORT ORDER BY        |           |    17 |   527 |     8  (25)| 00:00:01 |
|*  2 |   HASH JOIN           |           |    17 |   527 |     7  (15)| 00:00:01 |
|   3 |    VIEW               |           |    11 |   176 |     4  (25)| 00:00:01 |
|   4 |     HASH GROUP BY     |           |    11 |    77 |     4  (25)| 00:00:01 |
|   5 |      TABLE ACCESS FULL| EMPLOYEES |   107 |   749 |     3   (0)| 00:00:01 |
|   6 |    TABLE ACCESS FULL  | EMPLOYEES |   107 |  1605 |     3   (0)| 00:00:01 |
-----------------------------------------------------------------------------------
 
Predicate Information (identified by operation id):
---------------------------------------------------
 
   2 - access("E1"."DEPARTMENT_ID"="V"."DEPARTMENT_ID")
       filter("E1"."SALARY">"V"."AVG_SALARY")

```

注意看上图的执行计划中“ID=3”的部分，出现了“VIEW”关键字，说明并没有进行视图合并。
	   
当MERGE不加参数时，他应该放到视图块中（即子查询的视图部分）。当MERGE添加的参数为视图名时，他应该放在在附近的查询中（即主查询）

测试另一种写法：

```sql

SQL> SELECT 
  2   e1.last_name, e1.salary, v.avg_salary
  3    FROM employees e1,
  4         (SELECT/*+MERGE */ department_id, avg(salary) avg_salary
  5            FROM employees e2
  6           GROUP BY department_id) v
  7   WHERE e1.department_id = v.department_id
  8     AND e1.salary > v.avg_salary
  9   ORDER BY e1.last_name;
 
Execution Plan
----------------------------------------------------------
Plan hash value: 802276651
 
----------------------------------------------------------------------------------
| Id  | Operation            | Name      | Rows  | Bytes | Cost (%CPU)| Time     |
----------------------------------------------------------------------------------
|   0 | SELECT STATEMENT     |           |   165 |  5610 |     7  (15)| 00:00:01 |
|*  1 |  FILTER              |           |       |       |            |          |
|   2 |   SORT GROUP BY      |           |   165 |  5610 |     7  (15)| 00:00:01 |
|*  3 |    HASH JOIN         |           |  3296 |   109K|     6   (0)| 00:00:01 |
|   4 |     TABLE ACCESS FULL| EMPLOYEES |   107 |  2889 |     3   (0)| 00:00:01 |
|   5 |     TABLE ACCESS FULL| EMPLOYEES |   107 |   749 |     3   (0)| 00:00:01 |
----------------------------------------------------------------------------------
 
Predicate Information (identified by operation id):
---------------------------------------------------
 
   1 - filter("E1"."SALARY">SUM("SALARY")/COUNT("SALARY"))
   3 - access("E1"."DEPARTMENT_ID"="DEPARTMENT_ID")
   
```
   
下面将_complex_view_merging设置为FALSE，看看执行计划会怎样。

```sql

SQL> conn hr/hr                   
Connected.
SQL> set lines 300 pages 2000
SQL> alter session set "_complex_view_merging"=FALSE;
 
Session altered.
 
SQL> set autot trace exp
SQL> SELECT 
  2   e1.last_name, e1.salary, v.avg_salary
  3    FROM employees e1,
  4         (SELECT department_id, avg(salary) avg_salary
  5            FROM employees e2
  6           GROUP BY department_id) v
  7   WHERE e1.department_id = v.department_id
  8     AND e1.salary > v.avg_salary
  9   ORDER BY e1.last_name;  
 
Execution Plan
----------------------------------------------------------
Plan hash value: 112417831
 
-----------------------------------------------------------------------------------
| Id  | Operation             | Name      | Rows  | Bytes | Cost (%CPU)| Time     |
-----------------------------------------------------------------------------------
|   0 | SELECT STATEMENT      |           |    17 |   527 |     8  (25)| 00:00:01 |
|   1 |  SORT ORDER BY        |           |    17 |   527 |     8  (25)| 00:00:01 |
|*  2 |   HASH JOIN           |           |    17 |   527 |     7  (15)| 00:00:01 |
|   3 |    VIEW               |           |    11 |   176 |     4  (25)| 00:00:01 |
|   4 |     HASH GROUP BY     |           |    11 |    77 |     4  (25)| 00:00:01 |
|   5 |      TABLE ACCESS FULL| EMPLOYEES |   107 |   749 |     3   (0)| 00:00:01 |
|   6 |    TABLE ACCESS FULL  | EMPLOYEES |   107 |  1605 |     3   (0)| 00:00:01 |
-----------------------------------------------------------------------------------
 
Predicate Information (identified by operation id):
---------------------------------------------------
 
   2 - access("E1"."DEPARTMENT_ID"="V"."DEPARTMENT_ID")
       filter("E1"."SALARY">"V"."AVG_SALARY")

```
	   
如上，ORACLE没有进行视图合并，那么添加hint尝试一下。

```sql

SQL> SELECT /*+ MERGE(v) */
  2   e1.last_name, e1.salary, v.avg_salary
  3    FROM employees e1,
  4         (SELECT department_id, avg(salary) avg_salary
  5            FROM employees e2
  6           GROUP BY department_id) v
  7   WHERE e1.department_id = v.department_id
  8     AND e1.salary > v.avg_salary
  9   ORDER BY e1.last_name;  
 
Execution Plan
----------------------------------------------------------
Plan hash value: 112417831
 
-----------------------------------------------------------------------------------
| Id  | Operation             | Name      | Rows  | Bytes | Cost (%CPU)| Time     |
-----------------------------------------------------------------------------------
|   0 | SELECT STATEMENT      |           |    17 |   527 |     8  (25)| 00:00:01 |
|   1 |  SORT ORDER BY        |           |    17 |   527 |     8  (25)| 00:00:01 |
|*  2 |   HASH JOIN           |           |    17 |   527 |     7  (15)| 00:00:01 |
|   3 |    VIEW               |           |    11 |   176 |     4  (25)| 00:00:01 |
|   4 |     HASH GROUP BY     |           |    11 |    77 |     4  (25)| 00:00:01 |
|   5 |      TABLE ACCESS FULL| EMPLOYEES |   107 |   749 |     3   (0)| 00:00:01 |
|   6 |    TABLE ACCESS FULL  | EMPLOYEES |   107 |  1605 |     3   (0)| 00:00:01 |
-----------------------------------------------------------------------------------
 
Predicate Information (identified by operation id):
---------------------------------------------------
 
   2 - access("E1"."DEPARTMENT_ID"="V"."DEPARTMENT_ID")
       filter("E1"."SALARY">"V"."AVG_SALARY")
	   
```
	   
如上执行计划，当数据库的默认隐藏参数_complex_view_merging设置为FALSE时，ORACLE不会进行视图合并，就算明确的使用的hint，CBO也会忽略这个hint。



## NO_MERGE

![no_merge](https://docs.oracle.com/cd/E11882_01/server.112/e41084/img/no_merge_hint.gif)

NO_MERGE通知优化去不要将外部查询和任何内联视图合并到一个单独的查询中（即可认为：不要视图合并、谓词推入）

这个hint让你有更大的影响的方式访问视图，比如，下面的语句导致seattle_dept视图没有被合并。

```sql

SELECT /*+ NO_MERGE(seattle_dept) */
 e1.last_name, seattle_dept.department_name
  FROM employees e1,
       (SELECT location_id, department_id, department_name
          FROM departments
         WHERE location_id = 1700) seattle_dept
 WHERE e1.department_id = seattle_dept.department_id;
 
 
Execution Plan
----------------------------------------------------------
Plan hash value: 2109911550
 
----------------------------------------------------------------------------------------------------
| Id  | Operation                      | Name              | Rows  | Bytes | Cost (%CPU)| Time     |
----------------------------------------------------------------------------------------------------
|   0 | SELECT STATEMENT               |                   |    39 |  1599 |     4   (0)| 00:00:01 |
|   1 |  NESTED LOOPS                  |                   |    39 |  1599 |     4   (0)| 00:00:01 |
|   2 |   NESTED LOOPS                 |                   |    40 |  1599 |     4   (0)| 00:00:01 |
|   3 |    VIEW                        |                   |     4 |   120 |     2   (0)| 00:00:01 |
|   4 |     TABLE ACCESS BY INDEX ROWID| DEPARTMENTS       |     4 |    76 |     2   (0)| 00:00:01 |
|*  5 |      INDEX RANGE SCAN          | DEPT_LOCATION_IX  |     4 |       |     1   (0)| 00:00:01 |
|*  6 |    INDEX RANGE SCAN            | EMP_DEPARTMENT_IX |    10 |       |     0   (0)| 00:00:01 |
|   7 |   TABLE ACCESS BY INDEX ROWID  | EMPLOYEES         |    10 |   110 |     1   (0)| 00:00:01 |
----------------------------------------------------------------------------------------------------
 
Predicate Information (identified by operation id):
---------------------------------------------------
 
   5 - access("LOCATION_ID"=1700)
   6 - access("E1"."DEPARTMENT_ID"="SEATTLE_DEPT"."DEPARTMENT_ID")
   
```
   
上述语句没有进行视图合并，CBO先从ID=5接入，按照inline视图的条件进行回表构成一个视图（ID=3的VIEW关键字）后，通过ID=6的连接列的e1的索引进行nested loops连接，然后进行回表（ID=7）查出需要的数据。
下面的语句为去掉NO_MERGE(seattle_dept)的效果：

```sql

SQL> SELECT
  2   e1.last_name, seattle_dept.department_name
  3    FROM employees e1,
  4         (SELECT location_id, department_id, department_name
  5            FROM departments
  6           WHERE location_id = 1700) seattle_dept
  7   WHERE e1.department_id = seattle_dept.department_id;
 
Execution Plan
----------------------------------------------------------
Plan hash value: 432925905
 
---------------------------------------------------------------------------------------------------
| Id  | Operation                     | Name              | Rows  | Bytes | Cost (%CPU)| Time     |
---------------------------------------------------------------------------------------------------
|   0 | SELECT STATEMENT              |                   |    37 |  1110 |     4   (0)| 00:00:01 |
|   1 |  NESTED LOOPS                 |                   |    37 |  1110 |     4   (0)| 00:00:01 |
|   2 |   NESTED LOOPS                |                   |    40 |  1110 |     4   (0)| 00:00:01 |
|   3 |    TABLE ACCESS BY INDEX ROWID| DEPARTMENTS       |     4 |    76 |     2   (0)| 00:00:01 |
|*  4 |     INDEX RANGE SCAN          | DEPT_LOCATION_IX  |     4 |       |     1   (0)| 00:00:01 |
|*  5 |    INDEX RANGE SCAN           | EMP_DEPARTMENT_IX |    10 |       |     0   (0)| 00:00:01 |
|   6 |   TABLE ACCESS BY INDEX ROWID | EMPLOYEES         |    10 |   110 |     1   (0)| 00:00:01 |
---------------------------------------------------------------------------------------------------
 
Predicate Information (identified by operation id):
---------------------------------------------------
 
   4 - access("LOCATION_ID"=1700)
   5 - access("E1"."DEPARTMENT_ID"="DEPARTMENT_ID")
   
```
   
如上执行计划，发生了视图合并（没有VIEW关键字），以上SQL等价于下面的SQL（其实就相当于将INLINE VIEW进行了展开，变成了两张表的JOIN的形式）：

```sql

SQL> SELECT e1.last_name, d1.department_name
  2    FROM employees e1, departments d1
  3   WHERE d1.location_id = 1700
  4     and e1.department_id = d1.department_id;
 
Execution Plan
----------------------------------------------------------
Plan hash value: 432925905
 
---------------------------------------------------------------------------------------------------
| Id  | Operation                     | Name              | Rows  | Bytes | Cost (%CPU)| Time     |
---------------------------------------------------------------------------------------------------
|   0 | SELECT STATEMENT              |                   |    37 |  1110 |     4   (0)| 00:00:01 |
|   1 |  NESTED LOOPS                 |                   |    37 |  1110 |     4   (0)| 00:00:01 |
|   2 |   NESTED LOOPS                |                   |    40 |  1110 |     4   (0)| 00:00:01 |
|   3 |    TABLE ACCESS BY INDEX ROWID| DEPARTMENTS       |     4 |    76 |     2   (0)| 00:00:01 |
|*  4 |     INDEX RANGE SCAN          | DEPT_LOCATION_IX  |     4 |       |     1   (0)| 00:00:01 |
|*  5 |    INDEX RANGE SCAN           | EMP_DEPARTMENT_IX |    10 |       |     0   (0)| 00:00:01 |
|   6 |   TABLE ACCESS BY INDEX ROWID | EMPLOYEES         |    10 |   110 |     1   (0)| 00:00:01 |
---------------------------------------------------------------------------------------------------
 
Predicate Information (identified by operation id):
---------------------------------------------------
 
   4 - access("D1"."LOCATION_ID"=1700)
   5 - access("E1"."DEPARTMENT_ID"="D1"."DEPARTMENT_ID")


```

当你在视图查询块中使用NO_MERGE时，不需要执行参数给他。当在在附近的查询中（即主查询等）使用NO_MERGE时，需要指定视图名为参数。
之前的测试的语句，将no_merge的参数去掉，然后将位置换为视图块里面，如下：

```sql

SQL> SELECT 
  2   e1.last_name, seattle_dept.department_name
  3    FROM employees e1,
  4         (SELECT /*+ NO_MERGE */location_id, department_id, department_name
  5            FROM departments
  6           WHERE location_id = 1700) seattle_dept
  7   WHERE e1.department_id = seattle_dept.department_id;
 
Execution Plan
----------------------------------------------------------
Plan hash value: 2109911550
 
----------------------------------------------------------------------------------------------------
| Id  | Operation                      | Name              | Rows  | Bytes | Cost (%CPU)| Time     |
----------------------------------------------------------------------------------------------------
|   0 | SELECT STATEMENT               |                   |    39 |  1599 |     4   (0)| 00:00:01 |
|   1 |  NESTED LOOPS                  |                   |    39 |  1599 |     4   (0)| 00:00:01 |
|   2 |   NESTED LOOPS                 |                   |    40 |  1599 |     4   (0)| 00:00:01 |
|   3 |    VIEW                        |                   |     4 |   120 |     2   (0)| 00:00:01 |
|   4 |     TABLE ACCESS BY INDEX ROWID| DEPARTMENTS       |     4 |    76 |     2   (0)| 00:00:01 |
|*  5 |      INDEX RANGE SCAN          | DEPT_LOCATION_IX  |     4 |       |     1   (0)| 00:00:01 |
|*  6 |    INDEX RANGE SCAN            | EMP_DEPARTMENT_IX |    10 |       |     0   (0)| 00:00:01 |
|   7 |   TABLE ACCESS BY INDEX ROWID  | EMPLOYEES         |    10 |   110 |     1   (0)| 00:00:01 |
----------------------------------------------------------------------------------------------------
 
Predicate Information (identified by operation id):
---------------------------------------------------
 
   5 - access("LOCATION_ID"=1700)
   6 - access("E1"."DEPARTMENT_ID"="SEATTLE_DEPT"."DEPARTMENT_ID")
   
```
   
如上面执行计划，hint依然生效，视图没有合并。

下面列举两种错误的hint的写法，看执行计划，hint没有生效，依然进行了视图合并：

```sql

SQL> SELECT 
  2   e1.last_name, seattle_dept.department_name
  3    FROM employees e1,
  4         (SELECT /*+ NO_MERGE(seattle_dept) */location_id, department_id, department_name
  5            FROM departments
  6           WHERE location_id = 1700) seattle_dept
  7   WHERE e1.department_id = seattle_dept.department_id;
 
Execution Plan
----------------------------------------------------------
Plan hash value: 432925905
 
---------------------------------------------------------------------------------------------------
| Id  | Operation                     | Name              | Rows  | Bytes | Cost (%CPU)| Time     |
---------------------------------------------------------------------------------------------------
|   0 | SELECT STATEMENT              |                   |    37 |  1110 |     4   (0)| 00:00:01 |
|   1 |  NESTED LOOPS                 |                   |    37 |  1110 |     4   (0)| 00:00:01 |
|   2 |   NESTED LOOPS                |                   |    40 |  1110 |     4   (0)| 00:00:01 |
|   3 |    TABLE ACCESS BY INDEX ROWID| DEPARTMENTS       |     4 |    76 |     2   (0)| 00:00:01 |
|*  4 |     INDEX RANGE SCAN          | DEPT_LOCATION_IX  |     4 |       |     1   (0)| 00:00:01 |
|*  5 |    INDEX RANGE SCAN           | EMP_DEPARTMENT_IX |    10 |       |     0   (0)| 00:00:01 |
|   6 |   TABLE ACCESS BY INDEX ROWID | EMPLOYEES         |    10 |   110 |     1   (0)| 00:00:01 |
---------------------------------------------------------------------------------------------------
 
Predicate Information (identified by operation id):
---------------------------------------------------
 
   4 - access("LOCATION_ID"=1700)
   5 - access("E1"."DEPARTMENT_ID"="DEPARTMENT_ID")
 
 
SQL> SELECT /*+ NO_MERGE */
  2   e1.last_name, seattle_dept.department_name
  3    FROM employees e1,
  4         (SELECT location_id, department_id, department_name
  5            FROM departments
  6           WHERE location_id = 1700) seattle_dept
  7   WHERE e1.department_id = seattle_dept.department_id;
 
Execution Plan
----------------------------------------------------------
Plan hash value: 432925905
 
---------------------------------------------------------------------------------------------------
| Id  | Operation                     | Name              | Rows  | Bytes | Cost (%CPU)| Time     |
---------------------------------------------------------------------------------------------------
|   0 | SELECT STATEMENT              |                   |    37 |  1110 |     4   (0)| 00:00:01 |
|   1 |  NESTED LOOPS                 |                   |    37 |  1110 |     4   (0)| 00:00:01 |
|   2 |   NESTED LOOPS                |                   |    40 |  1110 |     4   (0)| 00:00:01 |
|   3 |    TABLE ACCESS BY INDEX ROWID| DEPARTMENTS       |     4 |    76 |     2   (0)| 00:00:01 |
|*  4 |     INDEX RANGE SCAN          | DEPT_LOCATION_IX  |     4 |       |     1   (0)| 00:00:01 |
|*  5 |    INDEX RANGE SCAN           | EMP_DEPARTMENT_IX |    10 |       |     0   (0)| 00:00:01 |
|   6 |   TABLE ACCESS BY INDEX ROWID | EMPLOYEES         |    10 |   110 |     1   (0)| 00:00:01 |
---------------------------------------------------------------------------------------------------
 
Predicate Information (identified by operation id):
---------------------------------------------------
 
   4 - access("LOCATION_ID"=1700)
   5 - access("E1"."DEPARTMENT_ID"="DEPARTMENT_ID")

```

![小w](https://wx2.sinaimg.cn/mw1024/891ecf4fly1fr361nvrcnj207w07sad7.jpg)

###### 博文内容为小w原创，部分内容引用自官方资料，如转载请注明出处。^_^

###### 感谢关注w的小站，本小站将不定期(完全看心情～)更新分享技术知识，欢迎阅读，网址：www.itwwb.com

