---
layout: post
title: 关于NULL AWARE ANTIJOINS的研究
date: 2015-11-20
categories: OracleTuning
tags: [Oracle,Tuning]
description: 优化基础。
---

 
对于11.1.0.6的优化器新特性 NULL AWARE ANTIJOINS，这个特性是为了解决subquery unnesting中null值的相关问题，通常出现在not in/exists中。可以通过隐藏参数“_optimizer_null_aware_antijoin”来控制，下面做一下试验：

实验基于11.2.0.4

如下，emp表中mgr是存在null值的，即主查询和子查询中均存在NULL值，下面分别启用/关闭 NULL AWARE ANTIJOINS，查看执行计划。

```sql

SQL> select banner from v$version where rownum=1;

BANNER
---------------------------------------------------------------
Oracle Database 11g Enterprise Edition Release 11.2.0.4.0 - 64bit Production

SQL> conn scott/tiger
Connected.

SQL> col lines 300 pages 1000
SQL> select count(0) from emp where mgr is null;

  COUNT(0)
----------

         1
         
SQL> alter session set "_optimizer_null_aware_antijoin"=true;
Session altered.

SQL> set autot trace
SQL> select * from emp where mgr not in (select mgr from emp);
no rows selected

Execution Plan
----------------------------------------------------------
Plan hash value: 4002838083
---------------------------------------------------------------------------
| Id  | Operation          | Name | Rows  | Bytes | Cost (%CPU)| Time     |
---------------------------------------------------------------------------
|   0 | SELECT STATEMENT   |      |     2 |    84 |     6   (0)| 00:00:01 |
|*  1 |  HASH JOIN ANTI NA |      |     2 |    84 |     6   (0)| 00:00:01 |
|   2 |   TABLE ACCESS FULL| EMP  |    14 |   532 |     3   (0)| 00:00:01 |
|   3 |   TABLE ACCESS FULL| EMP  |    14 |    56 |     3   (0)| 00:00:01 |
---------------------------------------------------------------------------

Predicate Information (identified by operation id):
---------------------------------------------------
   1 - access("MGR"="MGR")
   
Statistics
----------------------------------------------------------
         35  recursive calls
          0  db block gets
         83  consistent gets
          2  physical reads
          0  redo size
        799  bytes sent via SQL*Net to client
        513  bytes received via SQL*Net from client
          1  SQL*Net roundtrips to/from client
          7  sorts (memory)
          0  sorts (disk)
          0  rows processed

SQL> alter session set "_optimizer_null_aware_antijoin"=false;
Session altered.
SQL> select * from emp where mgr not in (select mgr from emp);
no rows selected

Execution Plan
----------------------------------------------------------
Plan hash value: 2561671593
---------------------------------------------------------------------------
| Id  | Operation          | Name | Rows  | Bytes | Cost (%CPU)| Time     |
---------------------------------------------------------------------------
|   0 | SELECT STATEMENT   |      |    12 |   456 |    21   (0)| 00:00:01 |
|*  1 |  FILTER            |      |       |       |            |          |
|   2 |   TABLE ACCESS FULL| EMP  |    14 |   532 |     3   (0)| 00:00:01 |
|*  3 |   TABLE ACCESS FULL| EMP  |     3 |    12 |     3   (0)| 00:00:01 |
---------------------------------------------------------------------------

Predicate Information (identified by operation id):
---------------------------------------------------
   1 - filter( NOT EXISTS (SELECT 0 FROM "EMP" "EMP" WHERE
              LNNVL("MGR"<>:B1)))
   3 - filter(LNNVL("MGR"<>:B1))
   
Statistics
----------------------------------------------------------
          1  recursive calls
          0  db block gets
         48  consistent gets
          0  physical reads
          0  redo size
        799  bytes sent via SQL*Net to client
        513  bytes received via SQL*Net from client
          1  SQL*Net roundtrips to/from client
          0  sorts (memory)
          0  sorts (disk)
          0  rows processed

```
		  
下面只令主查询中存在NULL值，查看执行计划：

```sql

SQL> alter session set "_optimizer_null_aware_antijoin"=true;
Session altered.
SQL> select * from emp where mgr not in (select mgr from emp where mgr is not null);
no rows selected

Execution Plan
----------------------------------------------------------
Plan hash value: 902005141
---------------------------------------------------------------------------
| Id  | Operation          | Name | Rows  | Bytes | Cost (%CPU)| Time     |
---------------------------------------------------------------------------
|   0 | SELECT STATEMENT   |      |     2 |    84 |     6   (0)| 00:00:01 |
|*  1 |  HASH JOIN ANTI SNA|      |     2 |    84 |     6   (0)| 00:00:01 |
|   2 |   TABLE ACCESS FULL| EMP  |    14 |   532 |     3   (0)| 00:00:01 |
|*  3 |   TABLE ACCESS FULL| EMP  |    13 |    52 |     3   (0)| 00:00:01 |
---------------------------------------------------------------------------

Predicate Information (identified by operation id):
---------------------------------------------------
   1 - access("MGR"="MGR")
   3 - filter("MGR" IS NOT NULL)
   
SQL> alter session set "_optimizer_null_aware_antijoin"=false;
Session altered.
SQL> select * from emp where mgr not in (select mgr from emp where mgr is not null);
no rows selected

Execution Plan
----------------------------------------------------------
Plan hash value: 2561671593
---------------------------------------------------------------------------
| Id  | Operation          | Name | Rows  | Bytes | Cost (%CPU)| Time     |
---------------------------------------------------------------------------
|   0 | SELECT STATEMENT   |      |    12 |   456 |    15   (0)| 00:00:01 |
|*  1 |  FILTER            |      |       |       |            |          |
|   2 |   TABLE ACCESS FULL| EMP  |    14 |   532 |     3   (0)| 00:00:01 |
|*  3 |   TABLE ACCESS FULL| EMP  |     2 |     8 |     2   (0)| 00:00:01 |
---------------------------------------------------------------------------

Predicate Information (identified by operation id):
---------------------------------------------------
   1 - filter( NOT EXISTS (SELECT 0 FROM "EMP" "EMP" WHERE "MGR" IS NOT
              NULL AND LNNVL("MGR"<>:B1)))
   3 - filter("MGR" IS NOT NULL AND LNNVL("MGR"<>:B1))

```
   
下面测试只有子查询中有NULL值

```sql

SQL> set autot trace exp
SQL> alter session set "_optimizer_null_aware_antijoin"=true;
Session altered.
SQL> select * from emp where mgr not in (select mgr from emp) and mgr is not null;

Execution Plan
----------------------------------------------------------
Plan hash value: 4002838083
---------------------------------------------------------------------------
| Id  | Operation          | Name | Rows  | Bytes | Cost (%CPU)| Time     |
---------------------------------------------------------------------------
|   0 | SELECT STATEMENT   |      |     1 |    42 |     6   (0)| 00:00:01 |
|*  1 |  HASH JOIN ANTI NA |      |     1 |    42 |     6   (0)| 00:00:01 |
|*  2 |   TABLE ACCESS FULL| EMP  |    13 |   494 |     3   (0)| 00:00:01 |
|   3 |   TABLE ACCESS FULL| EMP  |    14 |    56 |     3   (0)| 00:00:01 |
---------------------------------------------------------------------------

Predicate Information (identified by operation id):
---------------------------------------------------
   1 - access("MGR"="MGR")
   2 - filter("MGR" IS NOT NULL)
   
SQL> alter session set "_optimizer_null_aware_antijoin"=false;
Session altered.
SQL> select * from emp where mgr not in (select mgr from emp) and mgr is not null;

Execution Plan
----------------------------------------------------------
Plan hash value: 2561671593
---------------------------------------------------------------------------
| Id  | Operation          | Name | Rows  | Bytes | Cost (%CPU)| Time     |
---------------------------------------------------------------------------
|   0 | SELECT STATEMENT   |      |    11 |   418 |    21   (0)| 00:00:01 |
|*  1 |  FILTER            |      |       |       |            |          |
|*  2 |   TABLE ACCESS FULL| EMP  |    13 |   494 |     3   (0)| 00:00:01 |
|*  3 |   TABLE ACCESS FULL| EMP  |     3 |    12 |     3   (0)| 00:00:01 |
---------------------------------------------------------------------------

Predicate Information (identified by operation id):
---------------------------------------------------
   1 - filter( NOT EXISTS (SELECT 0 FROM "EMP" "EMP" WHERE
              LNNVL("MGR"<>:B1)))
   2 - filter("MGR" IS NOT NULL)
   3 - filter(LNNVL("MGR"<>:B1))

```
   
下面测试主查询和子查询都不含NULL值：

```sql

SQL> alter session set "_optimizer_null_aware_antijoin"=true;
Session altered.
SQL> select * from emp where mgr not in (select mgr from emp where mgr is not null) and mgr is not null;

Execution Plan
----------------------------------------------------------
Plan hash value: 3353202012
---------------------------------------------------------------------------
| Id  | Operation          | Name | Rows  | Bytes | Cost (%CPU)| Time     |
---------------------------------------------------------------------------
|   0 | SELECT STATEMENT   |      |     1 |    42 |     6   (0)| 00:00:01 |
|*  1 |  HASH JOIN ANTI    |      |     1 |    42 |     6   (0)| 00:00:01 |
|*  2 |   TABLE ACCESS FULL| EMP  |    13 |   494 |     3   (0)| 00:00:01 |
|*  3 |   TABLE ACCESS FULL| EMP  |    13 |    52 |     3   (0)| 00:00:01 |
---------------------------------------------------------------------------
Predicate Information (identified by operation id):
---------------------------------------------------
   1 - access("MGR"="MGR")
   2 - filter("MGR" IS NOT NULL)
   3 - filter("MGR" IS NOT NULL)
   
SQL> alter session set "_optimizer_null_aware_antijoin"=false;
Session altered.
SQL> select * from emp where mgr not in (select mgr from emp where mgr is not null) and mgr is not null;

Execution Plan
----------------------------------------------------------
Plan hash value: 3353202012
---------------------------------------------------------------------------
| Id  | Operation          | Name | Rows  | Bytes | Cost (%CPU)| Time     |
---------------------------------------------------------------------------
|   0 | SELECT STATEMENT   |      |     1 |    42 |     6   (0)| 00:00:01 |
|*  1 |  HASH JOIN ANTI    |      |     1 |    42 |     6   (0)| 00:00:01 |
|*  2 |   TABLE ACCESS FULL| EMP  |    13 |   494 |     3   (0)| 00:00:01 |
|*  3 |   TABLE ACCESS FULL| EMP  |    13 |    52 |     3   (0)| 00:00:01 |
---------------------------------------------------------------------------

Predicate Information (identified by operation id):
---------------------------------------------------
   1 - access("MGR"="MGR")
   2 - filter("MGR" IS NOT NULL)
   3 - filter("MGR" IS NOT NULL)
   
```
   
如上测试，当主查询和子查询中有一个以上存在NULL值的时候，在特性启用的时候，执行计划会走 HASH JOIN ANTI NA或HASH JOIN ANTI SNA，不启用则会有FILTER。


![小w](https://wx2.sinaimg.cn/mw1024/891ecf4fly1fr361nvrcnj207w07sad7.jpg)

###### 博文内容为小w原创，部分内容引用自官方资料，如转载请注明出处。^_^

###### 感谢关注w的小站，本小站将不定期(完全看心情～)更新分享技术知识，欢迎阅读，网址：www.itwwb.com
