---
layout: post
title: 其他HINT（三）
date: 2015-08-21
categories: oracle优化
tags: [oracle优化]
description: 优化基础。
---

经过前面的一系列博文，对于ORACLE的HINT常用的基本HINT有了大体的了解，下面介绍一些其他种类的HINT，由于比较多，可能会慢慢更新，大概四五篇会写完吧，看情况，嘿嘿~

此篇博文是系列第三篇，主要介绍DYNAMIC_SAMPLING、MONITOR、NO_MONITOR和OPT_PARAM ~

## DYNAMIC_SAMPLING 

![dynamic_sampling](https://docs.oracle.com/cd/E11882_01/server.112/e41084/img/dynamic_sampling_hint.gif)

DYNAMIC_SAMPLING通知优化器如何通过确定表和索引的更准确的谓词选择性和统计信息的方式来控制动态采样以提高服务性能。
integer值为0到10，表示采样度。

你可以将DYNAMIC_SAMPLING的值设置为0到10。设置的等级越高，编译器就更努力更深入的进行动态采用。除非你指定tablespec，否则默认采样是cursor级别（游标级别，语句级别）


如果表的基数统计信息已经存在了，那么优化器就使用它。否则，优化器就使用动态采样预估基数统计信息。

如果指定了tablespec而且基数统计信息已经存在，那么：
   如果没有单独表的谓词（一个WHERE子句只评估一个表），那么优化器相信已经存在的统计信息而忽略hint，例如，下面的查询中如果employees表已经分析过了那么将不会进行动态采样。
   
```sql

SQL> conn hr/hr           
Connected.
SQL> set lines 300 pages 1000
SQL> set autot trace exp 
SQL> SELECT /*+ DYNAMIC_SAMPLING(e 1) */ count(*)
  2    FROM employees e;
 
Execution Plan
----------------------------------------------------------
Plan hash value: 3580537945
 
-------------------------------------------------------------------------
| Id  | Operation        | Name         | Rows  | Cost (%CPU)| Time     |
-------------------------------------------------------------------------
|   0 | SELECT STATEMENT |              |     1 |     1   (0)| 00:00:01 |
|   1 |  SORT AGGREGATE  |              |     1 |            |          |
|   2 |   INDEX FULL SCAN| EMP_EMAIL_UK |   107 |     1   (0)| 00:00:01 |
-------------------------------------------------------------------------

```

由于表employees已经有统计信息了，所以hint被忽略了。没有出现动态采样字样。


   如果有单表的谓词，那么优化器使用现有的基数统计信息并使用现有的统计信息来估计谓词的选择性。

想要对某个指定的表使用动态采样，使用如下的hint：

```sql

SELECT /*+ DYNAMIC_SAMPLING(employees 1) */ *
  FROM employees
  WHERE ...
```
  
测试发现，在给指定单表指定动态采样的数值的时候：
1.如果单表没有统计信息，就会进行动态采用，但是采样的level是根据初始化参数optimizer_dynamic_sampling的数值来的。
2.如果单表有统计信息，当where后面没有单表的谓词，就不会进行动态采用；当where后面有一个单表的谓词，会进行动态采样，但是采样的level是根据初始化参数optimizer_dynamic_sampling的数值来的。
测试如下，employees表有统计信息，而emp01没有统计信息：

```sql

SQL> alter session set optimizer_dynamic_sampling=1;
 
Session altered.
 
SQL> set autot trace exp
SQL> SELECT /*+ DYNAMIC_SAMPLING(emp01 4) */ *
  2    FROM emp01;
 
Execution Plan
----------------------------------------------------------
Plan hash value: 2941710975
 
---------------------------------------------------------------------------
| Id  | Operation         | Name  | Rows  | Bytes | Cost (%CPU)| Time     |
---------------------------------------------------------------------------
|   0 | SELECT STATEMENT  |       |   107 | 14231 |     3   (0)| 00:00:01 |
|   1 |  TABLE ACCESS FULL| EMP01 |   107 | 14231 |     3   (0)| 00:00:01 |
---------------------------------------------------------------------------
 
Note
-----
   - dynamic sampling used for this statement (level=1)
 
SQL> SELECT /*+ DYNAMIC_SAMPLING(emp01 4) */ *
  2    FROM emp01
  3    WHERE employee_id<1000;
 
Execution Plan
----------------------------------------------------------
Plan hash value: 2941710975
 
---------------------------------------------------------------------------
| Id  | Operation         | Name  | Rows  | Bytes | Cost (%CPU)| Time     |
---------------------------------------------------------------------------
|   0 | SELECT STATEMENT  |       |   107 | 14231 |     3   (0)| 00:00:01 |
|*  1 |  TABLE ACCESS FULL| EMP01 |   107 | 14231 |     3   (0)| 00:00:01 |
---------------------------------------------------------------------------
 
Predicate Information (identified by operation id):
---------------------------------------------------
 
   1 - filter("EMPLOYEE_ID"<1000)
 
Note
-----
   - dynamic sampling used for this statement (level=1)
 
SQL> SELECT /*+ DYNAMIC_SAMPLING(employees 3) */ *
  2    FROM employees;
 
Execution Plan
----------------------------------------------------------
Plan hash value: 1445457117
 
-------------------------------------------------------------------------------
| Id  | Operation         | Name      | Rows  | Bytes | Cost (%CPU)| Time     |
-------------------------------------------------------------------------------
|   0 | SELECT STATEMENT  |           |   107 |  7383 |     3   (0)| 00:00:01 |
|   1 |  TABLE ACCESS FULL| EMPLOYEES |   107 |  7383 |     3   (0)| 00:00:01 |
-------------------------------------------------------------------------------
 
SQL> SELECT /*+ DYNAMIC_SAMPLING(employees 4) */ *
  2    FROM employees
  3    WHERE employee_id<1000;
 
Execution Plan
----------------------------------------------------------
Plan hash value: 1445457117
 
-------------------------------------------------------------------------------
| Id  | Operation         | Name      | Rows  | Bytes | Cost (%CPU)| Time     |
-------------------------------------------------------------------------------
|   0 | SELECT STATEMENT  |           |   107 |  7383 |     3   (0)| 00:00:01 |
|*  1 |  TABLE ACCESS FULL| EMPLOYEES |   107 |  7383 |     3   (0)| 00:00:01 |
-------------------------------------------------------------------------------
 
Predicate Information (identified by operation id):
---------------------------------------------------
 
   1 - filter("EMPLOYEE_ID"<1000)
 
Note
-----
   - dynamic sampling used for this statement (level=1)

```
   
当不指定表名时，则进行语句级别的动态采样，那么如果表都有统计信息，就不会进行采样；如果其中有些表没有统计信息，则会进行动态采样，而且采样的level是覆盖初始化参数optimizer_dynamic_sampling的，测试如下（只有表emp01没有统计信息）：

```sql

SQL> alter session set optimizer_dynamic_sampling=2;
 
Session altered.
 
SQL> SELECT /*+ DYNAMIC_SAMPLING(4) */ *
  2    FROM employees;
 
Execution Plan
----------------------------------------------------------
Plan hash value: 1445457117
 
-------------------------------------------------------------------------------
| Id  | Operation         | Name      | Rows  | Bytes | Cost (%CPU)| Time     |
-------------------------------------------------------------------------------
|   0 | SELECT STATEMENT  |           |   107 |  7383 |     3   (0)| 00:00:01 |
|   1 |  TABLE ACCESS FULL| EMPLOYEES |   107 |  7383 |     3   (0)| 00:00:01 |
-------------------------------------------------------------------------------
 
SQL> SELECT /*+ DYNAMIC_SAMPLING(4) */ *
  2    FROM employees
  3    WHERE employee_id<1000;
 
Execution Plan
----------------------------------------------------------
Plan hash value: 1445457117
 
-------------------------------------------------------------------------------
| Id  | Operation         | Name      | Rows  | Bytes | Cost (%CPU)| Time     |
-------------------------------------------------------------------------------
|   0 | SELECT STATEMENT  |           |   107 |  7383 |     3   (0)| 00:00:01 |
|*  1 |  TABLE ACCESS FULL| EMPLOYEES |   107 |  7383 |     3   (0)| 00:00:01 |
-------------------------------------------------------------------------------
 
Predicate Information (identified by operation id):
---------------------------------------------------
 
   1 - filter("EMPLOYEE_ID"<1000)
 
SQL> SELECT /*+ DYNAMIC_SAMPLING(4) */ *
  FROM emp01;
  2  
Execution Plan
----------------------------------------------------------
Plan hash value: 2941710975
 
---------------------------------------------------------------------------
| Id  | Operation         | Name  | Rows  | Bytes | Cost (%CPU)| Time     |
---------------------------------------------------------------------------
|   0 | SELECT STATEMENT  |       |   107 | 14231 |     3   (0)| 00:00:01 |
|   1 |  TABLE ACCESS FULL| EMP01 |   107 | 14231 |     3   (0)| 00:00:01 |
---------------------------------------------------------------------------
 
Note
-----
   - dynamic sampling used for this statement (level=4)
 
SQL> SELECT /*+ DYNAMIC_SAMPLING(4) */ *
  2    FROM emp01
  3    WHERE employee_id<1000;
 
Execution Plan
----------------------------------------------------------
Plan hash value: 2941710975
 
---------------------------------------------------------------------------
| Id  | Operation         | Name  | Rows  | Bytes | Cost (%CPU)| Time     |
---------------------------------------------------------------------------
|   0 | SELECT STATEMENT  |       |   107 | 14231 |     3   (0)| 00:00:01 |
|*  1 |  TABLE ACCESS FULL| EMP01 |   107 | 14231 |     3   (0)| 00:00:01 |
---------------------------------------------------------------------------
 
Predicate Information (identified by operation id):
---------------------------------------------------
 
   1 - filter("EMPLOYEE_ID"<1000)
 
Note
-----
   - dynamic sampling used for this statement (level=4)
 
SQL> SELECT   /*+ DYNAMIC_SAMPLING(4) */* FROM hr.emp01 , hr.departments
  2    WHERE emp01.department_id = departments.department_id;
 
Execution Plan
----------------------------------------------------------
Plan hash value: 328773421
 
--------------------------------------------------------------------------------------------
| Id  | Operation                    | Name        | Rows  | Bytes | Cost (%CPU)| Time     |
--------------------------------------------------------------------------------------------
|   0 | SELECT STATEMENT             |             |   106 | 16324 |     6  (17)| 00:00:01 |
|   1 |  MERGE JOIN                  |             |   106 | 16324 |     6  (17)| 00:00:01 |
|   2 |   TABLE ACCESS BY INDEX ROWID| DEPARTMENTS |    27 |   567 |     2   (0)| 00:00:01 |
|   3 |    INDEX FULL SCAN           | DEPT_ID_PK  |    27 |       |     1   (0)| 00:00:01 |
|*  4 |   SORT JOIN                  |             |   107 | 14231 |     4  (25)| 00:00:01 |
|   5 |    TABLE ACCESS FULL         | EMP01       |   107 | 14231 |     3   (0)| 00:00:01 |
--------------------------------------------------------------------------------------------
 
Predicate Information (identified by operation id):
---------------------------------------------------
 
   4 - access("EMP01"."DEPARTMENT_ID"="DEPARTMENTS"."DEPARTMENT_ID")
       filter("EMP01"."DEPARTMENT_ID"="DEPARTMENTS"."DEPARTMENT_ID")
 
Note
-----
   - dynamic sampling used for this statement (level=4)

```




## MONITOR 

![monitor](https://docs.oracle.com/cd/E11882_01/server.112/e41084/img/monitor_hint.gif)

MONIOTR强制为查询使用实时SQL监控，即使语句没有长时间运行。这个hint只在参数CONTROL_MANAGEMENT_PACK_ACCESS设置为DIAGNOSTIC+TUNING时才会有效。

```sql

SQL> show parameter control_management
 
NAME                                 TYPE        VALUE
------------------------------------ ----------- ------------------------------
control_management_pack_access       string      DIAGNOSTIC+TUNING

```

注意，这个参数只在11g以上才有，10205之前没有这个参数，关于这个HINT这里就不测试了，知道就好。


## NO_MONITOR

![nomonitor](https://docs.oracle.com/cd/E11882_01/server.112/e41084/img/no_monitor_hint.gif)

NO_MONITOR为查询禁用实时的SQL监控，即使查询长期运行。

## OPT_PARAM 

![optpara](https://docs.oracle.com/cd/E11882_01/server.112/e41084/img/opt_param_hint.gif)

OPT_PARAM可以让你只在当前查询运行期间设置一个初始化参数。这个hint只为下列的参数生效：OPTIMIZER_DYNAMIC_SAMPLING, OPTIMIZER_INDEX_CACHING, OPTIMIZER_INDEX_COST_ADJ, OPTIMIZER_SECURE_VIEW_MERGING, 以及 STAR_TRANSFORMATION_ENABLED。这个是在11Gr2版本的官当文档中写的，其他参数是否生效，可以自行测试，嘿嘿~

例如，下面的hint为添加这个hint的语句设置STAR_TRANSFORMATION_ENABLED 为TRUE 。q

```sql

SELECT /*+ OPT_PARAM('star_transformation_enabled' 'true') */ *
  FROM ... ;
  
```

字符型的参数值要用单引号扩上，数字型的参数值可以不用加引号。



![小w](https://wx2.sinaimg.cn/mw1024/891ecf4fly1fr361nvrcnj207w07sad7.jpg)

###### 博文内容为小w原创，部分内容引用自官方资料，如转载请注明出处。^_^

###### 感谢关注w的小站，本小站将不定期(完全看心情～)更新分享技术知识，欢迎阅读，网址：www.itwwb.com
