---
layout: post
title: 访问路径的HINT（上）
date: 2015-3-6
categories: oracle优化
tags: [oracle优化,oracle基础知识]
description: 优化基础。
---
 
访问路径的HINT比较多，分为三个部分进行介绍，这里是第一部分，博文中只列出OLTP中常用的HINT，类似cluster、hash等很少使用的HINT将不进行讲解，感兴趣的请自行google，嘿嘿...

## 访问路径的HINT（上）

### FULL

![full](https://docs.oracle.com/cd/E11882_01/server.112/e41084/img/full_hint.gif)

FULL这个HINT会通知优化器对指定的表执行全表扫描，例如：

```sql
SELECT /*+ FULL(e) */ employee_id, last_name
  FROM hr.employees e
  WHERE last_name LIKE :b1;
  
PLAN_TABLE_OUTPUT
---------------------------------------------------------
Plan hash value: 1445457117

-------------------------------------------------------------------------------
| Id  | Operation         | Name      | Rows  | Bytes | Cost (%CPU)| Time     |
-------------------------------------------------------------------------------
|   0 | SELECT STATEMENT  |           |     5 |    60 |     3   (0)| 00:00:01 |
|*  1 |  TABLE ACCESS FULL| EMPLOYEES |     5 |    60 |     3   (0)| 00:00:01 |
-------------------------------------------------------------------------------

Predicate Information (identified by operation id):
---------------------------------------------------

   1 - filter("LAST_NAME" LIKE :B1)
```

即使在WHERE字句中的last_name条件列上有一个可用索引，Oracle数据库依然会以全表扫描的方式扫描employees表来执行语句。

employees表在FROM字句中有个表名e，所以hint必须引用这个表的别名而不是它本来的表名。即使在WHERE字句中出现了schema的名字，也不要在hint中指定。

### INDEX
这个HINT应该算是最常用的HINT之一了。

![index](https://docs.oracle.com/cd/E11882_01/server.112/e41084/img/index_hint.gif)
 
INDEX通知优化器对指定的表进行索引扫描。你可以在函数、域、b-tree、位图以及位图组合索引上用INDEX这个HINT进行指定。
hint的行为取决于indexspec规范：
如果INDEX的hint指定了单独的一个可用的索引，那么数据库会在这个索引上扫描，优化器不会考虑全表扫描或是表中其他索引的扫描。（例如 /\*+index（a idx1）\*/，优化器会考虑使用a表上的索引idx1进行扫描，除非这个HINT被忽略） 

对于在多个索引的组合上的hint，oracle建议使用INDEX_COMBINE（后面会说到）而不是INDEX，因为他是一个更全面的hint。如果INDEX指定了一列可用索引，那么优化器会考虑扫描列表中每个索引的成本，然后执行最低成本消耗的索引扫描，这便是oracle优化器的CBO模式，基于成本评估来生成执行计划。如果扫描里表中的多个索引然后合并结果集的这种访问路径可以带来最低的成本，数据库同样会选择这种方式进行扫描。oracle数据库不会考虑全表扫描以及没有在hint中的索引列表中出现的索引。（可以这么写：/\*+index（a  idx1 idx2 idx2）\*/）
如果INDEX没有指定索引，那么优化器会考虑这个表上所有可用的索引的扫描成本然后选择最低成本的索引进行扫描。如果扫描里表中的多个索引然后合并结果集的这种访问路径可以带来最低的成本，数据库同样会选择这种方式进行扫描。优化器不会考虑全表扫描方式。（即：/\*+index（a）\*/）
 
例如 ：

```sql
SELECT /*+ INDEX (employees emp_department_ix)*/ employee_id, department_id
  FROM employees
  WHERE department_id > 50;
  
Execution Plan
----------------------------------------------------------
Plan hash value: 2056577954

-------------------------------------------------------------------------------------------------
| Id  | Operation                   | Name              | Rows  | Bytes | Cost (%CPU)| Time     |
-------------------------------------------------------------------------------------------------
|   0 | SELECT STATEMENT            |                   |    50 |   350 |     5   (0)| 00:00:01 |
|   1 |  TABLE ACCESS BY INDEX ROWID| EMPLOYEES         |    50 |   350 |     5   (0)| 00:00:01 |
|*  2 |   INDEX RANGE SCAN          | EMP_DEPARTMENT_IX |    50 |       |     1   (0)| 00:00:01 |
-------------------------------------------------------------------------------------------------

Predicate Information (identified by operation id):
---------------------------------------------------

   2 - access("DEPARTMENT_ID">50)  
```
 
 
### NO_INDEX

![no_index](https://docs.oracle.com/cd/E11882_01/server.112/e41084/img/no_index_hint.gif)

NO_INDEX通知优化器不要用指定表中的一个或者多个索引，例如：
在不添加hint的情况，走的是索引范围扫描，扫描的是EMP_EMP_ID_PK索引

```sql
SELECT employee_id
  FROM employees
  WHERE employee_id > 200;
  
Execution Plan
----------------------------------------------------------
Plan hash value: 418591270

----------------------------------------------------------------------------------
| Id  | Operation        | Name          | Rows  | Bytes | Cost (%CPU)| Time     |
----------------------------------------------------------------------------------
|   0 | SELECT STATEMENT |               |     6 |    24 |     1   (0)| 00:00:01 |
|*  1 |  INDEX RANGE SCAN| EMP_EMP_ID_PK |     6 |    24 |     1   (0)| 00:00:01 |
----------------------------------------------------------------------------------

Predicate Information (identified by operation id):
---------------------------------------------------

   1 - access("EMPLOYEE_ID">200)


Statistics
----------------------------------------------------------
         74  recursive calls
          0  db block gets
        110  consistent gets
          0  physical reads
          0  redo size
        621  bytes sent via SQL*Net to client
        523  bytes received via SQL*Net from client
          2  SQL*Net roundtrips to/from client
          6  sorts (memory)
          0  sorts (disk)
          6  rows processed  
```

下面添加NO_INDEX这个hint，由于hint中指定不要采用表中EMP_EMP_ID_PK索引，所以oracle优化器选择了全表扫描方式，尽管这种方式的成本高于索引扫描。

```sql
SELECT /*+ NO_INDEX(employees EMP_EMP_ID_PK) */ employee_id
  FROM employees
  WHERE employee_id > 200;
  
Execution Plan
----------------------------------------------------------
Plan hash value: 1445457117

-------------------------------------------------------------------------------
| Id  | Operation         | Name      | Rows  | Bytes | Cost (%CPU)| Time     |
-------------------------------------------------------------------------------
|   0 | SELECT STATEMENT  |           |     6 |    24 |     3   (0)| 00:00:01 |
|*  1 |  TABLE ACCESS FULL| EMPLOYEES |     6 |    24 |     3   (0)| 00:00:01 |
-------------------------------------------------------------------------------

Predicate Information (identified by operation id):
---------------------------------------------------

   1 - filter("EMPLOYEE_ID">200)


Statistics
----------------------------------------------------------
          1  recursive calls
          0  db block gets
        197  consistent gets
          1  physical reads
          0  redo size
        621  bytes sent via SQL*Net to client
        523  bytes received via SQL*Net from client
          2  SQL*Net roundtrips to/from client
          0  sorts (memory)
          0  sorts (disk)
          6  rows processed
```
 
需要注意的是，这个NO_INDEX中的每个参数的含义和INDEX中的参数是相同的，只是有如下的改动：

- 如果hint中指定了一个单独可用的索引，那么优化器不会考虑扫描这个索引，其他没有指定的索引依然在考虑范围内。
- 如果这个hint指定了一个可用索引的列表，那么优化器不会考虑扫描指定的这些索引中的任何一个。其他没有在列表中指定的索引依然在考虑范围内。
- 如果这个hint没有指定索引，那么优化器不会考虑扫描这个表上的任何一个索引。这和用NO_INDEX指定表中全部可用的索引是相同的效果。

NO_INDEX可以应用在函数、b-tree、位图、聚簇、域索引上。如果NO_INDEX和一个索引的hint（例如：INDEX, INDEX_ASC, INDEX_DESC, INDEX_COMBINE或INDEX_FFS，后面文章会介绍到）同时指定相同的索引，那么数据库忽略NO_INDEX和另一个指定索引的hint，然后在整个运行语句的过程中都会考虑采用这些索引，即符合hint被忽略的条件，两个hint发生冲突，数据库就会忽略掉冲突的两个hint，例如： 

```sql
SELECT /*+ NO_INDEX(employees EMP_EMP_ID_PK) index(employees EMP_EMP_ID_PK)*/ employee_id
  FROM employees
  WHERE employee_id > 200;
```
 
上面的sql语句中指定了2个相互冲突的hint（/\*+ NO_INDEX(employees EMP_EMP_ID_PK) index(employees EMP_EMP_ID_PK)\*/），oracle将两个都忽略掉了，然后自己考虑选择成本最低的扫描方法，执行计划如下：
 
 ```sql
 Execution Plan
----------------------------------------------------------
Plan hash value: 1445457117

-------------------------------------------------------------------------------
| Id  | Operation         | Name      | Rows  | Bytes | Cost (%CPU)| Time     |
-------------------------------------------------------------------------------
|   0 | SELECT STATEMENT  |           |     6 |    24 |     3   (0)| 00:00:01 |
|*  1 |  TABLE ACCESS FULL| EMPLOYEES |     6 |    24 |     3   (0)| 00:00:01 |
-------------------------------------------------------------------------------

Predicate Information (identified by operation id):
---------------------------------------------------

   1 - filter("EMPLOYEE_ID">200)
 ```
 
 如上，oracle优化器采用了全表扫描的方式的执行计划进行sql语句的执行。
 
### To be continued...

![小w](https://wx2.sinaimg.cn/mw1024/891ecf4fly1fr361nvrcnj207w07sad7.jpg)
###### 博文内容为小w原创，部分引用自官方文档，如转载请注明出处。^_^
###### 感谢关注w的小站，本小站将不定期(完全看心情～)更新分享技术知识，欢迎阅读，网址：www.itwwb.com
