---
layout: post
title: 其他HINT（五）
date: 2015-09-11
categories: oracle优化
tags: [oracle优化]
description: 优化基础。
---

经过前面的一系列博文，对于ORACLE的HINT常用的基本HINT有了大体的了解，下面介绍一些其他种类的HINT，由于比较多，可能会慢慢更新，之前预计五篇之内写完，不过为了保证质量,而且最近比较忙，所以还是多写几篇吧，嘿嘿~

此篇博文是系列第五篇，主要介绍PUSH_PRED和NO_PUSH_PRED ~


## PUSH_SUBQ 

![push_subq](https://docs.oracle.com/cd/E11882_01/server.112/e41084/img/push_subq_hint.gif)

PUSH_SUBQ通知优化器将执行计划中不能合并的子查询放在尽早的步骤进行评估运算。一般情况下，不能合并的子查询会在执行计划的最后一步执行。如果子查询的成本相对低些而且行数会明显减少，那么早些处理子查询可以提升性能。

如果子查询是应用到一个远程表或者是合并连接中的一个，那么这个hint是没有作用的。

测试如下（基于11gr2）：

```sql

grant dba to wwb identified by wwb;
conn wwb/wwb
create table w1 as select * from dba_objects;
create table w2 as select * from dba_objects;
create table w3 as select * from dba_objects;
create table w4 as select * from dba_objects;
create index w3idx on w3(object_id);

exec dbms_stats.gather_schema_stats('wwb');

set lines 300 pages 1000
set autot trace exp
 
 select w1.object_name 
  from w1,w2,w4
  where w1.object_name like '%s%'
  and w1.object_id+w2.object_id<5010
  and w4.object_type=w1.object_type
  and 147 in
  (SELECT w3.object_id FROM w3 WHERE w3.object_id=w1.object_id);
 
 
Execution Plan
----------------------------------------------------------
Plan hash value: 342615306
 
--------------------------------------------------------------------------------------
| Id  | Operation            | Name  | Rows  | Bytes |TempSpc| Cost (%CPU)| Time     |
--------------------------------------------------------------------------------------
|   0 | SELECT STATEMENT     |       | 13297 |   688K|       |   863M  (1)|999:59:59 |
|*  1 |  FILTER              |       |       |       |       |            |          |
|*  2 |   HASH JOIN          |       |  1007M|    49G|  1560K|  1144K  (1)| 03:49:00 |
|   3 |    TABLE ACCESS FULL | W4    | 75772 |   665K|       |   302   (1)| 00:00:04 |
|   4 |    NESTED LOOPS      |       |   598K|    25M|       |  1138K  (1)| 03:47:39 |
|*  5 |     TABLE ACCESS FULL| W1    |  3788 |   144K|       |   303   (1)| 00:00:04 |
|*  6 |     TABLE ACCESS FULL| W2    |   158 |   790 |       |   300   (1)| 00:00:04 |
|*  7 |   FILTER             |       |       |       |       |            |          |
|*  8 |    INDEX RANGE SCAN  | W3IDX |     1 |     5 |       |     1   (0)| 00:00:01 |
--------------------------------------------------------------------------------------
 
Predicate Information (identified by operation id):
---------------------------------------------------
 
   1 - filter( EXISTS (SELECT 0 FROM "W3" "W3" WHERE 147=:B1 AND
              "W3"."OBJECT_ID"=147))
   2 - access("W4"."OBJECT_TYPE"="W1"."OBJECT_TYPE")
   5 - filter("W1"."OBJECT_NAME" LIKE '%s%' AND "W1"."OBJECT_NAME" IS NOT
              NULL)
   6 - filter("W1"."OBJECT_ID"+"W2"."OBJECT_ID"<5010)
   7 - filter(147=:B1)
   8 - access("W3"."OBJECT_ID"=147)
   
```   
   
如上执行计划，如果sql先通过子查询将w1和w3进行join，会返回一行，或者没有行。这样过滤的数据是最快的，但是执行计划中却先将w1和w2进行join，然后在和w4进行join，最后才用w3和w1的那个子查询进行过滤。这明显是个很糟的执行计划，注意ID=1的地方，出现了filter，filte的算法类似NL，只不过不计算重复的行。
那下面添加PUSH_SUBQ这个hint，让oracle最先处理子查询：

```sql

SQL> select /*+push_subq(@q1)*/w1.object_name from
  2  w1,w2,w4
  3  where w1.object_name like '%s%'
  4  and w1.object_id+w2.object_id<5010
  5  and w4.object_type=w1.object_type
  6  and 147 in
  7  (SELECT /*+qb_name(q1)*/w3.object_id FROM w3 WHERE w3.object_id=w1.object_id);
 
Execution Plan
----------------------------------------------------------
Plan hash value: 1914371824
 
--------------------------------------------------------------------------------------
| Id  | Operation            | Name  | Rows  | Bytes |TempSpc| Cost (%CPU)| Time     |
--------------------------------------------------------------------------------------
|   0 | SELECT STATEMENT     |       |    50M|  2546M|       | 57780   (1)| 00:11:34 |
|*  1 |  HASH JOIN           |       |    50M|  2546M|  1560K| 57779   (1)| 00:11:34 |
|   2 |   TABLE ACCESS FULL  | W4    | 75772 |   665K|       |   302   (1)| 00:00:04 |
|   3 |   NESTED LOOPS       |       | 29917 |  1285K|       | 57080   (1)| 00:11:25 |
|*  4 |    TABLE ACCESS FULL | W1    |   189 |  7371 |       |   302   (1)| 00:00:04 |
|*  5 |     FILTER           |       |       |       |       |            |          |
|*  6 |      INDEX RANGE SCAN| W3IDX |     1 |     5 |       |     1   (0)| 00:00:01 |
|*  7 |    TABLE ACCESS FULL | W2    |   158 |   790 |       |   300   (1)| 00:00:04 |
--------------------------------------------------------------------------------------
 
Predicate Information (identified by operation id):
---------------------------------------------------
 
   1 - access("W4"."OBJECT_TYPE"="W1"."OBJECT_TYPE")
   4 - filter("W1"."OBJECT_NAME" LIKE '%s%' AND "W1"."OBJECT_NAME" IS NOT
              NULL AND  EXISTS (SELECT /*+ PUSH_SUBQ QB_NAME ("Q1") */ 0 FROM "W3" "W3"
              WHERE 147=:B1 AND "W3"."OBJECT_ID"=147))
   5 - filter(147=:B1)
   6 - access("W3"."OBJECT_ID"=147)
   7 - filter("W1"."OBJECT_ID"+"W2"."OBJECT_ID"<5010)
   
```
   
如上，oracle先将w3过滤之后（ID=6），然后w1进行过滤（ID=4），之后得到的结果集再依次与w2和w4进行关联。


## NO_PUSH_SUBQ 

![no_push_subq](https://docs.oracle.com/cd/E11882_01/server.112/e41084/img/no_push_subq_hint.gif)

NO_PUSH_SUBQ通知优化器将不可合并的子查询作为执行计划中的最后一个步骤去评估。这样做如果子查询成本相当高或者不会明显减少行数的话，会提升性能。
具体的实验就不做了，感兴趣的可以模仿上面PUSH_SUBQ来做一个。

**注意：PUSH_SUBQ和NO_PUSH_SUBQ可以看成是决定子查询执行顺序的一组hint。**



### To be continued...


![小w](https://wx2.sinaimg.cn/mw1024/891ecf4fly1fr361nvrcnj207w07sad7.jpg)

###### 博文内容为小w原创，部分内容引用自官方资料，如转载请注明出处。^_^

###### 感谢关注w的小站，本小站将不定期(完全看心情～)更新分享技术知识，欢迎阅读，网址：www.itwwb.com



